
(21:08:55) Person=万清甫 Item=message Test=1
(21:08:55) 判错理由：Runtime-Error.
(21:08:55) 程序返回值：101
(21:08:55) 程序返回信息：


(21:08:55) Person=万清甫 Item=message Test=2
(21:08:56) 判错理由：Runtime-Error.
(21:08:56) 程序返回值：101
(21:08:56) 程序返回信息：


(21:08:56) Person=万清甫 Item=message Test=3
(21:08:56) 判错理由：Runtime-Error.
(21:08:56) 程序返回值：101
(21:08:56) 程序返回信息：


(21:08:56) Person=万清甫 Item=message Test=4
(21:08:56) 判错理由：Runtime-Error.
(21:08:56) 程序返回值：101
(21:08:56) 程序返回信息：


(21:08:57) Person=万清甫 Item=message Test=5
(21:08:57) 判错理由：运行超时。
(21:08:57) 程序返回值：259
(21:08:57) 程序返回信息：
运行超时。


(21:08:58) Person=万清甫 Item=message Test=6
(21:08:58) 判错理由：运行超时。
(21:08:58) 程序返回值：259
(21:08:58) 程序返回信息：
运行超时。


(21:08:59) Person=万清甫 Item=message Test=7
(21:08:59) 判错理由：运行超时。
(21:08:59) 程序返回值：259
(21:08:59) 程序返回信息：
运行超时。


(21:09:00) Person=万清甫 Item=message Test=8
(21:09:00) 判错理由：运行超时。
(21:09:00) 程序返回值：259
(21:09:00) 程序返回信息：
运行超时。


(21:09:01) Person=万清甫 Item=message Test=9
(21:09:01) 判错理由：运行超时。
(21:09:01) 程序返回值：259
(21:09:01) 程序返回信息：
运行超时。


(21:09:02) Person=万清甫 Item=message Test=10
(21:09:02) 判错理由：运行超时。
(21:09:02) 程序返回值：259
(21:09:02) 程序返回信息：
运行超时。


(21:09:03) Person=万清甫 Item=car Test=9
(21:09:03) 判错理由：输出与答案不同。
(21:09:03) 详细信息：
发现不同：
****car.out
...143.86
...
****car.ans
...116.65
...
****

(21:09:03) Person=万清甫 Item=best
(21:09:03) 判错理由：未找到有效的源文件。

(21:09:03) Person=刘敞 Item=tree Test=2
(21:09:03) 判错理由：输出与答案不同。
(21:09:03) 详细信息：
发现不同：
****tree.out
...445757
...
****tree.ans
...460897
...
****

(21:09:03) Person=刘敞 Item=tree Test=4
(21:09:03) 判错理由：输出与答案不同。
(21:09:03) 详细信息：
发现不同：
****tree.out
...14
...
****tree.ans
...39
...
****

(21:09:03) Person=刘敞 Item=tree Test=5
(21:09:03) 判错理由：输出与答案不同。
(21:09:03) 详细信息：
发现不同：
****tree.out
...757
...
****tree.ans
...9999
...
****

(21:09:03) Person=刘敞 Item=tree Test=6
(21:09:03) 判错理由：输出与答案不同。
(21:09:03) 详细信息：
发现不同：
****tree.out
...9151
...
****tree.ans
...10660
...
****

(21:09:03) Person=刘敞 Item=tree Test=8
(21:09:03) 判错理由：输出与答案不同。
(21:09:03) 详细信息：
发现不同：
****tree.out
...4198
...
****tree.ans
...4208
...
****

(21:09:04) Person=刘敞 Item=tree Test=10
(21:09:04) 判错理由：输出与答案不同。
(21:09:04) 详细信息：
发现不同：
****tree.out
...396239
...
****tree.ans
...404204
...
****

(21:09:04) Person=刘敞 Item=message Test=2
(21:09:04) 判错理由：输出与答案不同。
(21:09:04) 详细信息：
发现不同：
****message.out
...F
T
...
****message.ans
...F
F
...
****

(21:09:04) Person=刘敞 Item=message Test=4
(21:09:04) 判错理由：输出与答案不同。
(21:09:04) 详细信息：
发现不同：
****message.out
...F
T
T
T
T
T
T
T
T
T
...
****message.ans
...F
T
T
T
F
T
T
T
T
T
...
****

(21:09:04) Person=刘敞 Item=message Test=5
(21:09:04) 判错理由：输出与答案不同。
(21:09:04) 详细信息：
发现不同：
****message.out
...F
T
T
T
T
F
T
T
F
T
...
****message.ans
...F
F
F
F
T
F
F
F
F
F
...
****

(21:09:04) Person=刘敞 Item=message Test=6
(21:09:04) 判错理由：输出与答案不同。
(21:09:04) 详细信息：
发现不同：
****message.out
...T
T
T
T
T
T
T
T
T
T
...
****message.ans
...T
T
T
T
F
T
T
T
T
T
...
****

(21:09:05) Person=刘敞 Item=message Test=7
(21:09:05) 判错理由：输出与答案不同。
(21:09:05) 详细信息：
发现不同：
****message.out
...T
F
T
T
T
T
T
T
T
T
...
****message.ans
...T
F
T
T
T
T
T
F
T
T
...
****

(21:09:05) Person=刘敞 Item=message Test=8
(21:09:05) 判错理由：输出与答案不同。
(21:09:05) 详细信息：
发现不同：
****message.out
...T
T
T
T
T
T
T
T
T
T
...
****message.ans
...T
T
F
T
T
T
T
T
T
T
...
****

(21:09:05) Person=刘敞 Item=message Test=9
(21:09:05) 判错理由：输出与答案不同。
(21:09:05) 详细信息：
发现不同：
****message.out
...T
T
T
T
T
T
T
T
T
T
...
****message.ans
...T
F
T
T
T
T
T
T
T
T
...
****

(21:09:05) Person=刘敞 Item=message Test=10
(21:09:05) 判错理由：输出与答案不同。
(21:09:05) 详细信息：
发现不同：
****message.out
...T
T
T
T
T
T
T
T
T
T
...
****message.ans
...T
T
T
T
F
T
T
T
T
T
...
****

(21:09:05) Person=刘敞 Item=car
(21:09:05) 判错理由：未找到有效的源文件。

(21:09:05) Person=刘敞 Item=best Test=1
(21:09:05) 判错理由：输出与答案不同。
(21:09:05) 详细信息：
发现不同：
****best.out
...30
...
****best.ans
...30...
****

(21:09:05) Person=刘敞 Item=best Test=2
(21:09:05) 判错理由：输出与答案不同。
(21:09:05) 详细信息：
发现不同：
****best.out
...332283946848556096005453226376...
****best.ans
...351830061369059395770479886751...
****

(21:09:05) Person=刘敞 Item=best Test=3
(21:09:05) 判错理由：输出与答案不同。
(21:09:05) 详细信息：
发现不同：
****best.out
...15
...
****best.ans
...15...
****

(21:09:05) Person=刘敞 Item=best Test=4
(21:09:05) 判错理由：输出与答案不同。
(21:09:05) 详细信息：
发现不同：
****best.out
...3991680
...
****best.ans
...3991680...
****

(21:09:05) Person=刘敞 Item=best Test=5
(21:09:05) 判错理由：输出与答案不同。
(21:09:05) 详细信息：
发现不同：
****best.out
...10538035200
...
****best.ans
...17435658240...
****

(21:09:05) Person=刘敞 Item=best Test=6
(21:09:05) 判错理由：输出与答案不同。
(21:09:05) 详细信息：
发现不同：
****best.out
...11017036800
...
****best.ans
...21794572800...
****

(21:09:05) Person=刘敞 Item=best Test=7
(21:09:05) 判错理由：输出与答案不同。
(21:09:05) 详细信息：
发现不同：
****best.out
...9959247986688000
...
****best.ans
...13516122267648000...
****

(21:09:06) Person=刘敞 Item=best Test=8
(21:09:06) 判错理由：输出与答案不同。
(21:09:06) 详细信息：
发现不同：
****best.out
...562000363888803840000
...
****best.ans
...562000363888803840000...
****

(21:09:06) Person=刘敞 Item=best Test=9
(21:09:06) 判错理由：输出与答案不同。
(21:09:06) 详细信息：
发现不同：
****best.out
...599322582050396405920665777576...
****best.ans
...917583539415089669754398638772...
****

(21:09:06) Person=刘敞 Item=best Test=10
(21:09:06) 判错理由：输出与答案不同。
(21:09:06) 详细信息：
发现不同：
****best.out
...562981545441049436698471776021...
****best.ans
...100357579839491421324510186160...
****

(21:09:06) Person=吴昊 Item=tree Test=2
(21:09:06) 判错理由：输出与答案不同。
(21:09:06) 详细信息：
发现不同：
****tree.out
...445757
...
****tree.ans
...460897
...
****

(21:09:06) Person=吴昊 Item=tree Test=4
(21:09:06) 判错理由：输出与答案不同。
(21:09:06) 详细信息：
发现不同：
****tree.out
...14
...
****tree.ans
...39
...
****

(21:09:06) Person=吴昊 Item=tree Test=5
(21:09:06) 判错理由：输出与答案不同。
(21:09:06) 详细信息：
发现不同：
****tree.out
...757
...
****tree.ans
...9999
...
****

(21:09:06) Person=吴昊 Item=tree Test=6
(21:09:06) 判错理由：输出与答案不同。
(21:09:06) 详细信息：
发现不同：
****tree.out
...9151
...
****tree.ans
...10660
...
****

(21:09:07) Person=吴昊 Item=tree Test=8
(21:09:07) 判错理由：输出与答案不同。
(21:09:07) 详细信息：
发现不同：
****tree.out
...4198
...
****tree.ans
...4208
...
****

(21:09:07) Person=吴昊 Item=tree Test=10
(21:09:07) 判错理由：输出与答案不同。
(21:09:07) 详细信息：
发现不同：
****tree.out
...396239
...
****tree.ans
...404204
...
****

(21:09:07) Person=吴昊 Item=message Test=5
(21:09:07) 判错理由：输出与答案不同。
(21:09:07) 详细信息：
发现不同：
****message.out
...T
T
T
T
T
T
T
T
F
T
...
****message.ans
...F
F
F
F
T
F
F
F
F
F
...
****

(21:09:07) Person=吴昊 Item=message Test=6
(21:09:07) 判错理由：Runtime-Error.
(21:09:07) 程序返回值：106
(21:09:07) 程序返回信息：


(21:09:07) Person=吴昊 Item=message Test=7
(21:09:07) 判错理由：Runtime-Error.
(21:09:07) 程序返回值：106
(21:09:07) 程序返回信息：


(21:09:07) Person=吴昊 Item=message Test=8
(21:09:07) 判错理由：Runtime-Error.
(21:09:07) 程序返回值：106
(21:09:07) 程序返回信息：


(21:09:07) Person=吴昊 Item=message Test=9
(21:09:07) 判错理由：Runtime-Error.
(21:09:07) 程序返回值：106
(21:09:07) 程序返回信息：


(21:09:07) Person=吴昊 Item=message Test=10
(21:09:07) 判错理由：Runtime-Error.
(21:09:07) 程序返回值：106
(21:09:07) 程序返回信息：


(21:09:08) Person=吴昊 Item=car Test=3
(21:09:08) 判错理由：输出与答案不同。
(21:09:08) 详细信息：
发现不同：
****car.out
...14.29
...
****car.ans
...10.00
...
****

(21:09:08) Person=吴昊 Item=car Test=9
(21:09:08) 判错理由：输出与答案不同。
(21:09:08) 详细信息：
发现不同：
****car.out
...142.86
...
****car.ans
...116.65
...
****

(21:09:08) Person=吴昊 Item=best Test=1
(21:09:08) 判错理由：输出与答案不同。
(21:09:08) 详细信息：
发现不同：
****best.out
...30
...
****best.ans
...30...
****

(21:09:09) Person=吴昊 Item=best Test=2
(21:09:09) 判错理由：输出与答案不同。
(21:09:09) 详细信息：
发现不同：
****best.out
...9344560717168640000000000
...
****best.ans
...9344560717168640000000000...
****

(21:09:09) Person=吴昊 Item=best Test=3
(21:09:09) 判错理由：输出与答案不同。
(21:09:09) 详细信息：
发现不同：
****best.out
...15
...
****best.ans
...15...
****

(21:09:09) Person=吴昊 Item=best Test=4
(21:09:09) 判错理由：输出与答案不同。
(21:09:09) 详细信息：
发现不同：
****best.out
...3991680
...
****best.ans
...3991680...
****

(21:09:09) Person=吴昊 Item=best Test=5
(21:09:09) 判错理由：输出与答案不同。
(21:09:09) 详细信息：
发现不同：
****best.out
...17435658240
...
****best.ans
...17435658240...
****

(21:09:09) Person=吴昊 Item=best Test=6
(21:09:09) 判错理由：输出与答案不同。
(21:09:09) 详细信息：
发现不同：
****best.out
...21794572800
...
****best.ans
...21794572800...
****

(21:09:09) Person=吴昊 Item=best Test=7
(21:09:09) 判错理由：输出与答案不同。
(21:09:09) 详细信息：
发现不同：
****best.out
...13516122267648000
...
****best.ans
...13516122267648000...
****

(21:09:09) Person=吴昊 Item=best Test=8
(21:09:09) 判错理由：输出与答案不同。
(21:09:09) 详细信息：
发现不同：
****best.out
...562000363888803840000
...
****best.ans
...562000363888803840000...
****

(21:09:09) Person=吴昊 Item=best Test=9
(21:09:09) 判错理由：输出与答案不同。
(21:09:09) 详细信息：
发现不同：
****best.out
...060160000000
...
****best.ans
...060160000000...
****

(21:09:09) Person=吴昊 Item=best Test=10
(21:09:09) 判错理由：输出与答案不同。
(21:09:09) 详细信息：
发现不同：
****best.out
...322254995456000000000
...
****best.ans
...322254995456000000000...
****

(21:09:10) Person=姜承志 Item=tree Test=2
(21:09:10) 判错理由：输出与答案不同。
(21:09:10) 详细信息：
发现不同：
****tree.out
...31795
...
****tree.ans
...460897
...
****

(21:09:10) Person=姜承志 Item=tree Test=9
(21:09:10) 判错理由：输出与答案不同。
(21:09:10) 详细信息：
发现不同：
****tree.out
...29721
...
****tree.ans
...246434
...
****

(21:09:10) Person=姜承志 Item=tree Test=10
(21:09:10) 判错理由：输出与答案不同。
(21:09:10) 详细信息：
发现不同：
****tree.out
...31589
...
****tree.ans
...404204
...
****

(21:09:12) Person=姜承志 Item=message Test=5
(21:09:12) 判错理由：Runtime-Error.
(21:09:12) 程序返回值：202
(21:09:12) 程序返回信息：


(21:09:13) Person=姜承志 Item=message Test=6
(21:09:13) 判错理由：运行超时。
(21:09:13) 程序返回值：259
(21:09:13) 程序返回信息：
运行超时。


(21:09:14) Person=姜承志 Item=message Test=7
(21:09:14) 判错理由：运行超时。
(21:09:14) 程序返回值：259
(21:09:14) 程序返回信息：
运行超时。


(21:09:15) Person=姜承志 Item=message Test=8
(21:09:15) 判错理由：运行超时。
(21:09:15) 程序返回值：259
(21:09:15) 程序返回信息：
运行超时。


(21:09:16) Person=姜承志 Item=message Test=9
(21:09:16) 判错理由：运行超时。
(21:09:16) 程序返回值：259
(21:09:16) 程序返回信息：
运行超时。


(21:09:16) Person=姜承志 Item=car Test=3
(21:09:16) 判错理由：输出与答案不同。
(21:09:16) 详细信息：
发现不同：
****car.out
...14.29
...
****car.ans
...10.00
...
****

(21:09:17) Person=姜承志 Item=car Test=9
(21:09:17) 判错理由：输出与答案不同。
(21:09:17) 详细信息：
发现不同：
****car.out
...142.86
...
****car.ans
...116.65
...
****

(21:09:17) Person=姜承志 Item=best Test=1
(21:09:17) 判错理由：输出与答案不同。
(21:09:17) 详细信息：
发现不同：
****best.out
...6
...
****best.ans
...30...
****

(21:09:17) Person=姜承志 Item=best Test=2
(21:09:17) 判错理由：输出与答案不同。
(21:09:17) 详细信息：
发现不同：
****best.out
...-195496636988598226
...
****best.ans
...351830061369059395770479886751...
****

(21:09:17) Person=姜承志 Item=best Test=3
(21:09:17) 判错理由：输出与答案不同。
(21:09:17) 详细信息：
发现不同：
****best.out
...6
...
****best.ans
...15...
****

(21:09:18) Person=姜承志 Item=best Test=4
(21:09:18) 判错理由：输出与答案不同。
(21:09:18) 详细信息：
发现不同：
****best.out
...362880
...
****best.ans
...3991680...
****

(21:09:18) Person=姜承志 Item=best Test=5
(21:09:18) 判错理由：输出与答案不同。
(21:09:18) 详细信息：
发现不同：
****best.out
...6227020800
...
****best.ans
...17435658240...
****

(21:09:18) Person=姜承志 Item=best Test=6
(21:09:18) 判错理由：输出与答案不同。
(21:09:18) 详细信息：
发现不同：
****best.out
...6227020800
...
****best.ans
...21794572800...
****

(21:09:18) Person=姜承志 Item=best Test=7
(21:09:18) 判错理由：输出与答案不同。
(21:09:18) 详细信息：
发现不同：
****best.out
...6402373705728000
...
****best.ans
...13516122267648000...
****

(21:09:18) Person=姜承志 Item=best Test=8
(21:09:18) 判错理由：输出与答案不同。
(21:09:18) 详细信息：
发现不同：
****best.out
...-56848214485225844
...
****best.ans
...562000363888803840000...
****

(21:09:18) Person=姜承志 Item=best Test=9
(21:09:18) 判错理由：输出与答案不同。
(21:09:18) 详细信息：
发现不同：
****best.out
...29646160343292402
...
****best.ans
...917583539415089669754398638772...
****

(21:09:18) Person=姜承志 Item=best Test=10
(21:09:18) 判错理由：输出与答案不同。
(21:09:18) 详细信息：
发现不同：
****best.out
...179477589422418602
...
****best.ans
...100357579839491421324510186160...
****

(21:09:18) Person=小吴昊 Item=tree Test=1
(21:09:18) 判错理由：输出与答案不同。
(21:09:18) 详细信息：
发现不同：
****tree.out
...6
...
****tree.ans
...120
...
****

(21:09:18) Person=小吴昊 Item=tree Test=2
(21:09:18) 判错理由：输出与答案不同。
(21:09:18) 详细信息：
发现不同：
****tree.out
...1353
...
****tree.ans
...460897
...
****

(21:09:18) Person=小吴昊 Item=tree Test=3
(21:09:18) 判错理由：输出与答案不同。
(21:09:18) 详细信息：
发现不同：
****tree.out
...6
...
****tree.ans
...157
...
****

(21:09:19) Person=小吴昊 Item=tree Test=4
(21:09:19) 判错理由：输出与答案不同。
(21:09:19) 详细信息：
发现不同：
****tree.out
...6
...
****tree.ans
...39
...
****

(21:09:19) Person=小吴昊 Item=tree Test=6
(21:09:19) 判错理由：输出与答案不同。
(21:09:19) 详细信息：
发现不同：
****tree.out
...563
...
****tree.ans
...10660
...
****

(21:09:19) Person=小吴昊 Item=tree Test=7
(21:09:19) 判错理由：输出与答案不同。
(21:09:19) 详细信息：
发现不同：
****tree.out
...552
...
****tree.ans
...18879
...
****

(21:09:19) Person=小吴昊 Item=tree Test=8
(21:09:19) 判错理由：输出与答案不同。
(21:09:19) 详细信息：
发现不同：
****tree.out
...284
...
****tree.ans
...4208
...
****

(21:09:19) Person=小吴昊 Item=tree Test=9
(21:09:19) 判错理由：输出与答案不同。
(21:09:19) 详细信息：
发现不同：
****tree.out
...2609
...
****tree.ans
...246434
...
****

(21:09:19) Person=小吴昊 Item=tree Test=10
(21:09:19) 判错理由：输出与答案不同。
(21:09:19) 详细信息：
发现不同：
****tree.out
...9540
...
****tree.ans
...404204
...
****

(21:09:19) Person=小吴昊 Item=message Test=2
(21:09:19) 判错理由：输出与答案不同。
(21:09:19) 详细信息：
发现不同：
****message.out
...T
T
...
****message.ans
...F
F
...
****

(21:09:20) Person=小吴昊 Item=message Test=4
(21:09:20) 判错理由：输出与答案不同。
(21:09:20) 详细信息：
发现不同：
****message.out
...T
F
F
F
T
F
T
F
F
F
...
****message.ans
...F
T
T
T
F
T
T
T
T
T
...
****

(21:09:20) Person=小吴昊 Item=message Test=5
(21:09:20) 判错理由：输出与答案不同。
(21:09:20) 详细信息：
发现不同：
****message.out
...F
T
F
F
T
F
F
F
T
T
...
****message.ans
...F
F
F
F
T
F
F
F
F
F
...
****

(21:09:20) Person=小吴昊 Item=message Test=6
(21:09:20) 判错理由：输出与答案不同。
(21:09:20) 详细信息：
发现不同：
****message.out
...F
T
F
T
T
T
T
F
F
T
...
****message.ans
...T
T
T
T
T
T
T
T
T
T
...
****

(21:09:20) Person=小吴昊 Item=message Test=7
(21:09:20) 判错理由：输出与答案不同。
(21:09:20) 详细信息：
发现不同：
****message.out
...F
F
F
F
F
T
T
F
T
F
...
****message.ans
...T
T
T
T
T
T
T
T
T
T
...
****

(21:09:20) Person=小吴昊 Item=message Test=8
(21:09:20) 判错理由：输出与答案不同。
(21:09:20) 详细信息：
发现不同：
****message.out
...T
F
F
T
T
T
F
T
T
F
...
****message.ans
...T
T
T
T
T
T
T
T
T
T
...
****

(21:09:20) Person=小吴昊 Item=message Test=9
(21:09:20) 判错理由：输出与答案不同。
(21:09:20) 详细信息：
发现不同：
****message.out
...F
F
T
F
F
F
T
F
F
F
...
****message.ans
...T
F
T
T
T
T
T
T
T
T
...
****

(21:09:20) Person=小吴昊 Item=message Test=10
(21:09:20) 判错理由：输出与答案不同。
(21:09:20) 详细信息：
发现不同：
****message.out
...F
F
F
T
T
F
F
F
T
T
...
****message.ans
...T
T
T
T
T
T
T
T
T
T
...
****

(21:09:20) Person=小吴昊 Item=car
(21:09:20) 判错理由：未找到有效的源文件。

(21:09:20) Person=小吴昊 Item=best Test=1
(21:09:20) 判错理由：输出与答案不同。
(21:09:20) 详细信息：
发现不同：
****best.out
...36
...
****best.ans
...30...
****

(21:09:20) Person=小吴昊 Item=best Test=2
(21:09:20) 判错理由：输出与答案不同。
(21:09:20) 详细信息：
发现不同：
****best.out
...1797813802
...
****best.ans
...351830061369059395770479886751...
****

(21:09:20) Person=小吴昊 Item=best Test=3
(21:09:20) 判错理由：输出与答案不同。
(21:09:20) 详细信息：
发现不同：
****best.out
...16
...
****best.ans
...15...
****

(21:09:20) Person=小吴昊 Item=best Test=4
(21:09:20) 判错理由：输出与答案不同。
(21:09:20) 详细信息：
发现不同：
****best.out
...322486272
...
****best.ans
...3991680...
****

(21:09:21) Person=小吴昊 Item=best Test=5
(21:09:21) 判错理由：输出与答案不同。
(21:09:21) 详细信息：
发现不同：
****best.out
...1864368128
...
****best.ans
...17435658240...
****

(21:09:21) Person=小吴昊 Item=best Test=6
(21:09:21) 判错理由：输出与答案不同。
(21:09:21) 详细信息：
发现不同：
****best.out
...1947205632
...
****best.ans
...21794572800...
****

(21:09:21) Person=小吴昊 Item=best Test=7
(21:09:21) 判错理由：输出与答案不同。
(21:09:21) 详细信息：
发现不同：
****best.out
...2134651136
...
****best.ans
...13516122267648000...
****

(21:09:21) Person=小吴昊 Item=best Test=8
(21:09:21) 判错理由：输出与答案不同。
(21:09:21) 详细信息：
发现不同：
****best.out
...1627389952
...
****best.ans
...562000363888803840000...
****

(21:09:21) Person=小吴昊 Item=best Test=9
(21:09:21) 判错理由：输出与答案不同。
(21:09:21) 详细信息：
发现不同：
****best.out
...2111295488
...
****best.ans
...917583539415089669754398638772...
****

(21:09:21) Person=小吴昊 Item=best Test=10
(21:09:21) 判错理由：输出与答案不同。
(21:09:21) 详细信息：
发现不同：
****best.out
...2132677632
...
****best.ans
...100357579839491421324510186160...
****

(21:09:26) Person=崔江昊 Item=car
(21:09:26) 判错理由：未找到有效的源文件。

(21:09:26) Person=崔江昊 Item=best
(21:09:26) 判错理由：未找到有效的源文件。

(21:09:27) Person=徐轶飞 Item=tree Test=2
(21:09:27) 判错理由：运行超时。
(21:09:27) 程序返回值：259
(21:09:27) 程序返回信息：
运行超时。


(21:09:28) Person=徐轶飞 Item=tree Test=7
(21:09:28) 判错理由：运行超时。
(21:09:28) 程序返回值：259
(21:09:28) 程序返回信息：
运行超时。


(21:09:30) Person=徐轶飞 Item=tree Test=9
(21:09:30) 判错理由：运行超时。
(21:09:30) 程序返回值：259
(21:09:30) 程序返回信息：
运行超时。


(21:09:31) Person=徐轶飞 Item=tree Test=10
(21:09:31) 判错理由：运行超时。
(21:09:31) 程序返回值：259
(21:09:31) 程序返回信息：
运行超时。


(21:09:31) Person=徐轶飞 Item=message
(21:09:31) 判错理由：未找到有效的源文件。

(21:09:31) Person=徐轶飞 Item=car Test=1
(21:09:31) 判错理由：输出与答案不同。
(21:09:31) 详细信息：
发现不同：
****car.out
...6.67
...
****car.ans
...0.53
...
****

(21:09:31) Person=徐轶飞 Item=car Test=2
(21:09:31) 判错理由：输出与答案不同。
(21:09:31) 详细信息：
发现不同：
****car.out
...52.46
...
****car.ans
...45.71
...
****

(21:09:31) Person=徐轶飞 Item=car Test=3
(21:09:31) 判错理由：Runtime-Error.
(21:09:31) 程序返回值：200
(21:09:31) 程序返回信息：


(21:09:31) Person=徐轶飞 Item=car Test=4
(21:09:31) 判错理由：输出与答案不同。
(21:09:31) 详细信息：
发现不同：
****car.out
...800.00
...
****car.ans
...114.29
...
****

(21:09:31) Person=徐轶飞 Item=car Test=5
(21:09:31) 判错理由：输出与答案不同。
(21:09:31) 详细信息：
发现不同：
****car.out
...125.00
...
****car.ans
...7.14
...
****

(21:09:31) Person=徐轶飞 Item=car Test=6
(21:09:31) 判错理由：输出与答案不同。
(21:09:31) 详细信息：
发现不同：
****car.out
...205.00
...
****car.ans
...17.57
...
****

(21:09:31) Person=徐轶飞 Item=car Test=7
(21:09:31) 判错理由：输出与答案不同。
(21:09:31) 详细信息：
发现不同：
****car.out
...64.29
...
****car.ans
...6.43
...
****

(21:09:31) Person=徐轶飞 Item=car Test=8
(21:09:31) 判错理由：输出与答案不同。
(21:09:31) 详细信息：
发现不同：
****car.out
...1998.00
...
****car.ans
...142.71
...
****

(21:09:32) Person=徐轶飞 Item=car Test=9
(21:09:32) 判错理由：输出与答案不同。
(21:09:32) 详细信息：
发现不同：
****car.out
...10000.00
...
****car.ans
...116.65
...
****

(21:09:32) Person=徐轶飞 Item=car Test=10
(21:09:32) 判错理由：输出与答案不同。
(21:09:32) 详细信息：
发现不同：
****car.out
...52.46
...
****car.ans
...45.71
...
****

(21:09:32) Person=徐轶飞 Item=best Test=1
(21:09:32) 判错理由：输出与答案不同。
(21:09:32) 详细信息：
发现不同：
****best.out
...36
...
****best.ans
...30...
****

(21:09:32) Person=徐轶飞 Item=best Test=2
(21:09:32) 判错理由：输出与答案不同。
(21:09:32) 详细信息：
发现不同：
****best.out
...37036926
...
****best.ans
...351830061369059395770479886751...
****

(21:09:32) Person=徐轶飞 Item=best Test=3
(21:09:32) 判错理由：输出与答案不同。
(21:09:32) 详细信息：
发现不同：
****best.out
...18
...
****best.ans
...15...
****

(21:09:32) Person=徐轶飞 Item=best Test=4
(21:09:32) 判错理由：输出与答案不同。
(21:09:32) 详细信息：
发现不同：
****best.out
...516560652
...
****best.ans
...3991680...
****

(21:09:32) Person=徐轶飞 Item=best Test=5
(21:09:32) 判错理由：输出与答案不同。
(21:09:32) 详细信息：
发现不同：
****best.out
...546683904
...
****best.ans
...17435658240...
****

(21:09:32) Person=徐轶飞 Item=best Test=6
(21:09:32) 判错理由：输出与答案不同。
(21:09:32) 详细信息：
发现不同：
****best.out
...592240896
...
****best.ans
...21794572800...
****

(21:09:32) Person=徐轶飞 Item=best Test=7
(21:09:32) 判错理由：输出与答案不同。
(21:09:32) 详细信息：
发现不同：
****best.out
...729000000
...
****best.ans
...13516122267648000...
****

(21:09:32) Person=徐轶飞 Item=best Test=8
(21:09:32) 判错理由：输出与答案不同。
(21:09:32) 详细信息：
发现不同：
****best.out
...1056621568
...
****best.ans
...562000363888803840000...
****

(21:09:32) Person=徐轶飞 Item=best Test=9
(21:09:32) 判错理由：输出与答案不同。
(21:09:32) 详细信息：
发现不同：
****best.out
...1724206276
...
****best.ans
...917583539415089669754398638772...
****

(21:09:32) Person=徐轶飞 Item=best Test=10
(21:09:32) 判错理由：输出与答案不同。
(21:09:32) 详细信息：
发现不同：
****best.out
...25934336
...
****best.ans
...100357579839491421324510186160...
****

(21:09:32) Person=李想 Item=tree
(21:09:32) 判错理由：未找到有效的源文件。

(21:09:33) Person=李想 Item=message Test=1
(21:09:33) 判错理由：Runtime-Error.
(21:09:33) 程序返回值：5
(21:09:33) 程序返回信息：


(21:09:33) Person=李想 Item=message Test=2
(21:09:33) 判错理由：Runtime-Error.
(21:09:33) 程序返回值：5
(21:09:33) 程序返回信息：


(21:09:33) Person=李想 Item=message Test=3
(21:09:33) 判错理由：Runtime-Error.
(21:09:33) 程序返回值：5
(21:09:33) 程序返回信息：


(21:09:33) Person=李想 Item=message Test=4
(21:09:33) 判错理由：Runtime-Error.
(21:09:33) 程序返回值：5
(21:09:33) 程序返回信息：


(21:09:33) Person=李想 Item=message Test=5
(21:09:33) 判错理由：Runtime-Error.
(21:09:33) 程序返回值：5
(21:09:33) 程序返回信息：


(21:09:33) Person=李想 Item=message Test=6
(21:09:33) 判错理由：Runtime-Error.
(21:09:33) 程序返回值：5
(21:09:33) 程序返回信息：


(21:09:33) Person=李想 Item=message Test=7
(21:09:33) 判错理由：Runtime-Error.
(21:09:33) 程序返回值：5
(21:09:33) 程序返回信息：


(21:09:33) Person=李想 Item=message Test=8
(21:09:33) 判错理由：Runtime-Error.
(21:09:33) 程序返回值：5
(21:09:33) 程序返回信息：


(21:09:33) Person=李想 Item=message Test=9
(21:09:33) 判错理由：Runtime-Error.
(21:09:33) 程序返回值：5
(21:09:33) 程序返回信息：


(21:09:33) Person=李想 Item=message Test=10
(21:09:33) 判错理由：Runtime-Error.
(21:09:33) 程序返回值：5
(21:09:33) 程序返回信息：


(21:09:33) Person=李想 Item=car
(21:09:33) 判错理由：未找到有效的源文件。

(21:09:33) Person=李想 Item=best
(21:09:33) 判错理由：未找到有效的源文件。

(21:09:33) Person=柏钧文 Item=tree Test=1
(21:09:33) 判错理由：输出与答案不同。
(21:09:33) 详细信息：
发现不同：
****tree.out
...14
...
****tree.ans
...120
...
****

(21:09:34) Person=柏钧文 Item=tree Test=2
(21:09:34) 判错理由：输出与答案不同。
(21:09:34) 详细信息：
发现不同：
****tree.out
...3406
...
****tree.ans
...460897
...
****

(21:09:34) Person=柏钧文 Item=tree Test=3
(21:09:34) 判错理由：输出与答案不同。
(21:09:34) 详细信息：
发现不同：
****tree.out
...14
...
****tree.ans
...157
...
****

(21:09:34) Person=柏钧文 Item=tree Test=4
(21:09:34) 判错理由：输出与答案不同。
(21:09:34) 详细信息：
发现不同：
****tree.out
...14
...
****tree.ans
...39
...
****

(21:09:34) Person=柏钧文 Item=tree Test=5
(21:09:34) 判错理由：输出与答案不同。
(21:09:34) 详细信息：
发现不同：
****tree.out
...10080
...
****tree.ans
...9999
...
****

(21:09:34) Person=柏钧文 Item=tree Test=6
(21:09:34) 判错理由：输出与答案不同。
(21:09:34) 详细信息：
发现不同：
****tree.out
...650
...
****tree.ans
...10660
...
****

(21:09:34) Person=柏钧文 Item=tree Test=7
(21:09:34) 判错理由：输出与答案不同。
(21:09:34) 详细信息：
发现不同：
****tree.out
...1129
...
****tree.ans
...18879
...
****

(21:09:34) Person=柏钧文 Item=tree Test=8
(21:09:34) 判错理由：输出与答案不同。
(21:09:34) 详细信息：
发现不同：
****tree.out
...513
...
****tree.ans
...4208
...
****

(21:09:34) Person=柏钧文 Item=tree Test=9
(21:09:34) 判错理由：输出与答案不同。
(21:09:34) 详细信息：
发现不同：
****tree.out
...5838
...
****tree.ans
...246434
...
****

(21:09:34) Person=柏钧文 Item=tree Test=10
(21:09:34) 判错理由：输出与答案不同。
(21:09:34) 详细信息：
发现不同：
****tree.out
...17271
...
****tree.ans
...404204
...
****

(21:09:35) Person=柏钧文 Item=message Test=2
(21:09:35) 判错理由：输出与答案不同。
(21:09:35) 详细信息：
"D:\竞赛测试\09\1029初三\message.out"的文件长度小于"D:\竞赛测试\09\1029初三\message.ans"。

(21:09:35) Person=柏钧文 Item=message Test=3
(21:09:35) 判错理由：输出与答案不同。
(21:09:35) 详细信息：
"D:\竞赛测试\09\1029初三\message.out"的文件长度小于"D:\竞赛测试\09\1029初三\message.ans"。

(21:09:35) Person=柏钧文 Item=message Test=4
(21:09:35) 判错理由：输出与答案不同。
(21:09:35) 详细信息：
发现不同：
****message.out
...T
F
F
F
F
F
T
F
...
****message.ans
...F
T
T
T
F
T
T
T
T
T
...
****

(21:09:36) Person=柏钧文 Item=message Test=5
(21:09:36) 判错理由：运行超时。
(21:09:36) 程序返回值：259
(21:09:36) 程序返回信息：
运行超时。


(21:09:37) Person=柏钧文 Item=message Test=6
(21:09:37) 判错理由：运行超时。
(21:09:37) 程序返回值：259
(21:09:37) 程序返回信息：
运行超时。


(21:09:38) Person=柏钧文 Item=message Test=7
(21:09:38) 判错理由：运行超时。
(21:09:38) 程序返回值：259
(21:09:38) 程序返回信息：
运行超时。


(21:09:39) Person=柏钧文 Item=message Test=8
(21:09:39) 判错理由：运行超时。
(21:09:39) 程序返回值：259
(21:09:39) 程序返回信息：
运行超时。


(21:09:40) Person=柏钧文 Item=message Test=9
(21:09:40) 判错理由：运行超时。
(21:09:40) 程序返回值：259
(21:09:40) 程序返回信息：
运行超时。


(21:09:41) Person=柏钧文 Item=message Test=10
(21:09:41) 判错理由：运行超时。
(21:09:41) 程序返回值：259
(21:09:41) 程序返回信息：
运行超时。


(21:09:41) Person=柏钧文 Item=car
(21:09:41) 判错理由：未找到有效的源文件。

(21:09:41) Person=柏钧文 Item=best Test=1
(21:09:41) 判错理由：输出与答案不同。
(21:09:41) 详细信息：
发现不同：
****best.out
...36
...
****best.ans
...30...
****

(21:09:41) Person=柏钧文 Item=best Test=2
(21:09:41) 判错理由：输出与答案不同。
(21:09:41) 详细信息：
发现不同：
****best.out
...101465069750941307962723448968...
****best.ans
...351830061369059395770479886751...
****

(21:09:42) Person=柏钧文 Item=best Test=3
(21:09:42) 判错理由：输出与答案不同。
(21:09:42) 详细信息：
发现不同：
****best.out
...18
...
****best.ans
...15...
****

(21:09:42) Person=柏钧文 Item=best Test=4
(21:09:42) 判错理由：输出与答案不同。
(21:09:42) 详细信息：
发现不同：
****best.out
...516560652
...
****best.ans
...3991680...
****

(21:09:42) Person=柏钧文 Item=best Test=5
(21:09:42) 判错理由：输出与答案不同。
(21:09:42) 详细信息：
发现不同：
****best.out
...5559060566555523
...
****best.ans
...17435658240...
****

(21:09:42) Person=柏钧文 Item=best Test=6
(21:09:42) 判错理由：输出与答案不同。
(21:09:42) 详细信息：
发现不同：
****best.out
...7412080755407364
...
****best.ans
...21794572800...
****

(21:09:42) Person=柏钧文 Item=best Test=7
(21:09:42) 判错理由：输出与答案不同。
(21:09:42) 详细信息：
发现不同：
****best.out
...42391158275216203514294433201...
****best.ans
...13516122267648000...
****

(21:09:42) Person=柏钧文 Item=best Test=8
(21:09:42) 判错理由：输出与答案不同。
(21:09:42) 详细信息：
发现不同：
****best.out
...532111785891645323937899556742...
****best.ans
...562000363888803840000...
****

(21:09:43) Person=柏钧文 Item=best Test=9
(21:09:43) 判错理由：输出与答案不同。
(21:09:43) 详细信息：
发现不同：
****best.out
...182291882899431207275044163125...
****best.ans
...917583539415089669754398638772...
****

(21:09:44) Person=柏钧文 Item=best Test=10
(21:09:44) 判错理由：运行超时。
(21:09:44) 程序返回值：259
(21:09:44) 程序返回信息：
运行超时。


(21:09:46) Person=沈匡济 Item=message Test=4
(21:09:46) 判错理由：输出与答案不同。
(21:09:46) 详细信息：
发现不同：
****message.out
...F
T
F
F
F
T
F
T
T
T
...
****message.ans
...F
T
T
T
F
T
T
T
T
T
...
****

(21:09:46) Person=沈匡济 Item=message Test=5
(21:09:46) 判错理由：输出与答案不同。
(21:09:46) 详细信息：
发现不同：
****message.out
...T
F
F
F
F
F
F
F
F
F
...
****message.ans
...T
F
F
T
F
F
F
F
F
F
...
****

(21:09:46) Person=沈匡济 Item=message Test=6
(21:09:46) 判错理由：输出与答案不同。
(21:09:46) 详细信息：
发现不同：
****message.out
...F
T
T
T
T
F
T
F
T
T
...
****message.ans
...T
T
T
T
T
T
T
F
T
T
...
****

(21:09:47) Person=沈匡济 Item=message Test=7
(21:09:47) 判错理由：输出与答案不同。
(21:09:47) 详细信息：
发现不同：
****message.out
...T
T
T
T
F
T
T
T
T
T
...
****message.ans
...T
T
T
T
T
T
T
T
T
T
...
****

(21:09:48) Person=沈匡济 Item=message Test=8
(21:09:48) 判错理由：输出与答案不同。
(21:09:48) 详细信息：
发现不同：
****message.out
...T
T
T
T
T
T
T
T
F
T
...
****message.ans
...T
T
T
T
T
T
T
T
T
T
...
****

(21:09:49) Person=沈匡济 Item=message Test=9
(21:09:49) 判错理由：运行超时。
(21:09:49) 程序返回值：259
(21:09:49) 程序返回信息：
运行超时。


(21:09:49) Person=沈匡济 Item=message Test=10
(21:09:49) 判错理由：输出与答案不同。
(21:09:49) 详细信息：
发现不同：
****message.out
...T
T
T
T
T
T
T
T
F
T
...
****message.ans
...T
T
T
T
T
T
T
T
T
T
...
****

(21:09:49) Person=沈匡济 Item=car
(21:09:49) 判错理由：未找到有效的源文件。

(21:09:49) Person=沈匡济 Item=best Test=1
(21:09:49) 判错理由：输出与答案不同。
(21:09:49) 详细信息：
发现不同：
****best.out
...30
...
****best.ans
...30...
****

(21:09:49) Person=沈匡济 Item=best Test=2
(21:09:49) 判错理由：输出与答案不同。
(21:09:49) 详细信息：
发现不同：
****best.out
...-5684258511811248128
...
****best.ans
...351830061369059395770479886751...
****

(21:09:49) Person=沈匡济 Item=best Test=3
(21:09:49) 判错理由：输出与答案不同。
(21:09:49) 详细信息：
发现不同：
****best.out
...15
...
****best.ans
...15...
****

(21:09:49) Person=沈匡济 Item=best Test=4
(21:09:49) 判错理由：输出与答案不同。
(21:09:49) 详细信息：
发现不同：
****best.out
...3991680
...
****best.ans
...3991680...
****

(21:09:49) Person=沈匡济 Item=best Test=5
(21:09:49) 判错理由：输出与答案不同。
(21:09:49) 详细信息：
发现不同：
****best.out
...17435658240
...
****best.ans
...17435658240...
****

(21:09:49) Person=沈匡济 Item=best Test=6
(21:09:49) 判错理由：输出与答案不同。
(21:09:49) 详细信息：
发现不同：
****best.out
...21794572800
...
****best.ans
...21794572800...
****

(21:09:49) Person=沈匡济 Item=best Test=7
(21:09:49) 判错理由：输出与答案不同。
(21:09:49) 详细信息：
发现不同：
****best.out
...13516122267648000
...
****best.ans
...13516122267648000...
****

(21:09:49) Person=沈匡济 Item=best Test=8
(21:09:49) 判错理由：输出与答案不同。
(21:09:49) 详细信息：
发现不同：
****best.out
...8598041677517291520
...
****best.ans
...562000363888803840000...
****

(21:09:49) Person=沈匡济 Item=best Test=9
(21:09:49) 判错理由：输出与答案不同。
(21:09:49) 详细信息：
发现不同：
****best.out
...73127195513454592
...
****best.ans
...917583539415089669754398638772...
****

(21:09:50) Person=沈匡济 Item=best Test=10
(21:09:50) 判错理由：输出与答案不同。
(21:09:50) 详细信息：
发现不同：
****best.out
...-8684939268587520000
...
****best.ans
...100357579839491421324510186160...
****

(21:09:50) Person=王明远 Item=tree
(21:09:50) 判错理由：未找到有效的源文件。

(21:09:50) Person=王明远 Item=message Test=4
(21:09:50) 判错理由：输出与答案不同。
(21:09:50) 详细信息：
发现不同：
****message.out
...F
F
F
F
F
T
F
F
F
T
...
****message.ans
...F
T
T
T
F
T
T
T
T
T
...
****

(21:09:50) Person=王明远 Item=message Test=5
(21:09:50) 判错理由：输出与答案不同。
(21:09:50) 详细信息：
发现不同：
****message.out
...F
F
F
F
F
F
F
F
F
F
...
****message.ans
...F
F
F
F
T
F
F
F
F
F
...
****

(21:09:50) Person=王明远 Item=message Test=6
(21:09:50) 判错理由：Runtime-Error.
(21:09:50) 程序返回值：103
(21:09:50) 程序返回信息：


(21:09:50) Person=王明远 Item=message Test=7
(21:09:50) 判错理由：Runtime-Error.
(21:09:50) 程序返回值：103
(21:09:50) 程序返回信息：


(21:09:50) Person=王明远 Item=message Test=8
(21:09:50) 判错理由：Runtime-Error.
(21:09:50) 程序返回值：103
(21:09:50) 程序返回信息：


(21:09:50) Person=王明远 Item=message Test=9
(21:09:50) 判错理由：Runtime-Error.
(21:09:50) 程序返回值：103
(21:09:50) 程序返回信息：


(21:09:51) Person=王明远 Item=message Test=10
(21:09:51) 判错理由：输出与答案不同。
(21:09:51) 详细信息：
发现不同：
****message.out
...F
F
...
****message.ans
...T
T
T
T
T
T
T
T
T
T
...
****

(21:09:51) Person=王明远 Item=car
(21:09:51) 判错理由：未找到有效的源文件。

(21:09:51) Person=王明远 Item=best Test=1
(21:09:51) 判错理由：输出与答案不同。
(21:09:51) 详细信息：
发现不同：
****best.out
...32
...
****best.ans
...30...
****

(21:09:51) Person=王明远 Item=best Test=2
(21:09:51) 判错理由：输出与答案不同。
(21:09:51) 详细信息：
发现不同：
****best.out
...-258745548955497415
...
****best.ans
...351830061369059395770479886751...
****

(21:09:51) Person=王明远 Item=best Test=3
(21:09:51) 判错理由：输出与答案不同。
(21:09:51) 详细信息：
发现不同：
****best.out
...24
...
****best.ans
...15...
****

(21:09:51) Person=王明远 Item=best Test=4
(21:09:51) 判错理由：输出与答案不同。
(21:09:51) 详细信息：
发现不同：
****best.out
...4032000
...
****best.ans
...3991680...
****

(21:09:51) Person=王明远 Item=best Test=5
(21:09:51) 判错理由：输出与答案不同。
(21:09:51) 详细信息：
发现不同：
****best.out
...17435658240
...
****best.ans
...17435658240...
****

(21:09:51) Person=王明远 Item=best Test=6
(21:09:51) 判错理由：输出与答案不同。
(21:09:51) 详细信息：
发现不同：
****best.out
...21794572800
...
****best.ans
...21794572800...
****

(21:09:51) Person=王明远 Item=best Test=7
(21:09:51) 判错理由：输出与答案不同。
(21:09:51) 详细信息：
发现不同：
****best.out
...13516122267648000
...
****best.ans
...13516122267648000...
****

(21:09:51) Person=王明远 Item=best Test=8
(21:09:51) 判错理由：输出与答案不同。
(21:09:51) 详细信息：
发现不同：
****best.out
...-625330359337483800
...
****best.ans
...562000363888803840000...
****

(21:09:51) Person=王明远 Item=best Test=9
(21:09:51) 判错理由：输出与答案不同。
(21:09:51) 详细信息：
发现不同：
****best.out
...73127195513454112
...
****best.ans
...917583539415089669754398638772...
****

(21:09:52) Person=王明远 Item=best Test=10
(21:09:52) 判错理由：输出与答案不同。
(21:09:52) 详细信息：
发现不同：
****best.out
...538432768267255050
...
****best.ans
...100357579839491421324510186160...
****

(21:09:53) Person=赵绘昌 Item=tree Test=2
(21:09:53) 判错理由：运行超时。
(21:09:53) 程序返回值：259
(21:09:53) 程序返回信息：
运行超时。


(21:09:53) Person=赵绘昌 Item=tree Test=4
(21:09:53) 判错理由：输出与答案不同。
(21:09:53) 详细信息：
发现不同：
****tree.out
...14
...
****tree.ans
...39
...
****

(21:09:53) Person=赵绘昌 Item=tree Test=5
(21:09:53) 判错理由：输出与答案不同。
(21:09:53) 详细信息：
发现不同：
****tree.out
...757
...
****tree.ans
...9999
...
****

(21:09:53) Person=赵绘昌 Item=tree Test=6
(21:09:53) 判错理由：输出与答案不同。
(21:09:53) 详细信息：
发现不同：
****tree.out
...9151
...
****tree.ans
...10660
...
****

(21:09:54) Person=赵绘昌 Item=tree Test=7
(21:09:54) 判错理由：运行超时。
(21:09:54) 程序返回值：259
(21:09:54) 程序返回信息：
运行超时。


(21:09:54) Person=赵绘昌 Item=tree Test=8
(21:09:54) 判错理由：输出与答案不同。
(21:09:54) 详细信息：
发现不同：
****tree.out
...4198
...
****tree.ans
...4208
...
****

(21:09:55) Person=赵绘昌 Item=tree Test=9
(21:09:55) 判错理由：运行超时。
(21:09:55) 程序返回值：259
(21:09:55) 程序返回信息：
运行超时。


(21:09:56) Person=赵绘昌 Item=tree Test=10
(21:09:56) 判错理由：运行超时。
(21:09:56) 程序返回值：259
(21:09:56) 程序返回信息：
运行超时。


(21:09:57) Person=赵绘昌 Item=message Test=4
(21:09:57) 判错理由：输出与答案不同。
(21:09:57) 详细信息：
发现不同：
****message.out
...F
T
T
T
T
T
T
T
T
F
...
****message.ans
...F
T
T
T
F
T
T
T
T
T
...
****

(21:09:57) Person=赵绘昌 Item=message Test=5
(21:09:57) 判错理由：输出与答案不同。
(21:09:57) 详细信息：
发现不同：
****message.out
...F
F
F
F
T
T
T
T
T
T
...
****message.ans
...F
F
F
F
T
F
F
F
F
F
...
****

(21:09:57) Person=赵绘昌 Item=message Test=6
(21:09:57) 判错理由：输出与答案不同。
(21:09:57) 详细信息：
发现不同：
****message.out
...T
T
T
T
T
T
T
T
T
T
...
****message.ans
...T
T
T
T
T
T
T
F
T
T
...
****

(21:09:57) Person=赵绘昌 Item=message Test=7
(21:09:57) 判错理由：输出与答案不同。
(21:09:57) 详细信息：
发现不同：
****message.out
...T
T
T
T
T
T
T
T
T
T
...
****message.ans
...T
T
T
T
T
T
T
T
T
F
...
****

(21:09:57) Person=赵绘昌 Item=message Test=8
(21:09:57) 判错理由：输出与答案不同。
(21:09:57) 详细信息：
发现不同：
****message.out
...T
T
T
T
T
T
T
T
T
T
...
****message.ans
...T
T
T
T
T
F
T
T
F
T
...
****

(21:09:58) Person=赵绘昌 Item=message Test=9
(21:09:58) 判错理由：输出与答案不同。
(21:09:58) 详细信息：
发现不同：
****message.out
...T
T
T
T
T
T
T
T
T
T
...
****message.ans
...T
F
T
T
T
T
T
T
T
T
...
****

(21:09:58) Person=赵绘昌 Item=message Test=10
(21:09:58) 判错理由：输出与答案不同。
(21:09:58) 详细信息：
发现不同：
****message.out
...T
T
T
T
T
T
T
T
T
T
...
****message.ans
...T
T
T
F
T
T
T
T
T
T
...
****

(21:09:58) Person=赵绘昌 Item=car Test=1
(21:09:58) 判错理由：Runtime-Error.
(21:09:58) 程序返回值：106
(21:09:58) 程序返回信息：


(21:09:58) Person=赵绘昌 Item=car Test=2
(21:09:58) 判错理由：Runtime-Error.
(21:09:58) 程序返回值：106
(21:09:58) 程序返回信息：


(21:09:58) Person=赵绘昌 Item=car Test=3
(21:09:58) 判错理由：Runtime-Error.
(21:09:58) 程序返回值：106
(21:09:58) 程序返回信息：


(21:09:58) Person=赵绘昌 Item=car Test=4
(21:09:58) 判错理由：Runtime-Error.
(21:09:58) 程序返回值：106
(21:09:58) 程序返回信息：


(21:09:58) Person=赵绘昌 Item=car Test=5
(21:09:58) 判错理由：Runtime-Error.
(21:09:58) 程序返回值：106
(21:09:58) 程序返回信息：


(21:09:58) Person=赵绘昌 Item=car Test=6
(21:09:58) 判错理由：Runtime-Error.
(21:09:58) 程序返回值：106
(21:09:58) 程序返回信息：


(21:09:58) Person=赵绘昌 Item=car Test=7
(21:09:58) 判错理由：Runtime-Error.
(21:09:58) 程序返回值：106
(21:09:58) 程序返回信息：


(21:09:58) Person=赵绘昌 Item=car Test=8
(21:09:58) 判错理由：Runtime-Error.
(21:09:58) 程序返回值：106
(21:09:58) 程序返回信息：


(21:09:58) Person=赵绘昌 Item=car Test=9
(21:09:58) 判错理由：Runtime-Error.
(21:09:58) 程序返回值：106
(21:09:58) 程序返回信息：


(21:09:58) Person=赵绘昌 Item=car Test=10
(21:09:58) 判错理由：Runtime-Error.
(21:09:58) 程序返回值：106
(21:09:58) 程序返回信息：


(21:09:58) Person=赵绘昌 Item=best Test=1
(21:09:58) 判错理由：输出与答案不同。
(21:09:58) 详细信息：
发现不同：
****best.out
...24
...
****best.ans
...30...
****

(21:09:58) Person=赵绘昌 Item=best Test=2
(21:09:58) 判错理由：输出与答案不同。
(21:09:58) 详细信息：
发现不同：
****best.out
...0
...
****best.ans
...351830061369059395770479886751...
****

(21:09:59) Person=赵绘昌 Item=best Test=3
(21:09:59) 判错理由：输出与答案不同。
(21:09:59) 详细信息：
发现不同：
****best.out
...18
...
****best.ans
...15...
****

(21:09:59) Person=赵绘昌 Item=best Test=4
(21:09:59) 判错理由：输出与答案不同。
(21:09:59) 详细信息：
发现不同：
****best.out
...3628800
...
****best.ans
...3991680...
****

(21:09:59) Person=赵绘昌 Item=best Test=5
(21:09:59) 判错理由：输出与答案不同。
(21:09:59) 详细信息：
发现不同：
****best.out
...822179040
...
****best.ans
...17435658240...
****

(21:09:59) Person=赵绘昌 Item=best Test=6
(21:09:59) 判错理由：输出与答案不同。
(21:09:59) 详细信息：
发现不同：
****best.out
...913532232
...
****best.ans
...21794572800...
****

(21:09:59) Person=赵绘昌 Item=best Test=7
(21:09:59) 判错理由：输出与答案不同。
(21:09:59) 详细信息：
发现不同：
****best.out
...57706020
...
****best.ans
...13516122267648000...
****

(21:09:59) Person=赵绘昌 Item=best Test=8
(21:09:59) 判错理由：输出与答案不同。
(21:09:59) 详细信息：
发现不同：
****best.out
...-475194612
...
****best.ans
...562000363888803840000...
****

(21:09:59) Person=赵绘昌 Item=best Test=9
(21:09:59) 判错理由：输出与答案不同。
(21:09:59) 详细信息：
发现不同：
****best.out
...0
...
****best.ans
...917583539415089669754398638772...
****

(21:09:59) Person=赵绘昌 Item=best Test=10
(21:09:59) 判错理由：输出与答案不同。
(21:09:59) 详细信息：
发现不同：
****best.out
...0
...
****best.ans
...100357579839491421324510186160...
****

(21:10:01) Person=钱雨杰 Item=message Test=2
(21:10:01) 判错理由：输出与答案不同。
(21:10:01) 详细信息：
发现不同：
****message.out
...F
T
...
****message.ans
...F
F
...
****

(21:10:01) Person=钱雨杰 Item=message Test=4
(21:10:01) 判错理由：输出与答案不同。
(21:10:01) 详细信息：
发现不同：
****message.out
...F
T
T
T
T
T
T
T
T
T
...
****message.ans
...F
T
T
T
F
T
T
T
T
T
...
****

(21:10:01) Person=钱雨杰 Item=message Test=5
(21:10:01) 判错理由：输出与答案不同。
(21:10:01) 详细信息：
发现不同：
****message.out
...F
T
T
T
T
F
T
T
F
F
...
****message.ans
...F
F
F
F
T
F
F
F
F
F
...
****

(21:10:01) Person=钱雨杰 Item=message Test=6
(21:10:01) 判错理由：输出与答案不同。
(21:10:01) 详细信息：
发现不同：
****message.out
...F
T
F
F
F
F
F
T
T
T
...
****message.ans
...T
T
T
T
T
T
T
T
T
T
...
****

(21:10:01) Person=钱雨杰 Item=message Test=7
(21:10:01) 判错理由：输出与答案不同。
(21:10:01) 详细信息：
发现不同：
****message.out
...T
T
T
T
F
T
T
F
T
F
...
****message.ans
...T
T
T
T
T
T
T
T
T
T
...
****

(21:10:01) Person=钱雨杰 Item=message Test=8
(21:10:01) 判错理由：输出与答案不同。
(21:10:01) 详细信息：
发现不同：
****message.out
...T
F
T
F
T
T
T
T
T
T
...
****message.ans
...T
T
T
T
T
T
T
T
T
T
...
****

(21:10:01) Person=钱雨杰 Item=message Test=9
(21:10:01) 判错理由：输出与答案不同。
(21:10:01) 详细信息：
发现不同：
****message.out
...T
F
F
T
T
T
T
F
T
T
...
****message.ans
...T
F
T
T
T
T
T
T
T
T
...
****

(21:10:01) Person=钱雨杰 Item=message Test=10
(21:10:01) 判错理由：输出与答案不同。
(21:10:01) 详细信息：
发现不同：
****message.out
...T
T
T
T
T
T
T
T
F
T
...
****message.ans
...T
T
T
T
T
T
T
T
T
T
...
****

(21:10:01) Person=钱雨杰 Item=car
(21:10:01) 判错理由：未找到有效的源文件。

(21:10:01) Person=钱雨杰 Item=best Test=1
(21:10:01) 判错理由：输出与答案不同。
(21:10:01) 详细信息：
发现不同：
****best.out
...30
...
****best.ans
...30...
****

(21:10:01) Person=钱雨杰 Item=best Test=2
(21:10:01) 判错理由：输出与答案不同。
(21:10:01) 详细信息：
发现不同：
****best.out
...9344560717168640000000000
...
****best.ans
...9344560717168640000000000...
****

(21:10:02) Person=钱雨杰 Item=best Test=3
(21:10:02) 判错理由：输出与答案不同。
(21:10:02) 详细信息：
发现不同：
****best.out
...15
...
****best.ans
...15...
****

(21:10:02) Person=钱雨杰 Item=best Test=4
(21:10:02) 判错理由：输出与答案不同。
(21:10:02) 详细信息：
发现不同：
****best.out
...3991680
...
****best.ans
...3991680...
****

(21:10:02) Person=钱雨杰 Item=best Test=5
(21:10:02) 判错理由：输出与答案不同。
(21:10:02) 详细信息：
发现不同：
****best.out
...17435658240
...
****best.ans
...17435658240...
****

(21:10:02) Person=钱雨杰 Item=best Test=6
(21:10:02) 判错理由：输出与答案不同。
(21:10:02) 详细信息：
发现不同：
****best.out
...21794572800
...
****best.ans
...21794572800...
****

(21:10:02) Person=钱雨杰 Item=best Test=7
(21:10:02) 判错理由：输出与答案不同。
(21:10:02) 详细信息：
发现不同：
****best.out
...13516122267648000
...
****best.ans
...13516122267648000...
****

(21:10:02) Person=钱雨杰 Item=best Test=8
(21:10:02) 判错理由：输出与答案不同。
(21:10:02) 详细信息：
发现不同：
****best.out
...562000363888803840000
...
****best.ans
...562000363888803840000...
****

(21:10:02) Person=钱雨杰 Item=best Test=9
(21:10:02) 判错理由：输出与答案不同。
(21:10:02) 详细信息：
发现不同：
****best.out
...060160000000
...
****best.ans
...060160000000...
****

(21:10:02) Person=钱雨杰 Item=best Test=10
(21:10:02) 判错理由：输出与答案不同。
(21:10:02) 详细信息：
发现不同：
****best.out
...322254995456000000000
...
****best.ans
...322254995456000000000...
****

(21:10:04) Person=陆浩明 Item=message Test=4
(21:10:04) 判错理由：输出与答案不同。
(21:10:04) 详细信息：
发现不同：
****message.out
...F
F
F
F
F
F
F
F
F
F
...
****message.ans
...F
T
T
T
F
T
T
T
T
T
...
****

(21:10:04) Person=陆浩明 Item=message Test=5
(21:10:04) 判错理由：输出与答案不同。
(21:10:04) 详细信息：
发现不同：
****message.out
...F
F
F
F
T
F
T
F
F
T
...
****message.ans
...F
F
F
F
T
F
F
F
F
F
...
****

(21:10:04) Person=陆浩明 Item=message Test=6
(21:10:04) 判错理由：输出与答案不同。
(21:10:04) 详细信息：
发现不同：
****message.out
...T
T
T
T
T
T
T
T
T
T
...
****message.ans
...T
T
T
T
F
T
T
T
T
T
...
****

(21:10:04) Person=陆浩明 Item=message Test=7
(21:10:04) 判错理由：输出与答案不同。
(21:10:04) 详细信息：
发现不同：
****message.out
...T
F
T
T
T
T
T
T
T
T
...
****message.ans
...T
F
T
T
T
T
T
F
T
T
...
****

(21:10:04) Person=陆浩明 Item=message Test=8
(21:10:04) 判错理由：输出与答案不同。
(21:10:04) 详细信息：
发现不同：
****message.out
...T
T
T
T
T
T
T
T
T
T
...
****message.ans
...T
F
T
T
T
T
T
T
T
T
...
****

(21:10:04) Person=陆浩明 Item=message Test=9
(21:10:04) 判错理由：输出与答案不同。
(21:10:04) 详细信息：
发现不同：
****message.out
...T
T
T
T
T
T
T
T
T
T
...
****message.ans
...T
F
T
T
T
T
T
T
T
T
...
****

(21:10:04) Person=陆浩明 Item=message Test=10
(21:10:04) 判错理由：输出与答案不同。
(21:10:04) 详细信息：
发现不同：
****message.out
...T
T
T
T
T
T
T
T
T
T
...
****message.ans
...T
T
T
T
F
T
T
T
T
T
...
****

(21:10:04) Person=陆浩明 Item=car
(21:10:04) 判错理由：未找到有效的源文件。

(21:10:04) Person=陆浩明 Item=best Test=1
(21:10:04) 判错理由：输出与答案不同。
(21:10:04) 详细信息：
发现不同：
****best.out
...36
...
****best.ans
...30...
****

(21:10:04) Person=陆浩明 Item=best Test=2
(21:10:04) 判错理由：输出与答案不同。
(21:10:04) 详细信息：
发现不同：
****best.out
...2109448394
...
****best.ans
...351830061369059395770479886751...
****

(21:10:04) Person=陆浩明 Item=best Test=3
(21:10:04) 判错理由：输出与答案不同。
(21:10:04) 详细信息：
发现不同：
****best.out
...16
...
****best.ans
...15...
****

(21:10:04) Person=陆浩明 Item=best Test=4
(21:10:04) 判错理由：输出与答案不同。
(21:10:04) 详细信息：
发现不同：
****best.out
...516560652
...
****best.ans
...3991680...
****

(21:10:05) Person=陆浩明 Item=best Test=5
(21:10:05) 判错理由：输出与答案不同。
(21:10:05) 详细信息：
发现不同：
****best.out
...2017969976
...
****best.ans
...17435658240...
****

(21:10:05) Person=陆浩明 Item=best Test=6
(21:10:05) 判错理由：输出与答案不同。
(21:10:05) 详细信息：
发现不同：
****best.out
...1977800241
...
****best.ans
...21794572800...
****

(21:10:05) Person=陆浩明 Item=best Test=7
(21:10:05) 判错理由：输出与答案不同。
(21:10:05) 详细信息：
发现不同：
****best.out
...1530182129
...
****best.ans
...13516122267648000...
****

(21:10:05) Person=陆浩明 Item=best Test=8
(21:10:05) 判错理由：输出与答案不同。
(21:10:05) 详细信息：
发现不同：
****best.out
...1977800241
...
****best.ans
...562000363888803840000...
****

(21:10:05) Person=陆浩明 Item=best Test=9
(21:10:05) 判错理由：输出与答案不同。
(21:10:05) 详细信息：
发现不同：
****best.out
...2080374784
...
****best.ans
...917583539415089669754398638772...
****

(21:10:05) Person=陆浩明 Item=best Test=10
(21:10:05) 判错理由：输出与答案不同。
(21:10:05) 详细信息：
发现不同：
****best.out
...2095525607
...
****best.ans
...100357579839491421324510186160...
****

(21:10:05) Person=陆页开 Item=tree Test=1
(21:10:05) 判错理由：输出与答案不同。
(21:10:05) 详细信息：
发现不同：
****tree.out
...8
...
****tree.ans
...120
...
****

(21:10:05) Person=陆页开 Item=tree Test=2
(21:10:05) 判错理由：输出与答案不同。
(21:10:05) 详细信息：
发现不同：
****tree.out
...2053
...
****tree.ans
...460897
...
****

(21:10:05) Person=陆页开 Item=tree Test=3
(21:10:05) 判错理由：输出与答案不同。
(21:10:05) 详细信息：
发现不同：
****tree.out
...8
...
****tree.ans
...157
...
****

(21:10:05) Person=陆页开 Item=tree Test=4
(21:10:05) 判错理由：输出与答案不同。
(21:10:05) 详细信息：
发现不同：
****tree.out
...8
...
****tree.ans
...39
...
****

(21:10:05) Person=陆页开 Item=tree Test=5
(21:10:05) 判错理由：输出与答案不同。
(21:10:05) 详细信息：
发现不同：
****tree.out
...81
...
****tree.ans
...9999
...
****

(21:10:06) Person=陆页开 Item=tree Test=6
(21:10:06) 判错理由：输出与答案不同。
(21:10:06) 详细信息：
发现不同：
****tree.out
...87
...
****tree.ans
...10660
...
****

(21:10:06) Person=陆页开 Item=tree Test=7
(21:10:06) 判错理由：输出与答案不同。
(21:10:06) 详细信息：
发现不同：
****tree.out
...577
...
****tree.ans
...18879
...
****

(21:10:06) Person=陆页开 Item=tree Test=8
(21:10:06) 判错理由：输出与答案不同。
(21:10:06) 详细信息：
发现不同：
****tree.out
...229
...
****tree.ans
...4208
...
****

(21:10:06) Person=陆页开 Item=tree Test=9
(21:10:06) 判错理由：输出与答案不同。
(21:10:06) 详细信息：
发现不同：
****tree.out
...3229
...
****tree.ans
...246434
...
****

(21:10:06) Person=陆页开 Item=tree Test=10
(21:10:06) 判错理由：输出与答案不同。
(21:10:06) 详细信息：
发现不同：
****tree.out
...7731
...
****tree.ans
...404204
...
****

(21:10:07) Person=陆页开 Item=message Test=4
(21:10:07) 判错理由：输出与答案不同。
(21:10:07) 详细信息：
发现不同：
****message.out
...F
T
F
F
F
T
F
T
T
T
...
****message.ans
...F
T
T
T
F
T
T
T
T
T
...
****

(21:10:08) Person=陆页开 Item=message Test=5
(21:10:08) 判错理由：输出与答案不同。
(21:10:08) 详细信息：
发现不同：
****message.out
...T
F
F
F
F
F
F
F
F
F
...
****message.ans
...T
F
F
T
F
F
F
F
F
F
...
****

(21:10:08) Person=陆页开 Item=message Test=6
(21:10:08) 判错理由：输出与答案不同。
(21:10:08) 详细信息：
发现不同：
****message.out
...F
T
T
T
T
F
T
F
T
T
...
****message.ans
...T
T
T
T
T
T
T
F
T
T
...
****

(21:10:09) Person=陆页开 Item=message Test=7
(21:10:09) 判错理由：输出与答案不同。
(21:10:09) 详细信息：
发现不同：
****message.out
...T
T
T
T
F
T
T
T
T
T
...
****message.ans
...T
T
T
T
T
T
T
T
T
T
...
****

(21:10:09) Person=陆页开 Item=message Test=8
(21:10:09) 判错理由：输出与答案不同。
(21:10:09) 详细信息：
发现不同：
****message.out
...T
T
T
T
T
T
T
T
F
T
...
****message.ans
...T
T
T
T
T
T
T
T
T
T
...
****

(21:10:10) Person=陆页开 Item=message Test=9
(21:10:10) 判错理由：运行超时。
(21:10:10) 程序返回值：259
(21:10:10) 程序返回信息：
运行超时。


(21:10:10) Person=陆页开 Item=message Test=10
(21:10:10) 判错理由：输出与答案不同。
(21:10:10) 详细信息：
发现不同：
****message.out
...T
T
T
T
T
T
T
T
F
T
...
****message.ans
...T
T
T
T
T
T
T
T
T
T
...
****

(21:10:10) Person=陆页开 Item=car
(21:10:10) 判错理由：未找到有效的源文件。

(21:10:11) Person=陆页开 Item=best Test=1
(21:10:11) 判错理由：输出与答案不同。
(21:10:11) 详细信息：
发现不同：
****best.out
...30
...
****best.ans
...30...
****

(21:10:11) Person=陆页开 Item=best Test=2
(21:10:11) 判错理由：输出与答案不同。
(21:10:11) 详细信息：
发现不同：
****best.out
...0
...
****best.ans
...351830061369059395770479886751...
****

(21:10:11) Person=陆页开 Item=best Test=3
(21:10:11) 判错理由：输出与答案不同。
(21:10:11) 详细信息：
发现不同：
****best.out
...18
...
****best.ans
...15...
****

(21:10:11) Person=陆页开 Item=best Test=4
(21:10:11) 判错理由：输出与答案不同。
(21:10:11) 详细信息：
发现不同：
****best.out
...0
...
****best.ans
...3991680...
****

(21:10:11) Person=陆页开 Item=best Test=5
(21:10:11) 判错理由：输出与答案不同。
(21:10:11) 详细信息：
发现不同：
****best.out
...0
...
****best.ans
...17435658240...
****

(21:10:11) Person=陆页开 Item=best Test=6
(21:10:11) 判错理由：输出与答案不同。
(21:10:11) 详细信息：
发现不同：
****best.out
...0
...
****best.ans
...21794572800...
****

(21:10:11) Person=陆页开 Item=best Test=7
(21:10:11) 判错理由：输出与答案不同。
(21:10:11) 详细信息：
发现不同：
****best.out
...0
...
****best.ans
...13516122267648000...
****

(21:10:11) Person=陆页开 Item=best Test=8
(21:10:11) 判错理由：输出与答案不同。
(21:10:11) 详细信息：
发现不同：
****best.out
...0
...
****best.ans
...562000363888803840000...
****

(21:10:11) Person=陆页开 Item=best Test=9
(21:10:11) 判错理由：输出与答案不同。
(21:10:11) 详细信息：
发现不同：
****best.out
...0
...
****best.ans
...917583539415089669754398638772...
****

(21:10:11) Person=陆页开 Item=best Test=10
(21:10:11) 判错理由：输出与答案不同。
(21:10:11) 详细信息：
发现不同：
****best.out
...0
...
****best.ans
...100357579839491421324510186160...
****

(21:10:12) Person=高胜寒 Item=tree Test=1
(21:10:12) 判错理由：输出与答案不同。
(21:10:12) 详细信息：
发现不同：
****tree.out
...109
...
****tree.ans
...120
...
****

(21:10:12) Person=高胜寒 Item=tree Test=2
(21:10:12) 判错理由：输出与答案不同。
(21:10:12) 详细信息：
发现不同：
****tree.out
...459550
...
****tree.ans
...460897
...
****

(21:10:12) Person=高胜寒 Item=tree Test=4
(21:10:12) 判错理由：输出与答案不同。
(21:10:12) 详细信息：
发现不同：
****tree.out
...33
...
****tree.ans
...39
...
****

(21:10:12) Person=高胜寒 Item=tree Test=6
(21:10:12) 判错理由：输出与答案不同。
(21:10:12) 详细信息：
发现不同：
****tree.out
...10433
...
****tree.ans
...10660
...
****

(21:10:13) Person=高胜寒 Item=message Test=2
(21:10:13) 判错理由：输出与答案不同。
(21:10:13) 详细信息：
发现不同：
****message.out
...F
T
...
****message.ans
...F
F
...
****

(21:10:13) Person=高胜寒 Item=message Test=4
(21:10:13) 判错理由：输出与答案不同。
(21:10:13) 详细信息：
发现不同：
****message.out
...F
T
T
T
T
T
T
T
T
T
...
****message.ans
...F
T
T
T
F
T
T
T
T
T
...
****

(21:10:13) Person=高胜寒 Item=message Test=5
(21:10:13) 判错理由：输出与答案不同。
(21:10:13) 详细信息：
发现不同：
****message.out
...T
F
F
T
F
F
T
F
F
F
...
****message.ans
...T
F
F
T
F
F
F
F
F
F
...
****

(21:10:13) Person=高胜寒 Item=message Test=6
(21:10:13) 判错理由：输出与答案不同。
(21:10:13) 详细信息：
发现不同：
****message.out
...T
T
T
T
T
T
T
T
T
T
...
****message.ans
...T
T
T
T
F
T
T
T
T
T
...
****

(21:10:13) Person=高胜寒 Item=message Test=7
(21:10:13) 判错理由：输出与答案不同。
(21:10:13) 详细信息：
发现不同：
****message.out
...T
F
T
T
T
T
T
T
T
T
...
****message.ans
...T
F
T
T
T
T
T
F
T
T
...
****

(21:10:13) Person=高胜寒 Item=message Test=8
(21:10:13) 判错理由：输出与答案不同。
(21:10:13) 详细信息：
发现不同：
****message.out
...T
T
T
T
T
T
T
T
T
T
...
****message.ans
...T
F
T
T
T
T
T
T
T
T
...
****

(21:10:13) Person=高胜寒 Item=message Test=9
(21:10:13) 判错理由：输出与答案不同。
(21:10:13) 详细信息：
发现不同：
****message.out
...T
T
T
T
T
T
T
T
T
T
...
****message.ans
...T
F
T
T
T
T
T
T
T
T
...
****

(21:10:13) Person=高胜寒 Item=message Test=10
(21:10:13) 判错理由：输出与答案不同。
(21:10:13) 详细信息：
发现不同：
****message.out
...T
T
T
T
T
T
T
T
T
T
...
****message.ans
...T
T
T
T
F
T
T
T
T
T
...
****

(21:10:14) Person=高胜寒 Item=car Test=2
(21:10:14) 判错理由：输出与答案不同。
(21:10:14) 详细信息：
发现不同：
****car.out
...3200.00
...
****car.ans
...45.71
...
****

(21:10:14) Person=高胜寒 Item=car Test=4
(21:10:14) 判错理由：输出与答案不同。
(21:10:14) 详细信息：
发现不同：
****car.out
...8000.00
...
****car.ans
...114.29
...
****

(21:10:14) Person=高胜寒 Item=car Test=5
(21:10:14) 判错理由：输出与答案不同。
(21:10:14) 详细信息：
发现不同：
****car.out
...500.00
...
****car.ans
...7.14
...
****

(21:10:14) Person=高胜寒 Item=car Test=6
(21:10:14) 判错理由：输出与答案不同。
(21:10:14) 详细信息：
发现不同：
****car.out
...1230.00
...
****car.ans
...17.57
...
****

(21:10:14) Person=高胜寒 Item=car Test=7
(21:10:14) 判错理由：输出与答案不同。
(21:10:14) 详细信息：
发现不同：
****car.out
...450.00
...
****car.ans
...6.43
...
****

(21:10:14) Person=高胜寒 Item=car Test=8
(21:10:14) 判错理由：输出与答案不同。
(21:10:14) 详细信息：
发现不同：
****car.out
...9990.00
...
****car.ans
...142.71
...
****

(21:10:14) Person=高胜寒 Item=car Test=10
(21:10:14) 判错理由：输出与答案不同。
(21:10:14) 详细信息：
发现不同：
****car.out
...3200.00
...
****car.ans
...45.71
...
****

(21:10:14) Person=高胜寒 Item=best Test=1
(21:10:14) 判错理由：输出与答案不同。
(21:10:14) 详细信息：
发现不同：
****best.out
...30
...
****best.ans
...30...
****

(21:10:14) Person=高胜寒 Item=best Test=2
(21:10:14) 判错理由：输出与答案不同。
(21:10:14) 详细信息：
发现不同：
****best.out
...332283946848556096005453226376...
****best.ans
...351830061369059395770479886751...
****

(21:10:14) Person=高胜寒 Item=best Test=4
(21:10:14) 判错理由：输出与答案不同。
(21:10:14) 详细信息：
发现不同：
****best.out
...3991680
...
****best.ans
...3991680...
****

(21:10:14) Person=高胜寒 Item=best Test=5
(21:10:14) 判错理由：输出与答案不同。
(21:10:14) 详细信息：
发现不同：
****best.out
...10538035200
...
****best.ans
...17435658240...
****

(21:10:15) Person=高胜寒 Item=best Test=6
(21:10:15) 判错理由：输出与答案不同。
(21:10:15) 详细信息：
发现不同：
****best.out
...11017036800
...
****best.ans
...21794572800...
****

(21:10:15) Person=高胜寒 Item=best Test=7
(21:10:15) 判错理由：输出与答案不同。
(21:10:15) 详细信息：
发现不同：
****best.out
...9959247986688000
...
****best.ans
...13516122267648000...
****

(21:10:15) Person=高胜寒 Item=best Test=8
(21:10:15) 判错理由：输出与答案不同。
(21:10:15) 详细信息：
发现不同：
****best.out
...99748982335242240000
...
****best.ans
...562000363888803840000...
****

(21:10:15) Person=高胜寒 Item=best Test=9
(21:10:15) 判错理由：输出与答案不同。
(21:10:15) 详细信息：
发现不同：
****best.out
...599322582050396405920665777576...
****best.ans
...917583539415089669754398638772...
****

(21:10:15) Person=高胜寒 Item=best Test=10
(21:10:15) 判错理由：输出与答案不同。
(21:10:15) 详细信息：
发现不同：
****best.out
...562981545441049436698471776021...
****best.ans
...100357579839491421324510186160...
****

(21:10:16) Person=黄嘉楠 Item=message Test=5
(21:10:16) 判错理由：Runtime-Error.
(21:10:16) 程序返回值：-1073741819
(21:10:16) 程序返回信息：


(21:10:16) Person=黄嘉楠 Item=message Test=6
(21:10:16) 判错理由：Runtime-Error.
(21:10:16) 程序返回值：106
(21:10:16) 程序返回信息：


(21:10:16) Person=黄嘉楠 Item=message Test=7
(21:10:16) 判错理由：Runtime-Error.
(21:10:16) 程序返回值：106
(21:10:16) 程序返回信息：


(21:10:16) Person=黄嘉楠 Item=message Test=8
(21:10:16) 判错理由：Runtime-Error.
(21:10:16) 程序返回值：106
(21:10:16) 程序返回信息：


(21:10:16) Person=黄嘉楠 Item=message Test=9
(21:10:16) 判错理由：Runtime-Error.
(21:10:16) 程序返回值：106
(21:10:16) 程序返回信息：


(21:10:16) Person=黄嘉楠 Item=message Test=10
(21:10:16) 判错理由：输出与答案不同。
(21:10:16) 详细信息：
发现不同：
****message.out
...F
T
T
T
T
T
T
T
T
T
...
****message.ans
...T
T
T
T
T
T
T
T
T
T
...
****

(21:10:16) Person=黄嘉楠 Item=car
(21:10:16) 判错理由：未找到有效的源文件。

(21:10:17) Person=黄嘉楠 Item=best Test=1
(21:10:17) 判错理由：输出与答案不同。
(21:10:17) 详细信息：
发现不同：
****best.out
...36
...
****best.ans
...30...
****

(21:10:17) Person=黄嘉楠 Item=best Test=2
(21:10:17) 判错理由：输出与答案不同。
(21:10:17) 详细信息：
发现不同：
****best.out
...0
...
****best.ans
...351830061369059395770479886751...
****

(21:10:17) Person=黄嘉楠 Item=best Test=3
(21:10:17) 判错理由：输出与答案不同。
(21:10:17) 详细信息：
发现不同：
****best.out
...12
...
****best.ans
...15...
****

(21:10:17) Person=黄嘉楠 Item=best Test=4
(21:10:17) 判错理由：输出与答案不同。
(21:10:17) 详细信息：
发现不同：
****best.out
...5443200
...
****best.ans
...3991680...
****

(21:10:17) Person=黄嘉楠 Item=best Test=5
(21:10:17) 判错理由：输出与答案不同。
(21:10:17) 详细信息：
发现不同：
****best.out
...-111123968
...
****best.ans
...17435658240...
****

(21:10:17) Person=黄嘉楠 Item=best Test=6
(21:10:17) 判错理由：输出与答案不同。
(21:10:17) 详细信息：
发现不同：
****best.out
...-1292580864
...
****best.ans
...21794572800...
****

(21:10:17) Person=黄嘉楠 Item=best Test=7
(21:10:17) 判错理由：输出与答案不同。
(21:10:17) 详细信息：
发现不同：
****best.out
...-1095630848
...
****best.ans
...13516122267648000...
****

(21:10:17) Person=黄嘉楠 Item=best Test=8
(21:10:17) 判错理由：输出与答案不同。
(21:10:17) 详细信息：
发现不同：
****best.out
...-261357568
...
****best.ans
...562000363888803840000...
****

(21:10:17) Person=黄嘉楠 Item=best Test=9
(21:10:17) 判错理由：输出与答案不同。
(21:10:17) 详细信息：
发现不同：
****best.out
...0
...
****best.ans
...917583539415089669754398638772...
****

(21:10:17) Person=黄嘉楠 Item=best Test=10
(21:10:17) 判错理由：输出与答案不同。
(21:10:17) 详细信息：
发现不同：
****best.out
...0
...
****best.ans
...100357579839491421324510186160...
****
