
(21:08:54) 开始评测选手“万清甫”
(21:08:54) tree:
(21:08:54) 找到tree.pas
(21:08:54) 开始编译……
(21:08:54) 编译成功。
(21:08:54) 测试点1(tree1.in)：
(21:08:54) 开始运行……
(21:08:54) 运行结束。耗时0.046秒，最大内存占用1372KB。
(21:08:54) 检查答案……
(21:08:54) 正确！
(21:08:54) 得分：10
(21:08:54) 测试点2(tree2.in)：
(21:08:54) 开始运行……
(21:08:54) 运行结束。耗时0.016秒，最大内存占用1404KB。
(21:08:54) 检查答案……
(21:08:54) 正确！
(21:08:54) 得分：10
(21:08:54) 测试点3(tree3.in)：
(21:08:54) 开始运行……
(21:08:54) 运行结束。耗时0.015秒，最大内存占用1376KB。
(21:08:54) 检查答案……
(21:08:54) 正确！
(21:08:54) 得分：10
(21:08:54) 测试点4(tree4.in)：
(21:08:54) 开始运行……
(21:08:54) 运行结束。耗时0.015秒，最大内存占用1372KB。
(21:08:54) 检查答案……
(21:08:54) 正确！
(21:08:54) 得分：10
(21:08:54) 测试点5(tree5.in)：
(21:08:54) 开始运行……
(21:08:54) 运行结束。耗时0.015秒，最大内存占用1376KB。
(21:08:54) 检查答案……
(21:08:54) 正确！
(21:08:54) 得分：10
(21:08:54) 测试点6(tree6.in)：
(21:08:54) 开始运行……
(21:08:54) 运行结束。耗时0.015秒，最大内存占用1384KB。
(21:08:54) 检查答案……
(21:08:54) 正确！
(21:08:54) 得分：10
(21:08:54) 测试点7(tree7.in)：
(21:08:54) 开始运行……
(21:08:54) 运行结束。耗时0.015秒，最大内存占用1384KB。
(21:08:54) 检查答案……
(21:08:54) 正确！
(21:08:54) 得分：10
(21:08:54) 测试点8(tree8.in)：
(21:08:54) 开始运行……
(21:08:54) 运行结束。耗时0.016秒，最大内存占用1376KB。
(21:08:54) 检查答案……
(21:08:54) 正确！
(21:08:54) 得分：10
(21:08:54) 测试点9(tree9.in)：
(21:08:54) 开始运行……
(21:08:54) 运行结束。耗时0.015秒，最大内存占用1392KB。
(21:08:54) 检查答案……
(21:08:54) 正确！
(21:08:54) 得分：10
(21:08:54) 测试点10(tree10.in)：
(21:08:54) 开始运行……
(21:08:54) 运行结束。耗时0.016秒，最大内存占用1404KB。
(21:08:54) 检查答案……
(21:08:54) 正确！
(21:08:54) 得分：10
(21:08:54) tree总得分：100
(21:08:54) message:
(21:08:54) 找到message.pas
(21:08:54) 开始编译……
(21:08:55) 编译成功。
(21:08:55) 测试点1(message1.in)：
(21:08:55) 开始运行……
(21:08:55) 运行结束。耗时0.031秒，最大内存占用1436KB。
(21:08:55) Runtime-Error:101
(21:08:55) 得分：0
(21:08:55) 测试点2(message2.in)：
(21:08:55) 开始运行……
(21:08:55) 运行结束。耗时0.016秒，最大内存占用1424KB。
(21:08:55) Runtime-Error:101
(21:08:55) 得分：0
(21:08:56) 测试点3(message3.in)：
(21:08:56) 开始运行……
(21:08:56) 运行结束。耗时0.016秒，最大内存占用1400KB。
(21:08:56) Runtime-Error:101
(21:08:56) 得分：0
(21:08:56) 测试点4(message4.in)：
(21:08:56) 开始运行……
(21:08:56) 运行结束。耗时0.016秒，最大内存占用1468KB。
(21:08:56) Runtime-Error:101
(21:08:56) 得分：0
(21:08:56) 测试点5(message5.in)：
(21:08:56) 开始运行……
(21:08:57) 运行结束。耗时1.015秒，最大内存占用4212KB。
(21:08:57) 运行超时。
(21:08:57) 得分：0
(21:08:57) 测试点6(message6.in)：
(21:08:57) 开始运行……
(21:08:58) 运行结束。耗时1.016秒，最大内存占用3892KB。
(21:08:58) 运行超时。
(21:08:58) 得分：0
(21:08:58) 测试点7(message7.in)：
(21:08:58) 开始运行……
(21:08:59) 运行结束。耗时1.016秒，最大内存占用5480KB。
(21:08:59) 运行超时。
(21:08:59) 得分：0
(21:08:59) 测试点8(message8.in)：
(21:08:59) 开始运行……
(21:09:00) 运行结束。耗时1.015秒，最大内存占用4440KB。
(21:09:00) 运行超时。
(21:09:00) 得分：0
(21:09:00) 测试点9(message9.in)：
(21:09:00) 开始运行……
(21:09:01) 运行结束。耗时1.016秒，最大内存占用5692KB。
(21:09:01) 运行超时。
(21:09:01) 得分：0
(21:09:01) 测试点10(message10.in)：
(21:09:01) 开始运行……
(21:09:02) 运行结束。耗时1.031秒，最大内存占用2384KB。
(21:09:02) 运行超时。
(21:09:02) 得分：0
(21:09:02) message总得分：0
(21:09:02) car:
(21:09:02) 找到car.pas
(21:09:02) 开始编译……
(21:09:02) 编译成功。
(21:09:02) 测试点1(car1.in)：
(21:09:02) 开始运行……
(21:09:02) 运行结束。耗时0.047秒，最大内存占用1372KB。
(21:09:02) 检查答案……
(21:09:02) 正确！
(21:09:02) 得分：10
(21:09:02) 测试点2(car2.in)：
(21:09:02) 开始运行……
(21:09:02) 运行结束。耗时0.016秒，最大内存占用1372KB。
(21:09:02) 检查答案……
(21:09:02) 正确！
(21:09:02) 得分：10
(21:09:02) 测试点3(car3.in)：
(21:09:02) 开始运行……
(21:09:02) 运行结束。耗时0.015秒，最大内存占用1372KB。
(21:09:02) 检查答案……
(21:09:02) 正确！
(21:09:02) 得分：10
(21:09:02) 测试点4(car4.in)：
(21:09:02) 开始运行……
(21:09:02) 运行结束。耗时0.015秒，最大内存占用1380KB。
(21:09:02) 检查答案……
(21:09:02) 正确！
(21:09:02) 得分：10
(21:09:02) 测试点5(car5.in)：
(21:09:02) 开始运行……
(21:09:02) 运行结束。耗时0.016秒，最大内存占用1372KB。
(21:09:02) 检查答案……
(21:09:02) 正确！
(21:09:02) 得分：10
(21:09:02) 测试点6(car6.in)：
(21:09:02) 开始运行……
(21:09:02) 运行结束。耗时0.016秒，最大内存占用1372KB。
(21:09:02) 检查答案……
(21:09:02) 正确！
(21:09:02) 得分：10
(21:09:02) 测试点7(car7.in)：
(21:09:02) 开始运行……
(21:09:02) 运行结束。耗时0.015秒，最大内存占用1372KB。
(21:09:02) 检查答案……
(21:09:02) 正确！
(21:09:02) 得分：10
(21:09:02) 测试点8(car8.in)：
(21:09:02) 开始运行……
(21:09:02) 运行结束。耗时0.015秒，最大内存占用1380KB。
(21:09:02) 检查答案……
(21:09:03) 正确！
(21:09:03) 得分：10
(21:09:03) 测试点9(car9.in)：
(21:09:03) 开始运行……
(21:09:03) 运行结束。耗时0.031秒，最大内存占用1380KB。
(21:09:03) 检查答案……
(21:09:03) 答案错误。
(21:09:03) 得分：0
(21:09:03) 测试点10(car10.in)：
(21:09:03) 开始运行……
(21:09:03) 运行结束。耗时0.016秒，最大内存占用1376KB。
(21:09:03) 检查答案……
(21:09:03) 正确！
(21:09:03) 得分：10
(21:09:03) car总得分：90
(21:09:03) best:
(21:09:03) 未找到有效的源文件。
(21:09:03) best总得分：0
(21:09:03) 选手“万清甫”最终得分：190

(21:09:03) 开始评测选手“刘敞”
(21:09:03) tree:
(21:09:03) 找到tree.pas
(21:09:03) 开始编译……
(21:09:03) 编译成功。
(21:09:03) 测试点1(tree1.in)：
(21:09:03) 开始运行……
(21:09:03) 运行结束。耗时0.047秒，最大内存占用1376KB。
(21:09:03) 检查答案……
(21:09:03) 正确！
(21:09:03) 得分：10
(21:09:03) 测试点2(tree2.in)：
(21:09:03) 开始运行……
(21:09:03) 运行结束。耗时0.062秒，最大内存占用1408KB。
(21:09:03) 检查答案……
(21:09:03) 答案错误。
(21:09:03) 得分：0
(21:09:03) 测试点3(tree3.in)：
(21:09:03) 开始运行……
(21:09:03) 运行结束。耗时0.016秒，最大内存占用1376KB。
(21:09:03) 检查答案……
(21:09:03) 正确！
(21:09:03) 得分：10
(21:09:03) 测试点4(tree4.in)：
(21:09:03) 开始运行……
(21:09:03) 运行结束。耗时0.015秒，最大内存占用1372KB。
(21:09:03) 检查答案……
(21:09:03) 答案错误。
(21:09:03) 得分：0
(21:09:03) 测试点5(tree5.in)：
(21:09:03) 开始运行……
(21:09:03) 运行结束。耗时0.015秒，最大内存占用1376KB。
(21:09:03) 检查答案……
(21:09:03) 答案错误。
(21:09:03) 得分：0
(21:09:03) 测试点6(tree6.in)：
(21:09:03) 开始运行……
(21:09:03) 运行结束。耗时0.078秒，最大内存占用1384KB。
(21:09:03) 检查答案……
(21:09:03) 答案错误。
(21:09:03) 得分：0
(21:09:03) 测试点7(tree7.in)：
(21:09:03) 开始运行……
(21:09:03) 运行结束。耗时0.016秒，最大内存占用1388KB。
(21:09:03) 检查答案……
(21:09:03) 正确！
(21:09:03) 得分：10
(21:09:03) 测试点8(tree8.in)：
(21:09:03) 开始运行……
(21:09:03) 运行结束。耗时0.015秒，最大内存占用1376KB。
(21:09:03) 检查答案……
(21:09:03) 答案错误。
(21:09:03) 得分：0
(21:09:03) 测试点9(tree9.in)：
(21:09:03) 开始运行……
(21:09:03) 运行结束。耗时0.015秒，最大内存占用1388KB。
(21:09:03) 检查答案……
(21:09:03) 正确！
(21:09:03) 得分：10
(21:09:03) 测试点10(tree10.in)：
(21:09:03) 开始运行……
(21:09:04) 运行结束。耗时0.078秒，最大内存占用1404KB。
(21:09:04) 检查答案……
(21:09:04) 答案错误。
(21:09:04) 得分：0
(21:09:04) tree总得分：40
(21:09:04) message:
(21:09:04) 找到message.pas
(21:09:04) 开始编译……
(21:09:04) 编译成功。
(21:09:04) 测试点1(message1.in)：
(21:09:04) 开始运行……
(21:09:04) 运行结束。耗时0.031秒，最大内存占用1376KB。
(21:09:04) 检查答案……
(21:09:04) 正确！
(21:09:04) 得分：10
(21:09:04) 测试点2(message2.in)：
(21:09:04) 开始运行……
(21:09:04) 运行结束。耗时0.015秒，最大内存占用1376KB。
(21:09:04) 检查答案……
(21:09:04) 答案错误。
(21:09:04) 得分：0
(21:09:04) 测试点3(message3.in)：
(21:09:04) 开始运行……
(21:09:04) 运行结束。耗时0.016秒，最大内存占用1372KB。
(21:09:04) 检查答案……
(21:09:04) 正确！
(21:09:04) 得分：10
(21:09:04) 测试点4(message4.in)：
(21:09:04) 开始运行……
(21:09:04) 运行结束。耗时0.016秒，最大内存占用1388KB。
(21:09:04) 检查答案……
(21:09:04) 答案错误。
(21:09:04) 得分：0
(21:09:04) 测试点5(message5.in)：
(21:09:04) 开始运行……
(21:09:04) 运行结束。耗时0.016秒，最大内存占用2344KB。
(21:09:04) 检查答案……
(21:09:04) 答案错误。
(21:09:04) 得分：0
(21:09:04) 测试点6(message6.in)：
(21:09:04) 开始运行……
(21:09:04) 运行结束。耗时0.015秒，最大内存占用2208KB。
(21:09:04) 检查答案……
(21:09:04) 答案错误。
(21:09:04) 得分：0
(21:09:04) 测试点7(message7.in)：
(21:09:04) 开始运行……
(21:09:05) 运行结束。耗时0.078秒，最大内存占用2740KB。
(21:09:05) 检查答案……
(21:09:05) 答案错误。
(21:09:05) 得分：0
(21:09:05) 测试点8(message8.in)：
(21:09:05) 开始运行……
(21:09:05) 运行结束。耗时0.016秒，最大内存占用2392KB。
(21:09:05) 检查答案……
(21:09:05) 答案错误。
(21:09:05) 得分：0
(21:09:05) 测试点9(message9.in)：
(21:09:05) 开始运行……
(21:09:05) 运行结束。耗时0.016秒，最大内存占用2812KB。
(21:09:05) 检查答案……
(21:09:05) 答案错误。
(21:09:05) 得分：0
(21:09:05) 测试点10(message10.in)：
(21:09:05) 开始运行……
(21:09:05) 运行结束。耗时0.016秒，最大内存占用1712KB。
(21:09:05) 检查答案……
(21:09:05) 答案错误。
(21:09:05) 得分：0
(21:09:05) message总得分：20
(21:09:05) car:
(21:09:05) 未找到有效的源文件。
(21:09:05) car总得分：0
(21:09:05) best:
(21:09:05) 找到best.pas
(21:09:05) 开始编译……
(21:09:05) 编译成功。
(21:09:05) 测试点1(best1.in)：
(21:09:05) 开始运行……
(21:09:05) 运行结束。耗时0.016秒，最大内存占用1376KB。
(21:09:05) 检查答案……
(21:09:05) 答案错误。
(21:09:05) 得分：0
(21:09:05) 测试点2(best2.in)：
(21:09:05) 开始运行……
(21:09:05) 运行结束。耗时0.015秒，最大内存占用1372KB。
(21:09:05) 检查答案……
(21:09:05) 答案错误。
(21:09:05) 得分：0
(21:09:05) 测试点3(best3.in)：
(21:09:05) 开始运行……
(21:09:05) 运行结束。耗时0.016秒，最大内存占用1372KB。
(21:09:05) 检查答案……
(21:09:05) 答案错误。
(21:09:05) 得分：0
(21:09:05) 测试点4(best4.in)：
(21:09:05) 开始运行……
(21:09:05) 运行结束。耗时0.016秒，最大内存占用1376KB。
(21:09:05) 检查答案……
(21:09:05) 答案错误。
(21:09:05) 得分：0
(21:09:05) 测试点5(best5.in)：
(21:09:05) 开始运行……
(21:09:05) 运行结束。耗时0.016秒，最大内存占用1376KB。
(21:09:05) 检查答案……
(21:09:05) 答案错误。
(21:09:05) 得分：0
(21:09:05) 测试点6(best6.in)：
(21:09:05) 开始运行……
(21:09:05) 运行结束。耗时0.016秒，最大内存占用1372KB。
(21:09:05) 检查答案……
(21:09:05) 答案错误。
(21:09:05) 得分：0
(21:09:05) 测试点7(best7.in)：
(21:09:05) 开始运行……
(21:09:05) 运行结束。耗时0.015秒，最大内存占用1372KB。
(21:09:05) 检查答案……
(21:09:05) 答案错误。
(21:09:05) 得分：0
(21:09:05) 测试点8(best8.in)：
(21:09:05) 开始运行……
(21:09:06) 运行结束。耗时0.016秒，最大内存占用1372KB。
(21:09:06) 检查答案……
(21:09:06) 答案错误。
(21:09:06) 得分：0
(21:09:06) 测试点9(best9.in)：
(21:09:06) 开始运行……
(21:09:06) 运行结束。耗时0.015秒，最大内存占用1376KB。
(21:09:06) 检查答案……
(21:09:06) 答案错误。
(21:09:06) 得分：0
(21:09:06) 测试点10(best10.in)：
(21:09:06) 开始运行……
(21:09:06) 运行结束。耗时0.016秒，最大内存占用1372KB。
(21:09:06) 检查答案……
(21:09:06) 答案错误。
(21:09:06) 得分：0
(21:09:06) best总得分：0
(21:09:06) 选手“刘敞”最终得分：60

(21:09:06) 开始评测选手“吴昊”
(21:09:06) tree:
(21:09:06) 找到tree.pas
(21:09:06) 开始编译……
(21:09:06) 编译成功。
(21:09:06) 测试点1(tree1.in)：
(21:09:06) 开始运行……
(21:09:06) 运行结束。耗时0.047秒，最大内存占用1372KB。
(21:09:06) 检查答案……
(21:09:06) 正确！
(21:09:06) 得分：10
(21:09:06) 测试点2(tree2.in)：
(21:09:06) 开始运行……
(21:09:06) 运行结束。耗时0.015秒，最大内存占用1404KB。
(21:09:06) 检查答案……
(21:09:06) 答案错误。
(21:09:06) 得分：0
(21:09:06) 测试点3(tree3.in)：
(21:09:06) 开始运行……
(21:09:06) 运行结束。耗时0.016秒，最大内存占用1372KB。
(21:09:06) 检查答案……
(21:09:06) 正确！
(21:09:06) 得分：10
(21:09:06) 测试点4(tree4.in)：
(21:09:06) 开始运行……
(21:09:06) 运行结束。耗时0.016秒，最大内存占用1372KB。
(21:09:06) 检查答案……
(21:09:06) 答案错误。
(21:09:06) 得分：0
(21:09:06) 测试点5(tree5.in)：
(21:09:06) 开始运行……
(21:09:06) 运行结束。耗时0.016秒，最大内存占用1376KB。
(21:09:06) 检查答案……
(21:09:06) 答案错误。
(21:09:06) 得分：0
(21:09:06) 测试点6(tree6.in)：
(21:09:06) 开始运行……
(21:09:06) 运行结束。耗时0.016秒，最大内存占用1380KB。
(21:09:06) 检查答案……
(21:09:06) 答案错误。
(21:09:06) 得分：0
(21:09:06) 测试点7(tree7.in)：
(21:09:06) 开始运行……
(21:09:06) 运行结束。耗时0.016秒，最大内存占用1384KB。
(21:09:06) 检查答案……
(21:09:06) 正确！
(21:09:06) 得分：10
(21:09:06) 测试点8(tree8.in)：
(21:09:06) 开始运行……
(21:09:07) 运行结束。耗时0.016秒，最大内存占用1372KB。
(21:09:07) 检查答案……
(21:09:07) 答案错误。
(21:09:07) 得分：0
(21:09:07) 测试点9(tree9.in)：
(21:09:07) 开始运行……
(21:09:07) 运行结束。耗时0.016秒，最大内存占用1388KB。
(21:09:07) 检查答案……
(21:09:07) 正确！
(21:09:07) 得分：10
(21:09:07) 测试点10(tree10.in)：
(21:09:07) 开始运行……
(21:09:07) 运行结束。耗时0.015秒，最大内存占用1400KB。
(21:09:07) 检查答案……
(21:09:07) 答案错误。
(21:09:07) 得分：0
(21:09:07) tree总得分：40
(21:09:07) message:
(21:09:07) 找到message.pas
(21:09:07) 开始编译……
(21:09:07) 编译成功。
(21:09:07) 测试点1(message1.in)：
(21:09:07) 开始运行……
(21:09:07) 运行结束。耗时0.016秒，最大内存占用1372KB。
(21:09:07) 检查答案……
(21:09:07) 正确！
(21:09:07) 得分：10
(21:09:07) 测试点2(message2.in)：
(21:09:07) 开始运行……
(21:09:07) 运行结束。耗时0.016秒，最大内存占用1372KB。
(21:09:07) 检查答案……
(21:09:07) 正确！
(21:09:07) 得分：10
(21:09:07) 测试点3(message3.in)：
(21:09:07) 开始运行……
(21:09:07) 运行结束。耗时0.016秒，最大内存占用1372KB。
(21:09:07) 检查答案……
(21:09:07) 正确！
(21:09:07) 得分：10
(21:09:07) 测试点4(message4.in)：
(21:09:07) 开始运行……
(21:09:07) 运行结束。耗时0.016秒，最大内存占用1376KB。
(21:09:07) 检查答案……
(21:09:07) 正确！
(21:09:07) 得分：10
(21:09:07) 测试点5(message5.in)：
(21:09:07) 开始运行……
(21:09:07) 运行结束。耗时0.016秒，最大内存占用1556KB。
(21:09:07) 检查答案……
(21:09:07) 答案错误。
(21:09:07) 得分：0
(21:09:07) 测试点6(message6.in)：
(21:09:07) 开始运行……
(21:09:07) 运行结束。耗时0.015秒，最大内存占用1536KB。
(21:09:07) Runtime-Error:106
(21:09:07) 得分：0
(21:09:07) 测试点7(message7.in)：
(21:09:07) 开始运行……
(21:09:07) 运行结束。耗时0.016秒，最大内存占用1632KB。
(21:09:07) Runtime-Error:106
(21:09:07) 得分：0
(21:09:07) 测试点8(message8.in)：
(21:09:07) 开始运行……
(21:09:07) 运行结束。耗时0.047秒，最大内存占用1576KB。
(21:09:07) Runtime-Error:106
(21:09:07) 得分：0
(21:09:07) 测试点9(message9.in)：
(21:09:07) 开始运行……
(21:09:07) 运行结束。耗时0.093秒，最大内存占用1660KB。
(21:09:07) Runtime-Error:106
(21:09:07) 得分：0
(21:09:07) 测试点10(message10.in)：
(21:09:07) 开始运行……
(21:09:07) 运行结束。耗时0.016秒，最大内存占用1432KB。
(21:09:07) Runtime-Error:106
(21:09:07) 得分：0
(21:09:07) message总得分：40
(21:09:07) car:
(21:09:07) 找到car.pas
(21:09:07) 开始编译……
(21:09:08) 编译成功。
(21:09:08) 测试点1(car1.in)：
(21:09:08) 开始运行……
(21:09:08) 运行结束。耗时0.015秒，最大内存占用1368KB。
(21:09:08) 检查答案……
(21:09:08) 正确！
(21:09:08) 得分：10
(21:09:08) 测试点2(car2.in)：
(21:09:08) 开始运行……
(21:09:08) 运行结束。耗时0.015秒，最大内存占用1368KB。
(21:09:08) 检查答案……
(21:09:08) 正确！
(21:09:08) 得分：10
(21:09:08) 测试点3(car3.in)：
(21:09:08) 开始运行……
(21:09:08) 运行结束。耗时0.078秒，最大内存占用1368KB。
(21:09:08) 检查答案……
(21:09:08) 答案错误。
(21:09:08) 得分：0
(21:09:08) 测试点4(car4.in)：
(21:09:08) 开始运行……
(21:09:08) 运行结束。耗时0.016秒，最大内存占用1368KB。
(21:09:08) 检查答案……
(21:09:08) 正确！
(21:09:08) 得分：10
(21:09:08) 测试点5(car5.in)：
(21:09:08) 开始运行……
(21:09:08) 运行结束。耗时0.016秒，最大内存占用1368KB。
(21:09:08) 检查答案……
(21:09:08) 正确！
(21:09:08) 得分：10
(21:09:08) 测试点6(car6.in)：
(21:09:08) 开始运行……
(21:09:08) 运行结束。耗时0.016秒，最大内存占用1368KB。
(21:09:08) 检查答案……
(21:09:08) 正确！
(21:09:08) 得分：10
(21:09:08) 测试点7(car7.in)：
(21:09:08) 开始运行……
(21:09:08) 运行结束。耗时0.016秒，最大内存占用1368KB。
(21:09:08) 检查答案……
(21:09:08) 正确！
(21:09:08) 得分：10
(21:09:08) 测试点8(car8.in)：
(21:09:08) 开始运行……
(21:09:08) 运行结束。耗时0.016秒，最大内存占用1368KB。
(21:09:08) 检查答案……
(21:09:08) 正确！
(21:09:08) 得分：10
(21:09:08) 测试点9(car9.in)：
(21:09:08) 开始运行……
(21:09:08) 运行结束。耗时0.016秒，最大内存占用1368KB。
(21:09:08) 检查答案……
(21:09:08) 答案错误。
(21:09:08) 得分：0
(21:09:08) 测试点10(car10.in)：
(21:09:08) 开始运行……
(21:09:08) 运行结束。耗时0.015秒，最大内存占用1368KB。
(21:09:08) 检查答案……
(21:09:08) 正确！
(21:09:08) 得分：10
(21:09:08) car总得分：80
(21:09:08) best:
(21:09:08) 找到best.pas
(21:09:08) 开始编译……
(21:09:08) 编译成功。
(21:09:08) 测试点1(best1.in)：
(21:09:08) 开始运行……
(21:09:08) 运行结束。耗时0.032秒，最大内存占用1364KB。
(21:09:08) 检查答案……
(21:09:08) 答案错误。
(21:09:08) 得分：0
(21:09:08) 测试点2(best2.in)：
(21:09:08) 开始运行……
(21:09:08) 运行结束。耗时0.016秒，最大内存占用1364KB。
(21:09:08) 检查答案……
(21:09:09) 答案错误。
(21:09:09) 得分：0
(21:09:09) 测试点3(best3.in)：
(21:09:09) 开始运行……
(21:09:09) 运行结束。耗时0.015秒，最大内存占用1364KB。
(21:09:09) 检查答案……
(21:09:09) 答案错误。
(21:09:09) 得分：0
(21:09:09) 测试点4(best4.in)：
(21:09:09) 开始运行……
(21:09:09) 运行结束。耗时0.015秒，最大内存占用1364KB。
(21:09:09) 检查答案……
(21:09:09) 答案错误。
(21:09:09) 得分：0
(21:09:09) 测试点5(best5.in)：
(21:09:09) 开始运行……
(21:09:09) 运行结束。耗时0.016秒，最大内存占用1364KB。
(21:09:09) 检查答案……
(21:09:09) 答案错误。
(21:09:09) 得分：0
(21:09:09) 测试点6(best6.in)：
(21:09:09) 开始运行……
(21:09:09) 运行结束。耗时0.015秒，最大内存占用1364KB。
(21:09:09) 检查答案……
(21:09:09) 答案错误。
(21:09:09) 得分：0
(21:09:09) 测试点7(best7.in)：
(21:09:09) 开始运行……
(21:09:09) 运行结束。耗时0.016秒，最大内存占用1368KB。
(21:09:09) 检查答案……
(21:09:09) 答案错误。
(21:09:09) 得分：0
(21:09:09) 测试点8(best8.in)：
(21:09:09) 开始运行……
(21:09:09) 运行结束。耗时0.016秒，最大内存占用1364KB。
(21:09:09) 检查答案……
(21:09:09) 答案错误。
(21:09:09) 得分：0
(21:09:09) 测试点9(best9.in)：
(21:09:09) 开始运行……
(21:09:09) 运行结束。耗时0.016秒，最大内存占用1364KB。
(21:09:09) 检查答案……
(21:09:09) 答案错误。
(21:09:09) 得分：0
(21:09:09) 测试点10(best10.in)：
(21:09:09) 开始运行……
(21:09:09) 运行结束。耗时0.016秒，最大内存占用1364KB。
(21:09:09) 检查答案……
(21:09:09) 答案错误。
(21:09:09) 得分：0
(21:09:09) best总得分：0
(21:09:09) 选手“吴昊”最终得分：160

(21:09:09) 开始评测选手“姜承志”
(21:09:09) tree:
(21:09:09) 找到tree.pas
(21:09:09) 开始编译……
(21:09:10) 编译成功。
(21:09:10) 测试点1(tree1.in)：
(21:09:10) 开始运行……
(21:09:10) 运行结束。耗时0.031秒，最大内存占用1368KB。
(21:09:10) 检查答案……
(21:09:10) 正确！
(21:09:10) 得分：10
(21:09:10) 测试点2(tree2.in)：
(21:09:10) 开始运行……
(21:09:10) 运行结束。耗时0.016秒，最大内存占用1372KB。
(21:09:10) 检查答案……
(21:09:10) 答案错误。
(21:09:10) 得分：0
(21:09:10) 测试点3(tree3.in)：
(21:09:10) 开始运行……
(21:09:10) 运行结束。耗时0.032秒，最大内存占用1368KB。
(21:09:10) 检查答案……
(21:09:10) 正确！
(21:09:10) 得分：10
(21:09:10) 测试点4(tree4.in)：
(21:09:10) 开始运行……
(21:09:10) 运行结束。耗时0.015秒，最大内存占用1368KB。
(21:09:10) 检查答案……
(21:09:10) 正确！
(21:09:10) 得分：10
(21:09:10) 测试点5(tree5.in)：
(21:09:10) 开始运行……
(21:09:10) 运行结束。耗时0.016秒，最大内存占用1368KB。
(21:09:10) 检查答案……
(21:09:10) 正确！
(21:09:10) 得分：10
(21:09:10) 测试点6(tree6.in)：
(21:09:10) 开始运行……
(21:09:10) 运行结束。耗时0.016秒，最大内存占用1368KB。
(21:09:10) 检查答案……
(21:09:10) 正确！
(21:09:10) 得分：10
(21:09:10) 测试点7(tree7.in)：
(21:09:10) 开始运行……
(21:09:10) 运行结束。耗时0.062秒，最大内存占用1368KB。
(21:09:10) 检查答案……
(21:09:10) 正确！
(21:09:10) 得分：10
(21:09:10) 测试点8(tree8.in)：
(21:09:10) 开始运行……
(21:09:10) 运行结束。耗时0.015秒，最大内存占用1368KB。
(21:09:10) 检查答案……
(21:09:10) 正确！
(21:09:10) 得分：10
(21:09:10) 测试点9(tree9.in)：
(21:09:10) 开始运行……
(21:09:10) 运行结束。耗时0.016秒，最大内存占用1372KB。
(21:09:10) 检查答案……
(21:09:10) 答案错误。
(21:09:10) 得分：0
(21:09:10) 测试点10(tree10.in)：
(21:09:10) 开始运行……
(21:09:10) 运行结束。耗时0.016秒，最大内存占用1372KB。
(21:09:10) 检查答案……
(21:09:10) 答案错误。
(21:09:10) 得分：0
(21:09:10) tree总得分：70
(21:09:10) message:
(21:09:10) 找到message.pas
(21:09:10) 开始编译……
(21:09:11) 编译成功。
(21:09:11) 测试点1(message1.in)：
(21:09:11) 开始运行……
(21:09:11) 运行结束。耗时0.031秒，最大内存占用1372KB。
(21:09:11) 检查答案……
(21:09:11) 正确！
(21:09:11) 得分：10
(21:09:11) 测试点2(message2.in)：
(21:09:11) 开始运行……
(21:09:11) 运行结束。耗时0.015秒，最大内存占用1376KB。
(21:09:11) 检查答案……
(21:09:11) 正确！
(21:09:11) 得分：10
(21:09:11) 测试点3(message3.in)：
(21:09:11) 开始运行……
(21:09:11) 运行结束。耗时0.015秒，最大内存占用1372KB。
(21:09:11) 检查答案……
(21:09:11) 正确！
(21:09:11) 得分：10
(21:09:11) 测试点4(message4.in)：
(21:09:11) 开始运行……
(21:09:11) 运行结束。耗时0.031秒，最大内存占用1380KB。
(21:09:11) 检查答案……
(21:09:11) 正确！
(21:09:11) 得分：10
(21:09:11) 测试点5(message5.in)：
(21:09:11) 开始运行……
(21:09:12) 运行结束。耗时1.016秒，最大内存占用34708KB。
(21:09:12) Runtime-Error:202
(21:09:12) 得分：0
(21:09:12) 测试点6(message6.in)：
(21:09:12) 开始运行……
(21:09:13) 运行结束。耗时1.016秒，最大内存占用32884KB。
(21:09:13) 运行超时。
(21:09:13) 得分：0
(21:09:13) 测试点7(message7.in)：
(21:09:13) 开始运行……
(21:09:14) 运行结束。耗时1.016秒，最大内存占用28016KB。
(21:09:14) 运行超时。
(21:09:14) 得分：0
(21:09:14) 测试点8(message8.in)：
(21:09:14) 开始运行……
(21:09:15) 运行结束。耗时1.015秒，最大内存占用34284KB。
(21:09:15) 运行超时。
(21:09:15) 得分：0
(21:09:15) 测试点9(message9.in)：
(21:09:15) 开始运行……
(21:09:16) 运行结束。耗时1.015秒，最大内存占用17980KB。
(21:09:16) 运行超时。
(21:09:16) 得分：0
(21:09:16) 测试点10(message10.in)：
(21:09:16) 开始运行……
(21:09:16) 运行结束。耗时0.016秒，最大内存占用1544KB。
(21:09:16) 检查答案……
(21:09:16) 正确！
(21:09:16) 得分：10
(21:09:16) message总得分：50
(21:09:16) car:
(21:09:16) 找到car.pas
(21:09:16) 开始编译……
(21:09:16) 编译成功。
(21:09:16) 测试点1(car1.in)：
(21:09:16) 开始运行……
(21:09:16) 运行结束。耗时0.016秒，最大内存占用1368KB。
(21:09:16) 检查答案……
(21:09:16) 正确！
(21:09:16) 得分：10
(21:09:16) 测试点2(car2.in)：
(21:09:16) 开始运行……
(21:09:16) 运行结束。耗时0.016秒，最大内存占用1368KB。
(21:09:16) 检查答案……
(21:09:16) 正确！
(21:09:16) 得分：10
(21:09:16) 测试点3(car3.in)：
(21:09:16) 开始运行……
(21:09:16) 运行结束。耗时0.016秒，最大内存占用1372KB。
(21:09:16) 检查答案……
(21:09:16) 答案错误。
(21:09:16) 得分：0
(21:09:16) 测试点4(car4.in)：
(21:09:16) 开始运行……
(21:09:17) 运行结束。耗时0.015秒，最大内存占用1368KB。
(21:09:17) 检查答案……
(21:09:17) 正确！
(21:09:17) 得分：10
(21:09:17) 测试点5(car5.in)：
(21:09:17) 开始运行……
(21:09:17) 运行结束。耗时0.016秒，最大内存占用1368KB。
(21:09:17) 检查答案……
(21:09:17) 正确！
(21:09:17) 得分：10
(21:09:17) 测试点6(car6.in)：
(21:09:17) 开始运行……
(21:09:17) 运行结束。耗时0.015秒，最大内存占用1368KB。
(21:09:17) 检查答案……
(21:09:17) 正确！
(21:09:17) 得分：10
(21:09:17) 测试点7(car7.in)：
(21:09:17) 开始运行……
(21:09:17) 运行结束。耗时0.016秒，最大内存占用1372KB。
(21:09:17) 检查答案……
(21:09:17) 正确！
(21:09:17) 得分：10
(21:09:17) 测试点8(car8.in)：
(21:09:17) 开始运行……
(21:09:17) 运行结束。耗时0.016秒，最大内存占用1368KB。
(21:09:17) 检查答案……
(21:09:17) 正确！
(21:09:17) 得分：10
(21:09:17) 测试点9(car9.in)：
(21:09:17) 开始运行……
(21:09:17) 运行结束。耗时0.015秒，最大内存占用1368KB。
(21:09:17) 检查答案……
(21:09:17) 答案错误。
(21:09:17) 得分：0
(21:09:17) 测试点10(car10.in)：
(21:09:17) 开始运行……
(21:09:17) 运行结束。耗时0.016秒，最大内存占用1372KB。
(21:09:17) 检查答案……
(21:09:17) 正确！
(21:09:17) 得分：10
(21:09:17) car总得分：80
(21:09:17) best:
(21:09:17) 找到best.pas
(21:09:17) 开始编译……
(21:09:17) 编译成功。
(21:09:17) 测试点1(best1.in)：
(21:09:17) 开始运行……
(21:09:17) 运行结束。耗时0.015秒，最大内存占用1368KB。
(21:09:17) 检查答案……
(21:09:17) 答案错误。
(21:09:17) 得分：0
(21:09:17) 测试点2(best2.in)：
(21:09:17) 开始运行……
(21:09:17) 运行结束。耗时0.016秒，最大内存占用1372KB。
(21:09:17) 检查答案……
(21:09:17) 答案错误。
(21:09:17) 得分：0
(21:09:17) 测试点3(best3.in)：
(21:09:17) 开始运行……
(21:09:17) 运行结束。耗时0.016秒，最大内存占用1372KB。
(21:09:17) 检查答案……
(21:09:17) 答案错误。
(21:09:17) 得分：0
(21:09:17) 测试点4(best4.in)：
(21:09:17) 开始运行……
(21:09:18) 运行结束。耗时0.125秒，最大内存占用1368KB。
(21:09:18) 检查答案……
(21:09:18) 答案错误。
(21:09:18) 得分：0
(21:09:18) 测试点5(best5.in)：
(21:09:18) 开始运行……
(21:09:18) 运行结束。耗时0.016秒，最大内存占用1372KB。
(21:09:18) 检查答案……
(21:09:18) 答案错误。
(21:09:18) 得分：0
(21:09:18) 测试点6(best6.in)：
(21:09:18) 开始运行……
(21:09:18) 运行结束。耗时0.015秒，最大内存占用1368KB。
(21:09:18) 检查答案……
(21:09:18) 答案错误。
(21:09:18) 得分：0
(21:09:18) 测试点7(best7.in)：
(21:09:18) 开始运行……
(21:09:18) 运行结束。耗时0.016秒，最大内存占用1368KB。
(21:09:18) 检查答案……
(21:09:18) 答案错误。
(21:09:18) 得分：0
(21:09:18) 测试点8(best8.in)：
(21:09:18) 开始运行……
(21:09:18) 运行结束。耗时0.125秒，最大内存占用1372KB。
(21:09:18) 检查答案……
(21:09:18) 答案错误。
(21:09:18) 得分：0
(21:09:18) 测试点9(best9.in)：
(21:09:18) 开始运行……
(21:09:18) 运行结束。耗时0.016秒，最大内存占用1372KB。
(21:09:18) 检查答案……
(21:09:18) 答案错误。
(21:09:18) 得分：0
(21:09:18) 测试点10(best10.in)：
(21:09:18) 开始运行……
(21:09:18) 运行结束。耗时0.015秒，最大内存占用1372KB。
(21:09:18) 检查答案……
(21:09:18) 答案错误。
(21:09:18) 得分：0
(21:09:18) best总得分：0
(21:09:18) 选手“姜承志”最终得分：200

(21:09:18) 开始评测选手“小吴昊”
(21:09:18) tree:
(21:09:18) 找到tree.pas
(21:09:18) 开始编译……
(21:09:18) 编译成功。
(21:09:18) 测试点1(tree1.in)：
(21:09:18) 开始运行……
(21:09:18) 运行结束。耗时0.031秒，最大内存占用1364KB。
(21:09:18) 检查答案……
(21:09:18) 答案错误。
(21:09:18) 得分：0
(21:09:18) 测试点2(tree2.in)：
(21:09:18) 开始运行……
(21:09:18) 运行结束。耗时0.016秒，最大内存占用1368KB。
(21:09:18) 检查答案……
(21:09:18) 答案错误。
(21:09:18) 得分：0
(21:09:18) 测试点3(tree3.in)：
(21:09:18) 开始运行……
(21:09:18) 运行结束。耗时0.016秒，最大内存占用1368KB。
(21:09:18) 检查答案……
(21:09:18) 答案错误。
(21:09:18) 得分：0
(21:09:18) 测试点4(tree4.in)：
(21:09:18) 开始运行……
(21:09:19) 运行结束。耗时0.125秒，最大内存占用1364KB。
(21:09:19) 检查答案……
(21:09:19) 答案错误。
(21:09:19) 得分：0
(21:09:19) 测试点5(tree5.in)：
(21:09:19) 开始运行……
(21:09:19) 运行结束。耗时0.016秒，最大内存占用1364KB。
(21:09:19) 检查答案……
(21:09:19) 正确！
(21:09:19) 得分：10
(21:09:19) 测试点6(tree6.in)：
(21:09:19) 开始运行……
(21:09:19) 运行结束。耗时0.016秒，最大内存占用1364KB。
(21:09:19) 检查答案……
(21:09:19) 答案错误。
(21:09:19) 得分：0
(21:09:19) 测试点7(tree7.in)：
(21:09:19) 开始运行……
(21:09:19) 运行结束。耗时0.016秒，最大内存占用1364KB。
(21:09:19) 检查答案……
(21:09:19) 答案错误。
(21:09:19) 得分：0
(21:09:19) 测试点8(tree8.in)：
(21:09:19) 开始运行……
(21:09:19) 运行结束。耗时0.094秒，最大内存占用1364KB。
(21:09:19) 检查答案……
(21:09:19) 答案错误。
(21:09:19) 得分：0
(21:09:19) 测试点9(tree9.in)：
(21:09:19) 开始运行……
(21:09:19) 运行结束。耗时0.016秒，最大内存占用1364KB。
(21:09:19) 检查答案……
(21:09:19) 答案错误。
(21:09:19) 得分：0
(21:09:19) 测试点10(tree10.in)：
(21:09:19) 开始运行……
(21:09:19) 运行结束。耗时0.016秒，最大内存占用1364KB。
(21:09:19) 检查答案……
(21:09:19) 答案错误。
(21:09:19) 得分：0
(21:09:19) tree总得分：10
(21:09:19) message:
(21:09:19) 找到message.pas
(21:09:19) 开始编译……
(21:09:19) 编译成功。
(21:09:19) 测试点1(message1.in)：
(21:09:19) 开始运行……
(21:09:19) 运行结束。耗时0.079秒，最大内存占用1376KB。
(21:09:19) 检查答案……
(21:09:19) 正确！
(21:09:19) 得分：10
(21:09:19) 测试点2(message2.in)：
(21:09:19) 开始运行……
(21:09:19) 运行结束。耗时0.016秒，最大内存占用1372KB。
(21:09:19) 检查答案……
(21:09:19) 答案错误。
(21:09:19) 得分：0
(21:09:19) 测试点3(message3.in)：
(21:09:19) 开始运行……
(21:09:19) 运行结束。耗时0.016秒，最大内存占用1376KB。
(21:09:19) 检查答案……
(21:09:19) 正确！
(21:09:19) 得分：10
(21:09:19) 测试点4(message4.in)：
(21:09:19) 开始运行……
(21:09:20) 运行结束。耗时0.078秒，最大内存占用1372KB。
(21:09:20) 检查答案……
(21:09:20) 答案错误。
(21:09:20) 得分：0
(21:09:20) 测试点5(message5.in)：
(21:09:20) 开始运行……
(21:09:20) 运行结束。耗时0.016秒，最大内存占用1380KB。
(21:09:20) 检查答案……
(21:09:20) 答案错误。
(21:09:20) 得分：0
(21:09:20) 测试点6(message6.in)：
(21:09:20) 开始运行……
(21:09:20) 运行结束。耗时0.015秒，最大内存占用1384KB。
(21:09:20) 检查答案……
(21:09:20) 答案错误。
(21:09:20) 得分：0
(21:09:20) 测试点7(message7.in)：
(21:09:20) 开始运行……
(21:09:20) 运行结束。耗时0.016秒，最大内存占用1400KB。
(21:09:20) 检查答案……
(21:09:20) 答案错误。
(21:09:20) 得分：0
(21:09:20) 测试点8(message8.in)：
(21:09:20) 开始运行……
(21:09:20) 运行结束。耗时0.016秒，最大内存占用1388KB。
(21:09:20) 检查答案……
(21:09:20) 答案错误。
(21:09:20) 得分：0
(21:09:20) 测试点9(message9.in)：
(21:09:20) 开始运行……
(21:09:20) 运行结束。耗时0.015秒，最大内存占用1388KB。
(21:09:20) 检查答案……
(21:09:20) 答案错误。
(21:09:20) 得分：0
(21:09:20) 测试点10(message10.in)：
(21:09:20) 开始运行……
(21:09:20) 运行结束。耗时0.016秒，最大内存占用1376KB。
(21:09:20) 检查答案……
(21:09:20) 答案错误。
(21:09:20) 得分：0
(21:09:20) message总得分：20
(21:09:20) car:
(21:09:20) 未找到有效的源文件。
(21:09:20) car总得分：0
(21:09:20) best:
(21:09:20) 找到best.pas
(21:09:20) 开始编译……
(21:09:20) 编译成功。
(21:09:20) 测试点1(best1.in)：
(21:09:20) 开始运行……
(21:09:20) 运行结束。耗时0.032秒，最大内存占用1368KB。
(21:09:20) 检查答案……
(21:09:20) 答案错误。
(21:09:20) 得分：0
(21:09:20) 测试点2(best2.in)：
(21:09:20) 开始运行……
(21:09:20) 运行结束。耗时0.016秒，最大内存占用1372KB。
(21:09:20) 检查答案……
(21:09:20) 答案错误。
(21:09:20) 得分：0
(21:09:20) 测试点3(best3.in)：
(21:09:20) 开始运行……
(21:09:20) 运行结束。耗时0.016秒，最大内存占用1368KB。
(21:09:20) 检查答案……
(21:09:20) 答案错误。
(21:09:20) 得分：0
(21:09:20) 测试点4(best4.in)：
(21:09:20) 开始运行……
(21:09:20) 运行结束。耗时0.016秒，最大内存占用1372KB。
(21:09:20) 检查答案……
(21:09:20) 答案错误。
(21:09:20) 得分：0
(21:09:20) 测试点5(best5.in)：
(21:09:21) 开始运行……
(21:09:21) 运行结束。耗时0.016秒，最大内存占用1368KB。
(21:09:21) 检查答案……
(21:09:21) 答案错误。
(21:09:21) 得分：0
(21:09:21) 测试点6(best6.in)：
(21:09:21) 开始运行……
(21:09:21) 运行结束。耗时0.015秒，最大内存占用1372KB。
(21:09:21) 检查答案……
(21:09:21) 答案错误。
(21:09:21) 得分：0
(21:09:21) 测试点7(best7.in)：
(21:09:21) 开始运行……
(21:09:21) 运行结束。耗时0.016秒，最大内存占用1368KB。
(21:09:21) 检查答案……
(21:09:21) 答案错误。
(21:09:21) 得分：0
(21:09:21) 测试点8(best8.in)：
(21:09:21) 开始运行……
(21:09:21) 运行结束。耗时0.016秒，最大内存占用1368KB。
(21:09:21) 检查答案……
(21:09:21) 答案错误。
(21:09:21) 得分：0
(21:09:21) 测试点9(best9.in)：
(21:09:21) 开始运行……
(21:09:21) 运行结束。耗时0.015秒，最大内存占用1368KB。
(21:09:21) 检查答案……
(21:09:21) 答案错误。
(21:09:21) 得分：0
(21:09:21) 测试点10(best10.in)：
(21:09:21) 开始运行……
(21:09:21) 运行结束。耗时0.016秒，最大内存占用1372KB。
(21:09:21) 检查答案……
(21:09:21) 答案错误。
(21:09:21) 得分：0
(21:09:21) best总得分：0
(21:09:21) 选手“小吴昊”最终得分：30

(21:09:21) 开始评测选手“崔江昊”
(21:09:21) tree:
(21:09:21) 找到tree.pas
(21:09:21) 开始编译……
(21:09:21) 编译成功。
(21:09:21) 测试点1(tree1.in)：
(21:09:21) 开始运行……
(21:09:21) 运行结束。耗时0.016秒，最大内存占用1372KB。
(21:09:21) 检查答案……
(21:09:21) 正确！
(21:09:21) 得分：10
(21:09:21) 测试点2(tree2.in)：
(21:09:21) 开始运行……
(21:09:21) 运行结束。耗时0.031秒，最大内存占用1400KB。
(21:09:21) 检查答案……
(21:09:21) 正确！
(21:09:21) 得分：10
(21:09:21) 测试点3(tree3.in)：
(21:09:21) 开始运行……
(21:09:21) 运行结束。耗时0.016秒，最大内存占用1368KB。
(21:09:21) 检查答案……
(21:09:21) 正确！
(21:09:21) 得分：10
(21:09:21) 测试点4(tree4.in)：
(21:09:21) 开始运行……
(21:09:21) 运行结束。耗时0.016秒，最大内存占用1368KB。
(21:09:21) 检查答案……
(21:09:21) 正确！
(21:09:21) 得分：10
(21:09:21) 测试点5(tree5.in)：
(21:09:21) 开始运行……
(21:09:21) 运行结束。耗时0.016秒，最大内存占用1376KB。
(21:09:21) 检查答案……
(21:09:21) 正确！
(21:09:21) 得分：10
(21:09:21) 测试点6(tree6.in)：
(21:09:21) 开始运行……
(21:09:22) 运行结束。耗时0.078秒，最大内存占用1376KB。
(21:09:22) 检查答案……
(21:09:22) 正确！
(21:09:22) 得分：10
(21:09:22) 测试点7(tree7.in)：
(21:09:22) 开始运行……
(21:09:22) 运行结束。耗时0.016秒，最大内存占用1384KB。
(21:09:22) 检查答案……
(21:09:22) 正确！
(21:09:22) 得分：10
(21:09:22) 测试点8(tree8.in)：
(21:09:22) 开始运行……
(21:09:22) 运行结束。耗时0.016秒，最大内存占用1372KB。
(21:09:22) 检查答案……
(21:09:22) 正确！
(21:09:22) 得分：10
(21:09:22) 测试点9(tree9.in)：
(21:09:22) 开始运行……
(21:09:22) 运行结束。耗时0.015秒，最大内存占用1384KB。
(21:09:22) 检查答案……
(21:09:22) 正确！
(21:09:22) 得分：10
(21:09:22) 测试点10(tree10.in)：
(21:09:22) 开始运行……
(21:09:22) 运行结束。耗时0.125秒，最大内存占用1400KB。
(21:09:22) 检查答案……
(21:09:22) 正确！
(21:09:22) 得分：10
(21:09:22) tree总得分：100
(21:09:22) message:
(21:09:22) 找到message.pas
(21:09:22) 开始编译……
(21:09:23) 编译成功。
(21:09:23) 测试点1(message1.in)：
(21:09:23) 开始运行……
(21:09:23) 运行结束。耗时0.031秒，最大内存占用1392KB。
(21:09:23) 检查答案……
(21:09:23) 正确！
(21:09:23) 得分：10
(21:09:23) 测试点2(message2.in)：
(21:09:23) 开始运行……
(21:09:23) 运行结束。耗时0.015秒，最大内存占用1380KB。
(21:09:23) 检查答案……
(21:09:23) 正确！
(21:09:23) 得分：10
(21:09:23) 测试点3(message3.in)：
(21:09:23) 开始运行……
(21:09:23) 运行结束。耗时0.032秒，最大内存占用1380KB。
(21:09:23) 检查答案……
(21:09:23) 正确！
(21:09:23) 得分：10
(21:09:23) 测试点4(message4.in)：
(21:09:23) 开始运行……
(21:09:23) 运行结束。耗时0.016秒，最大内存占用1412KB。
(21:09:23) 检查答案……
(21:09:23) 正确！
(21:09:23) 得分：10
(21:09:23) 测试点5(message5.in)：
(21:09:23) 开始运行……
(21:09:23) 运行结束。耗时0.094秒，最大内存占用3316KB。
(21:09:23) 检查答案……
(21:09:23) 正确！
(21:09:23) 得分：10
(21:09:23) 测试点6(message6.in)：
(21:09:23) 开始运行……
(21:09:23) 运行结束。耗时0.203秒，最大内存占用3052KB。
(21:09:23) 检查答案……
(21:09:23) 正确！
(21:09:23) 得分：10
(21:09:23) 测试点7(message7.in)：
(21:09:23) 开始运行……
(21:09:24) 运行结束。耗时0.891秒，最大内存占用4112KB。
(21:09:24) 检查答案……
(21:09:24) 正确！
(21:09:24) 得分：10
(21:09:24) 测试点8(message8.in)：
(21:09:24) 开始运行……
(21:09:25) 运行结束。耗时0.359秒，最大内存占用3420KB。
(21:09:25) 检查答案……
(21:09:25) 正确！
(21:09:25) 得分：10
(21:09:25) 测试点9(message9.in)：
(21:09:25) 开始运行……
(21:09:25) 运行结束。耗时0.812秒，最大内存占用4252KB。
(21:09:25) 检查答案……
(21:09:25) 正确！
(21:09:25) 得分：10
(21:09:25) 测试点10(message10.in)：
(21:09:25) 开始运行……
(21:09:26) 运行结束。耗时0.031秒，最大内存占用2052KB。
(21:09:26) 检查答案……
(21:09:26) 正确！
(21:09:26) 得分：10
(21:09:26) message总得分：100
(21:09:26) car:
(21:09:26) 未找到有效的源文件。
(21:09:26) car总得分：0
(21:09:26) best:
(21:09:26) 未找到有效的源文件。
(21:09:26) best总得分：0
(21:09:26) 选手“崔江昊”最终得分：200

(21:09:26) 开始评测选手“徐轶飞”
(21:09:26) tree:
(21:09:26) 找到tree.pas
(21:09:26) 开始编译……
(21:09:26) 编译成功。
(21:09:26) 测试点1(tree1.in)：
(21:09:26) 开始运行……
(21:09:26) 运行结束。耗时0.031秒，最大内存占用1372KB。
(21:09:26) 检查答案……
(21:09:26) 正确！
(21:09:26) 得分：10
(21:09:26) 测试点2(tree2.in)：
(21:09:26) 开始运行……
(21:09:27) 运行结束。耗时1.015秒，最大内存占用1340KB。
(21:09:27) 运行超时。
(21:09:27) 得分：0
(21:09:27) 测试点3(tree3.in)：
(21:09:27) 开始运行……
(21:09:27) 运行结束。耗时0.016秒，最大内存占用1372KB。
(21:09:27) 检查答案……
(21:09:27) 正确！
(21:09:27) 得分：10
(21:09:27) 测试点4(tree4.in)：
(21:09:27) 开始运行……
(21:09:27) 运行结束。耗时0.031秒，最大内存占用1372KB。
(21:09:27) 检查答案……
(21:09:27) 正确！
(21:09:27) 得分：10
(21:09:27) 测试点5(tree5.in)：
(21:09:27) 开始运行……
(21:09:27) 运行结束。耗时0.016秒，最大内存占用1368KB。
(21:09:27) 检查答案……
(21:09:27) 正确！
(21:09:27) 得分：10
(21:09:27) 测试点6(tree6.in)：
(21:09:27) 开始运行……
(21:09:27) 运行结束。耗时0.032秒，最大内存占用1368KB。
(21:09:27) 检查答案……
(21:09:27) 正确！
(21:09:27) 得分：10
(21:09:27) 测试点7(tree7.in)：
(21:09:27) 开始运行……
(21:09:28) 运行结束。耗时1.015秒，最大内存占用1340KB。
(21:09:28) 运行超时。
(21:09:28) 得分：0
(21:09:28) 测试点8(tree8.in)：
(21:09:28) 开始运行……
(21:09:29) 运行结束。耗时0.031秒，最大内存占用1368KB。
(21:09:29) 检查答案……
(21:09:29) 正确！
(21:09:29) 得分：10
(21:09:29) 测试点9(tree9.in)：
(21:09:29) 开始运行……
(21:09:30) 运行结束。耗时1.016秒，最大内存占用1340KB。
(21:09:30) 运行超时。
(21:09:30) 得分：0
(21:09:30) 测试点10(tree10.in)：
(21:09:30) 开始运行……
(21:09:31) 运行结束。耗时1.015秒，最大内存占用1340KB。
(21:09:31) 运行超时。
(21:09:31) 得分：0
(21:09:31) tree总得分：60
(21:09:31) message:
(21:09:31) 未找到有效的源文件。
(21:09:31) message总得分：0
(21:09:31) car:
(21:09:31) 找到car.pas
(21:09:31) 开始编译……
(21:09:31) 编译成功。
(21:09:31) 测试点1(car1.in)：
(21:09:31) 开始运行……
(21:09:31) 运行结束。耗时0.016秒，最大内存占用1368KB。
(21:09:31) 检查答案……
(21:09:31) 答案错误。
(21:09:31) 得分：0
(21:09:31) 测试点2(car2.in)：
(21:09:31) 开始运行……
(21:09:31) 运行结束。耗时0.015秒，最大内存占用1368KB。
(21:09:31) 检查答案……
(21:09:31) 答案错误。
(21:09:31) 得分：0
(21:09:31) 测试点3(car3.in)：
(21:09:31) 开始运行……
(21:09:31) 运行结束。耗时0.031秒，最大内存占用1388KB。
(21:09:31) Runtime-Error:200
(21:09:31) 得分：0
(21:09:31) 测试点4(car4.in)：
(21:09:31) 开始运行……
(21:09:31) 运行结束。耗时0.016秒，最大内存占用1372KB。
(21:09:31) 检查答案……
(21:09:31) 答案错误。
(21:09:31) 得分：0
(21:09:31) 测试点5(car5.in)：
(21:09:31) 开始运行……
(21:09:31) 运行结束。耗时0.016秒，最大内存占用1368KB。
(21:09:31) 检查答案……
(21:09:31) 答案错误。
(21:09:31) 得分：0
(21:09:31) 测试点6(car6.in)：
(21:09:31) 开始运行……
(21:09:31) 运行结束。耗时0.015秒，最大内存占用1368KB。
(21:09:31) 检查答案……
(21:09:31) 答案错误。
(21:09:31) 得分：0
(21:09:31) 测试点7(car7.in)：
(21:09:31) 开始运行……
(21:09:31) 运行结束。耗时0.015秒，最大内存占用1368KB。
(21:09:31) 检查答案……
(21:09:31) 答案错误。
(21:09:31) 得分：0
(21:09:31) 测试点8(car8.in)：
(21:09:31) 开始运行……
(21:09:31) 运行结束。耗时0.015秒，最大内存占用1368KB。
(21:09:31) 检查答案……
(21:09:31) 答案错误。
(21:09:31) 得分：0
(21:09:31) 测试点9(car9.in)：
(21:09:31) 开始运行……
(21:09:31) 运行结束。耗时0.016秒，最大内存占用1368KB。
(21:09:31) 检查答案……
(21:09:32) 答案错误。
(21:09:32) 得分：0
(21:09:32) 测试点10(car10.in)：
(21:09:32) 开始运行……
(21:09:32) 运行结束。耗时0.016秒，最大内存占用1372KB。
(21:09:32) 检查答案……
(21:09:32) 答案错误。
(21:09:32) 得分：0
(21:09:32) car总得分：0
(21:09:32) best:
(21:09:32) 找到best.pas
(21:09:32) 开始编译……
(21:09:32) 编译成功。
(21:09:32) 测试点1(best1.in)：
(21:09:32) 开始运行……
(21:09:32) 运行结束。耗时0.015秒，最大内存占用1364KB。
(21:09:32) 检查答案……
(21:09:32) 答案错误。
(21:09:32) 得分：0
(21:09:32) 测试点2(best2.in)：
(21:09:32) 开始运行……
(21:09:32) 运行结束。耗时0.016秒，最大内存占用1364KB。
(21:09:32) 检查答案……
(21:09:32) 答案错误。
(21:09:32) 得分：0
(21:09:32) 测试点3(best3.in)：
(21:09:32) 开始运行……
(21:09:32) 运行结束。耗时0.016秒，最大内存占用1364KB。
(21:09:32) 检查答案……
(21:09:32) 答案错误。
(21:09:32) 得分：0
(21:09:32) 测试点4(best4.in)：
(21:09:32) 开始运行……
(21:09:32) 运行结束。耗时0.016秒，最大内存占用1364KB。
(21:09:32) 检查答案……
(21:09:32) 答案错误。
(21:09:32) 得分：0
(21:09:32) 测试点5(best5.in)：
(21:09:32) 开始运行……
(21:09:32) 运行结束。耗时0.016秒，最大内存占用1364KB。
(21:09:32) 检查答案……
(21:09:32) 答案错误。
(21:09:32) 得分：0
(21:09:32) 测试点6(best6.in)：
(21:09:32) 开始运行……
(21:09:32) 运行结束。耗时0.015秒，最大内存占用1368KB。
(21:09:32) 检查答案……
(21:09:32) 答案错误。
(21:09:32) 得分：0
(21:09:32) 测试点7(best7.in)：
(21:09:32) 开始运行……
(21:09:32) 运行结束。耗时0.016秒，最大内存占用1364KB。
(21:09:32) 检查答案……
(21:09:32) 答案错误。
(21:09:32) 得分：0
(21:09:32) 测试点8(best8.in)：
(21:09:32) 开始运行……
(21:09:32) 运行结束。耗时0.016秒，最大内存占用1364KB。
(21:09:32) 检查答案……
(21:09:32) 答案错误。
(21:09:32) 得分：0
(21:09:32) 测试点9(best9.in)：
(21:09:32) 开始运行……
(21:09:32) 运行结束。耗时0.016秒，最大内存占用1364KB。
(21:09:32) 检查答案……
(21:09:32) 答案错误。
(21:09:32) 得分：0
(21:09:32) 测试点10(best10.in)：
(21:09:32) 开始运行……
(21:09:32) 运行结束。耗时0.016秒，最大内存占用1368KB。
(21:09:32) 检查答案……
(21:09:32) 答案错误。
(21:09:32) 得分：0
(21:09:32) best总得分：0
(21:09:32) 选手“徐轶飞”最终得分：60

(21:09:32) 开始评测选手“李想”
(21:09:32) tree:
(21:09:32) 未找到有效的源文件。
(21:09:32) tree总得分：0
(21:09:32) message:
(21:09:32) 找到message.pas
(21:09:32) 开始编译……
(21:09:33) 编译成功。
(21:09:33) 测试点1(message1.in)：
(21:09:33) 开始运行……
(21:09:33) 运行结束。耗时0.047秒，最大内存占用1376KB。
(21:09:33) Runtime-Error:5
(21:09:33) 得分：0
(21:09:33) 测试点2(message2.in)：
(21:09:33) 开始运行……
(21:09:33) 运行结束。耗时0.016秒，最大内存占用1376KB。
(21:09:33) Runtime-Error:5
(21:09:33) 得分：0
(21:09:33) 测试点3(message3.in)：
(21:09:33) 开始运行……
(21:09:33) 运行结束。耗时0.016秒，最大内存占用1376KB。
(21:09:33) Runtime-Error:5
(21:09:33) 得分：0
(21:09:33) 测试点4(message4.in)：
(21:09:33) 开始运行……
(21:09:33) 运行结束。耗时0.015秒，最大内存占用1376KB。
(21:09:33) Runtime-Error:5
(21:09:33) 得分：0
(21:09:33) 测试点5(message5.in)：
(21:09:33) 开始运行……
(21:09:33) 运行结束。耗时0.016秒，最大内存占用1376KB。
(21:09:33) Runtime-Error:5
(21:09:33) 得分：0
(21:09:33) 测试点6(message6.in)：
(21:09:33) 开始运行……
(21:09:33) 运行结束。耗时0.016秒，最大内存占用1376KB。
(21:09:33) Runtime-Error:5
(21:09:33) 得分：0
(21:09:33) 测试点7(message7.in)：
(21:09:33) 开始运行……
(21:09:33) 运行结束。耗时0.016秒，最大内存占用1376KB。
(21:09:33) Runtime-Error:5
(21:09:33) 得分：0
(21:09:33) 测试点8(message8.in)：
(21:09:33) 开始运行……
(21:09:33) 运行结束。耗时0.015秒，最大内存占用1380KB。
(21:09:33) Runtime-Error:5
(21:09:33) 得分：0
(21:09:33) 测试点9(message9.in)：
(21:09:33) 开始运行……
(21:09:33) 运行结束。耗时0.016秒，最大内存占用1376KB。
(21:09:33) Runtime-Error:5
(21:09:33) 得分：0
(21:09:33) 测试点10(message10.in)：
(21:09:33) 开始运行……
(21:09:33) 运行结束。耗时0.016秒，最大内存占用1376KB。
(21:09:33) Runtime-Error:5
(21:09:33) 得分：0
(21:09:33) message总得分：0
(21:09:33) car:
(21:09:33) 未找到有效的源文件。
(21:09:33) car总得分：0
(21:09:33) best:
(21:09:33) 未找到有效的源文件。
(21:09:33) best总得分：0
(21:09:33) 选手“李想”最终得分：0

(21:09:33) 开始评测选手“柏钧文”
(21:09:33) tree:
(21:09:33) 找到tree.pas
(21:09:33) 开始编译……
(21:09:33) 编译成功。
(21:09:33) 测试点1(tree1.in)：
(21:09:33) 开始运行……
(21:09:33) 运行结束。耗时0.032秒，最大内存占用1376KB。
(21:09:33) 检查答案……
(21:09:33) 答案错误。
(21:09:33) 得分：0
(21:09:33) 测试点2(tree2.in)：
(21:09:33) 开始运行……
(21:09:33) 运行结束。耗时0.016秒，最大内存占用1404KB。
(21:09:34) 检查答案……
(21:09:34) 答案错误。
(21:09:34) 得分：0
(21:09:34) 测试点3(tree3.in)：
(21:09:34) 开始运行……
(21:09:34) 运行结束。耗时0.079秒，最大内存占用1376KB。
(21:09:34) 检查答案……
(21:09:34) 答案错误。
(21:09:34) 得分：0
(21:09:34) 测试点4(tree4.in)：
(21:09:34) 开始运行……
(21:09:34) 运行结束。耗时0.016秒，最大内存占用1372KB。
(21:09:34) 检查答案……
(21:09:34) 答案错误。
(21:09:34) 得分：0
(21:09:34) 测试点5(tree5.in)：
(21:09:34) 开始运行……
(21:09:34) 运行结束。耗时0.016秒，最大内存占用1380KB。
(21:09:34) 检查答案……
(21:09:34) 答案错误。
(21:09:34) 得分：0
(21:09:34) 测试点6(tree6.in)：
(21:09:34) 开始运行……
(21:09:34) 运行结束。耗时0.015秒，最大内存占用1384KB。
(21:09:34) 检查答案……
(21:09:34) 答案错误。
(21:09:34) 得分：0
(21:09:34) 测试点7(tree7.in)：
(21:09:34) 开始运行……
(21:09:34) 运行结束。耗时0.016秒，最大内存占用1388KB。
(21:09:34) 检查答案……
(21:09:34) 答案错误。
(21:09:34) 得分：0
(21:09:34) 测试点8(tree8.in)：
(21:09:34) 开始运行……
(21:09:34) 运行结束。耗时0.016秒，最大内存占用1376KB。
(21:09:34) 检查答案……
(21:09:34) 答案错误。
(21:09:34) 得分：0
(21:09:34) 测试点9(tree9.in)：
(21:09:34) 开始运行……
(21:09:34) 运行结束。耗时0.016秒，最大内存占用1388KB。
(21:09:34) 检查答案……
(21:09:34) 答案错误。
(21:09:34) 得分：0
(21:09:34) 测试点10(tree10.in)：
(21:09:34) 开始运行……
(21:09:34) 运行结束。耗时0.016秒，最大内存占用1400KB。
(21:09:34) 检查答案……
(21:09:34) 答案错误。
(21:09:34) 得分：0
(21:09:34) tree总得分：0
(21:09:34) message:
(21:09:34) 找到message.pas
(21:09:34) 开始编译……
(21:09:35) 编译成功。
(21:09:35) 测试点1(message1.in)：
(21:09:35) 开始运行……
(21:09:35) 运行结束。耗时0.016秒，最大内存占用1460KB。
(21:09:35) 检查答案……
(21:09:35) 正确！
(21:09:35) 得分：10
(21:09:35) 测试点2(message2.in)：
(21:09:35) 开始运行……
(21:09:35) 运行结束。耗时0.016秒，最大内存占用1456KB。
(21:09:35) 检查答案……
(21:09:35) 答案错误。
(21:09:35) 得分：0
(21:09:35) 测试点3(message3.in)：
(21:09:35) 开始运行……
(21:09:35) 运行结束。耗时0.015秒，最大内存占用1452KB。
(21:09:35) 检查答案……
(21:09:35) 答案错误。
(21:09:35) 得分：0
(21:09:35) 测试点4(message4.in)：
(21:09:35) 开始运行……
(21:09:35) 运行结束。耗时0.016秒，最大内存占用1476KB。
(21:09:35) 检查答案……
(21:09:35) 答案错误。
(21:09:35) 得分：0
(21:09:35) 测试点5(message5.in)：
(21:09:35) 开始运行……
(21:09:36) 运行结束。耗时1.016秒，最大内存占用2408KB。
(21:09:36) 运行超时。
(21:09:36) 得分：0
(21:09:36) 测试点6(message6.in)：
(21:09:36) 开始运行……
(21:09:37) 运行结束。耗时1.016秒，最大内存占用2292KB。
(21:09:37) 运行超时。
(21:09:37) 得分：0
(21:09:37) 测试点7(message7.in)：
(21:09:37) 开始运行……
(21:09:38) 运行结束。耗时1.016秒，最大内存占用2852KB。
(21:09:38) 运行超时。
(21:09:38) 得分：0
(21:09:38) 测试点8(message8.in)：
(21:09:38) 开始运行……
(21:09:39) 运行结束。耗时1.078秒，最大内存占用2488KB。
(21:09:39) 运行超时。
(21:09:39) 得分：0
(21:09:39) 测试点9(message9.in)：
(21:09:39) 开始运行……
(21:09:40) 运行结束。耗时1.016秒，最大内存占用2904KB。
(21:09:40) 运行超时。
(21:09:40) 得分：0
(21:09:40) 测试点10(message10.in)：
(21:09:40) 开始运行……
(21:09:41) 运行结束。耗时1.016秒，最大内存占用1772KB。
(21:09:41) 运行超时。
(21:09:41) 得分：0
(21:09:41) message总得分：10
(21:09:41) car:
(21:09:41) 未找到有效的源文件。
(21:09:41) car总得分：0
(21:09:41) best:
(21:09:41) 找到best.pas
(21:09:41) 开始编译……
(21:09:41) 编译成功。
(21:09:41) 测试点1(best1.in)：
(21:09:41) 开始运行……
(21:09:41) 运行结束。耗时0.015秒，最大内存占用1372KB。
(21:09:41) 检查答案……
(21:09:41) 答案错误。
(21:09:41) 得分：0
(21:09:41) 测试点2(best2.in)：
(21:09:41) 开始运行……
(21:09:41) 运行结束。耗时0.016秒，最大内存占用1372KB。
(21:09:41) 检查答案……
(21:09:41) 答案错误。
(21:09:41) 得分：0
(21:09:41) 测试点3(best3.in)：
(21:09:41) 开始运行……
(21:09:41) 运行结束。耗时0.016秒，最大内存占用1368KB。
(21:09:41) 检查答案……
(21:09:42) 答案错误。
(21:09:42) 得分：0
(21:09:42) 测试点4(best4.in)：
(21:09:42) 开始运行……
(21:09:42) 运行结束。耗时0.016秒，最大内存占用1368KB。
(21:09:42) 检查答案……
(21:09:42) 答案错误。
(21:09:42) 得分：0
(21:09:42) 测试点5(best5.in)：
(21:09:42) 开始运行……
(21:09:42) 运行结束。耗时0.015秒，最大内存占用1368KB。
(21:09:42) 检查答案……
(21:09:42) 答案错误。
(21:09:42) 得分：0
(21:09:42) 测试点6(best6.in)：
(21:09:42) 开始运行……
(21:09:42) 运行结束。耗时0.016秒，最大内存占用1368KB。
(21:09:42) 检查答案……
(21:09:42) 答案错误。
(21:09:42) 得分：0
(21:09:42) 测试点7(best7.in)：
(21:09:42) 开始运行……
(21:09:42) 运行结束。耗时0.031秒，最大内存占用1372KB。
(21:09:42) 检查答案……
(21:09:42) 答案错误。
(21:09:42) 得分：0
(21:09:42) 测试点8(best8.in)：
(21:09:42) 开始运行……
(21:09:42) 运行结束。耗时0.078秒，最大内存占用1372KB。
(21:09:42) 检查答案……
(21:09:42) 答案错误。
(21:09:42) 得分：0
(21:09:42) 测试点9(best9.in)：
(21:09:42) 开始运行……
(21:09:43) 运行结束。耗时0.735秒，最大内存占用1372KB。
(21:09:43) 检查答案……
(21:09:43) 答案错误。
(21:09:43) 得分：0
(21:09:43) 测试点10(best10.in)：
(21:09:43) 开始运行……
(21:09:44) 运行结束。耗时1.250秒，最大内存占用1340KB。
(21:09:44) 运行超时。
(21:09:44) 得分：0
(21:09:44) best总得分：0
(21:09:44) 选手“柏钧文”最终得分：10

(21:09:44) 开始评测选手“沈匡济”
(21:09:44) tree:
(21:09:44) 找到tree.pas
(21:09:44) 开始编译……
(21:09:44) 编译成功。
(21:09:44) 测试点1(tree1.in)：
(21:09:44) 开始运行……
(21:09:45) 运行结束。耗时0.031秒，最大内存占用1380KB。
(21:09:45) 检查答案……
(21:09:45) 正确！
(21:09:45) 得分：10
(21:09:45) 测试点2(tree2.in)：
(21:09:45) 开始运行……
(21:09:45) 运行结束。耗时0.016秒，最大内存占用1408KB。
(21:09:45) 检查答案……
(21:09:45) 正确！
(21:09:45) 得分：10
(21:09:45) 测试点3(tree3.in)：
(21:09:45) 开始运行……
(21:09:45) 运行结束。耗时0.016秒，最大内存占用1376KB。
(21:09:45) 检查答案……
(21:09:45) 正确！
(21:09:45) 得分：10
(21:09:45) 测试点4(tree4.in)：
(21:09:45) 开始运行……
(21:09:45) 运行结束。耗时0.016秒，最大内存占用1380KB。
(21:09:45) 检查答案……
(21:09:45) 正确！
(21:09:45) 得分：10
(21:09:45) 测试点5(tree5.in)：
(21:09:45) 开始运行……
(21:09:45) 运行结束。耗时0.016秒，最大内存占用1380KB。
(21:09:45) 检查答案……
(21:09:45) 正确！
(21:09:45) 得分：10
(21:09:45) 测试点6(tree6.in)：
(21:09:45) 开始运行……
(21:09:45) 运行结束。耗时0.031秒，最大内存占用1388KB。
(21:09:45) 检查答案……
(21:09:45) 正确！
(21:09:45) 得分：10
(21:09:45) 测试点7(tree7.in)：
(21:09:45) 开始运行……
(21:09:45) 运行结束。耗时0.016秒，最大内存占用1388KB。
(21:09:45) 检查答案……
(21:09:45) 正确！
(21:09:45) 得分：10
(21:09:45) 测试点8(tree8.in)：
(21:09:45) 开始运行……
(21:09:45) 运行结束。耗时0.016秒，最大内存占用1380KB。
(21:09:45) 检查答案……
(21:09:45) 正确！
(21:09:45) 得分：10
(21:09:45) 测试点9(tree9.in)：
(21:09:45) 开始运行……
(21:09:45) 运行结束。耗时0.016秒，最大内存占用1396KB。
(21:09:45) 检查答案……
(21:09:45) 正确！
(21:09:45) 得分：10
(21:09:45) 测试点10(tree10.in)：
(21:09:45) 开始运行……
(21:09:45) 运行结束。耗时0.016秒，最大内存占用1400KB。
(21:09:45) 检查答案……
(21:09:45) 正确！
(21:09:45) 得分：10
(21:09:45) tree总得分：100
(21:09:45) message:
(21:09:45) 找到message.pas
(21:09:45) 开始编译……
(21:09:45) 编译成功。
(21:09:45) 测试点1(message1.in)：
(21:09:45) 开始运行……
(21:09:46) 运行结束。耗时0.062秒，最大内存占用1376KB。
(21:09:46) 检查答案……
(21:09:46) 正确！
(21:09:46) 得分：10
(21:09:46) 测试点2(message2.in)：
(21:09:46) 开始运行……
(21:09:46) 运行结束。耗时0.016秒，最大内存占用1376KB。
(21:09:46) 检查答案……
(21:09:46) 正确！
(21:09:46) 得分：10
(21:09:46) 测试点3(message3.in)：
(21:09:46) 开始运行……
(21:09:46) 运行结束。耗时0.015秒，最大内存占用1376KB。
(21:09:46) 检查答案……
(21:09:46) 正确！
(21:09:46) 得分：10
(21:09:46) 测试点4(message4.in)：
(21:09:46) 开始运行……
(21:09:46) 运行结束。耗时0.016秒，最大内存占用1392KB。
(21:09:46) 检查答案……
(21:09:46) 答案错误。
(21:09:46) 得分：0
(21:09:46) 测试点5(message5.in)：
(21:09:46) 开始运行……
(21:09:46) 运行结束。耗时0.265秒，最大内存占用2348KB。
(21:09:46) 检查答案……
(21:09:46) 答案错误。
(21:09:46) 得分：0
(21:09:46) 测试点6(message6.in)：
(21:09:46) 开始运行……
(21:09:46) 运行结束。耗时0.250秒，最大内存占用2212KB。
(21:09:46) 检查答案……
(21:09:46) 答案错误。
(21:09:46) 得分：0
(21:09:46) 测试点7(message7.in)：
(21:09:46) 开始运行……
(21:09:47) 运行结束。耗时0.672秒，最大内存占用2748KB。
(21:09:47) 检查答案……
(21:09:47) 答案错误。
(21:09:47) 得分：0
(21:09:47) 测试点8(message8.in)：
(21:09:47) 开始运行……
(21:09:48) 运行结束。耗时0.469秒，最大内存占用2400KB。
(21:09:48) 检查答案……
(21:09:48) 答案错误。
(21:09:48) 得分：0
(21:09:48) 测试点9(message9.in)：
(21:09:48) 开始运行……
(21:09:49) 运行结束。耗时1.016秒，最大内存占用2792KB。
(21:09:49) 运行超时。
(21:09:49) 得分：0
(21:09:49) 测试点10(message10.in)：
(21:09:49) 开始运行……
(21:09:49) 运行结束。耗时0.032秒，最大内存占用1712KB。
(21:09:49) 检查答案……
(21:09:49) 答案错误。
(21:09:49) 得分：0
(21:09:49) message总得分：30
(21:09:49) car:
(21:09:49) 未找到有效的源文件。
(21:09:49) car总得分：0
(21:09:49) best:
(21:09:49) 找到best.pas
(21:09:49) 开始编译……
(21:09:49) 编译成功。
(21:09:49) 测试点1(best1.in)：
(21:09:49) 开始运行……
(21:09:49) 运行结束。耗时0.031秒，最大内存占用1372KB。
(21:09:49) 检查答案……
(21:09:49) 答案错误。
(21:09:49) 得分：0
(21:09:49) 测试点2(best2.in)：
(21:09:49) 开始运行……
(21:09:49) 运行结束。耗时0.015秒，最大内存占用1368KB。
(21:09:49) 检查答案……
(21:09:49) 答案错误。
(21:09:49) 得分：0
(21:09:49) 测试点3(best3.in)：
(21:09:49) 开始运行……
(21:09:49) 运行结束。耗时0.015秒，最大内存占用1372KB。
(21:09:49) 检查答案……
(21:09:49) 答案错误。
(21:09:49) 得分：0
(21:09:49) 测试点4(best4.in)：
(21:09:49) 开始运行……
(21:09:49) 运行结束。耗时0.015秒，最大内存占用1368KB。
(21:09:49) 检查答案……
(21:09:49) 答案错误。
(21:09:49) 得分：0
(21:09:49) 测试点5(best5.in)：
(21:09:49) 开始运行……
(21:09:49) 运行结束。耗时0.015秒，最大内存占用1372KB。
(21:09:49) 检查答案……
(21:09:49) 答案错误。
(21:09:49) 得分：0
(21:09:49) 测试点6(best6.in)：
(21:09:49) 开始运行……
(21:09:49) 运行结束。耗时0.016秒，最大内存占用1368KB。
(21:09:49) 检查答案……
(21:09:49) 答案错误。
(21:09:49) 得分：0
(21:09:49) 测试点7(best7.in)：
(21:09:49) 开始运行……
(21:09:49) 运行结束。耗时0.078秒，最大内存占用1372KB。
(21:09:49) 检查答案……
(21:09:49) 答案错误。
(21:09:49) 得分：0
(21:09:49) 测试点8(best8.in)：
(21:09:49) 开始运行……
(21:09:49) 运行结束。耗时0.016秒，最大内存占用1368KB。
(21:09:49) 检查答案……
(21:09:49) 答案错误。
(21:09:49) 得分：0
(21:09:49) 测试点9(best9.in)：
(21:09:49) 开始运行……
(21:09:49) 运行结束。耗时0.015秒，最大内存占用1368KB。
(21:09:49) 检查答案……
(21:09:49) 答案错误。
(21:09:49) 得分：0
(21:09:49) 测试点10(best10.in)：
(21:09:49) 开始运行……
(21:09:49) 运行结束。耗时0.016秒，最大内存占用1368KB。
(21:09:49) 检查答案……
(21:09:50) 答案错误。
(21:09:50) 得分：0
(21:09:50) best总得分：0
(21:09:50) 选手“沈匡济”最终得分：130

(21:09:50) 开始评测选手“王明远”
(21:09:50) tree:
(21:09:50) 未找到有效的源文件。
(21:09:50) tree总得分：0
(21:09:50) message:
(21:09:50) 找到message.pas
(21:09:50) 开始编译……
(21:09:50) 编译成功。
(21:09:50) 测试点1(message1.in)：
(21:09:50) 开始运行……
(21:09:50) 运行结束。耗时0.032秒，最大内存占用1392KB。
(21:09:50) 检查答案……
(21:09:50) 正确！
(21:09:50) 得分：10
(21:09:50) 测试点2(message2.in)：
(21:09:50) 开始运行……
(21:09:50) 运行结束。耗时0.016秒，最大内存占用1372KB。
(21:09:50) 检查答案……
(21:09:50) 正确！
(21:09:50) 得分：10
(21:09:50) 测试点3(message3.in)：
(21:09:50) 开始运行……
(21:09:50) 运行结束。耗时0.016秒，最大内存占用1376KB。
(21:09:50) 检查答案……
(21:09:50) 正确！
(21:09:50) 得分：10
(21:09:50) 测试点4(message4.in)：
(21:09:50) 开始运行……
(21:09:50) 运行结束。耗时0.016秒，最大内存占用1372KB。
(21:09:50) 检查答案……
(21:09:50) 答案错误。
(21:09:50) 得分：0
(21:09:50) 测试点5(message5.in)：
(21:09:50) 开始运行……
(21:09:50) 运行结束。耗时0.016秒，最大内存占用1388KB。
(21:09:50) 检查答案……
(21:09:50) 答案错误。
(21:09:50) 得分：0
(21:09:50) 测试点6(message6.in)：
(21:09:50) 开始运行……
(21:09:50) 运行结束。耗时0.015秒，最大内存占用1380KB。
(21:09:50) Runtime-Error:103
(21:09:50) 得分：0
(21:09:50) 测试点7(message7.in)：
(21:09:50) 开始运行……
(21:09:50) 运行结束。耗时0.016秒，最大内存占用1384KB。
(21:09:50) Runtime-Error:103
(21:09:50) 得分：0
(21:09:50) 测试点8(message8.in)：
(21:09:50) 开始运行……
(21:09:50) 运行结束。耗时0.016秒，最大内存占用1384KB。
(21:09:50) Runtime-Error:103
(21:09:50) 得分：0
(21:09:50) 测试点9(message9.in)：
(21:09:50) 开始运行……
(21:09:50) 运行结束。耗时0.016秒，最大内存占用1384KB。
(21:09:50) Runtime-Error:103
(21:09:50) 得分：0
(21:09:50) 测试点10(message10.in)：
(21:09:50) 开始运行……
(21:09:50) 运行结束。耗时0.015秒，最大内存占用1388KB。
(21:09:50) 检查答案……
(21:09:51) 答案错误。
(21:09:51) 得分：0
(21:09:51) message总得分：30
(21:09:51) car:
(21:09:51) 未找到有效的源文件。
(21:09:51) car总得分：0
(21:09:51) best:
(21:09:51) 找到best.pas
(21:09:51) 开始编译……
(21:09:51) 编译成功。
(21:09:51) 测试点1(best1.in)：
(21:09:51) 开始运行……
(21:09:51) 运行结束。耗时0.031秒，最大内存占用1368KB。
(21:09:51) 检查答案……
(21:09:51) 答案错误。
(21:09:51) 得分：0
(21:09:51) 测试点2(best2.in)：
(21:09:51) 开始运行……
(21:09:51) 运行结束。耗时0.016秒，最大内存占用1368KB。
(21:09:51) 检查答案……
(21:09:51) 答案错误。
(21:09:51) 得分：0
(21:09:51) 测试点3(best3.in)：
(21:09:51) 开始运行……
(21:09:51) 运行结束。耗时0.015秒，最大内存占用1368KB。
(21:09:51) 检查答案……
(21:09:51) 答案错误。
(21:09:51) 得分：0
(21:09:51) 测试点4(best4.in)：
(21:09:51) 开始运行……
(21:09:51) 运行结束。耗时0.016秒，最大内存占用1368KB。
(21:09:51) 检查答案……
(21:09:51) 答案错误。
(21:09:51) 得分：0
(21:09:51) 测试点5(best5.in)：
(21:09:51) 开始运行……
(21:09:51) 运行结束。耗时0.015秒，最大内存占用1368KB。
(21:09:51) 检查答案……
(21:09:51) 答案错误。
(21:09:51) 得分：0
(21:09:51) 测试点6(best6.in)：
(21:09:51) 开始运行……
(21:09:51) 运行结束。耗时0.016秒，最大内存占用1368KB。
(21:09:51) 检查答案……
(21:09:51) 答案错误。
(21:09:51) 得分：0
(21:09:51) 测试点7(best7.in)：
(21:09:51) 开始运行……
(21:09:51) 运行结束。耗时0.016秒，最大内存占用1368KB。
(21:09:51) 检查答案……
(21:09:51) 答案错误。
(21:09:51) 得分：0
(21:09:51) 测试点8(best8.in)：
(21:09:51) 开始运行……
(21:09:51) 运行结束。耗时0.016秒，最大内存占用1372KB。
(21:09:51) 检查答案……
(21:09:51) 答案错误。
(21:09:51) 得分：0
(21:09:51) 测试点9(best9.in)：
(21:09:51) 开始运行……
(21:09:51) 运行结束。耗时0.016秒，最大内存占用1368KB。
(21:09:51) 检查答案……
(21:09:51) 答案错误。
(21:09:51) 得分：0
(21:09:51) 测试点10(best10.in)：
(21:09:51) 开始运行……
(21:09:51) 运行结束。耗时0.016秒，最大内存占用1368KB。
(21:09:51) 检查答案……
(21:09:52) 答案错误。
(21:09:52) 得分：0
(21:09:52) best总得分：0
(21:09:52) 选手“王明远”最终得分：30

(21:09:52) 开始评测选手“赵绘昌”
(21:09:52) tree:
(21:09:52) 找到tree.pas
(21:09:52) 开始编译……
(21:09:52) 编译成功。
(21:09:52) 测试点1(tree1.in)：
(21:09:52) 开始运行……
(21:09:52) 运行结束。耗时0.031秒，最大内存占用1368KB。
(21:09:52) 检查答案……
(21:09:52) 正确！
(21:09:52) 得分：10
(21:09:52) 测试点2(tree2.in)：
(21:09:52) 开始运行……
(21:09:53) 运行结束。耗时1.016秒，最大内存占用1376KB。
(21:09:53) 运行超时。
(21:09:53) 得分：0
(21:09:53) 测试点3(tree3.in)：
(21:09:53) 开始运行……
(21:09:53) 运行结束。耗时0.015秒，最大内存占用1368KB。
(21:09:53) 检查答案……
(21:09:53) 正确！
(21:09:53) 得分：10
(21:09:53) 测试点4(tree4.in)：
(21:09:53) 开始运行……
(21:09:53) 运行结束。耗时0.015秒，最大内存占用1368KB。
(21:09:53) 检查答案……
(21:09:53) 答案错误。
(21:09:53) 得分：0
(21:09:53) 测试点5(tree5.in)：
(21:09:53) 开始运行……
(21:09:53) 运行结束。耗时0.016秒，最大内存占用1372KB。
(21:09:53) 检查答案……
(21:09:53) 答案错误。
(21:09:53) 得分：0
(21:09:53) 测试点6(tree6.in)：
(21:09:53) 开始运行……
(21:09:53) 运行结束。耗时0.032秒，最大内存占用1380KB。
(21:09:53) 检查答案……
(21:09:53) 答案错误。
(21:09:53) 得分：0
(21:09:53) 测试点7(tree7.in)：
(21:09:53) 开始运行……
(21:09:54) 运行结束。耗时1.016秒，最大内存占用1356KB。
(21:09:54) 运行超时。
(21:09:54) 得分：0
(21:09:54) 测试点8(tree8.in)：
(21:09:54) 开始运行……
(21:09:54) 运行结束。耗时0.016秒，最大内存占用1368KB。
(21:09:54) 检查答案……
(21:09:54) 答案错误。
(21:09:54) 得分：0
(21:09:54) 测试点9(tree9.in)：
(21:09:54) 开始运行……
(21:09:55) 运行结束。耗时1.016秒，最大内存占用1356KB。
(21:09:55) 运行超时。
(21:09:55) 得分：0
(21:09:55) 测试点10(tree10.in)：
(21:09:55) 开始运行……
(21:09:56) 运行结束。耗时1.016秒，最大内存占用1368KB。
(21:09:56) 运行超时。
(21:09:56) 得分：0
(21:09:56) tree总得分：20
(21:09:56) message:
(21:09:56) 找到message.pas
(21:09:56) 开始编译……
(21:09:57) 编译成功。
(21:09:57) 测试点1(message1.in)：
(21:09:57) 开始运行……
(21:09:57) 运行结束。耗时0.016秒，最大内存占用1380KB。
(21:09:57) 检查答案……
(21:09:57) 正确！
(21:09:57) 得分：10
(21:09:57) 测试点2(message2.in)：
(21:09:57) 开始运行……
(21:09:57) 运行结束。耗时0.015秒，最大内存占用1380KB。
(21:09:57) 检查答案……
(21:09:57) 正确！
(21:09:57) 得分：10
(21:09:57) 测试点3(message3.in)：
(21:09:57) 开始运行……
(21:09:57) 运行结束。耗时0.016秒，最大内存占用1376KB。
(21:09:57) 检查答案……
(21:09:57) 正确！
(21:09:57) 得分：10
(21:09:57) 测试点4(message4.in)：
(21:09:57) 开始运行……
(21:09:57) 运行结束。耗时0.015秒，最大内存占用1392KB。
(21:09:57) 检查答案……
(21:09:57) 答案错误。
(21:09:57) 得分：0
(21:09:57) 测试点5(message5.in)：
(21:09:57) 开始运行……
(21:09:57) 运行结束。耗时0.015秒，最大内存占用2348KB。
(21:09:57) 检查答案……
(21:09:57) 答案错误。
(21:09:57) 得分：0
(21:09:57) 测试点6(message6.in)：
(21:09:57) 开始运行……
(21:09:57) 运行结束。耗时0.031秒，最大内存占用2212KB。
(21:09:57) 检查答案……
(21:09:57) 答案错误。
(21:09:57) 得分：0
(21:09:57) 测试点7(message7.in)：
(21:09:57) 开始运行……
(21:09:57) 运行结束。耗时0.047秒，最大内存占用2744KB。
(21:09:57) 检查答案……
(21:09:57) 答案错误。
(21:09:57) 得分：0
(21:09:57) 测试点8(message8.in)：
(21:09:57) 开始运行……
(21:09:57) 运行结束。耗时0.031秒，最大内存占用2396KB。
(21:09:57) 检查答案……
(21:09:57) 答案错误。
(21:09:57) 得分：0
(21:09:57) 测试点9(message9.in)：
(21:09:57) 开始运行……
(21:09:57) 运行结束。耗时0.047秒，最大内存占用2812KB。
(21:09:57) 检查答案……
(21:09:58) 答案错误。
(21:09:58) 得分：0
(21:09:58) 测试点10(message10.in)：
(21:09:58) 开始运行……
(21:09:58) 运行结束。耗时0.016秒，最大内存占用1712KB。
(21:09:58) 检查答案……
(21:09:58) 答案错误。
(21:09:58) 得分：0
(21:09:58) message总得分：30
(21:09:58) car:
(21:09:58) 找到car.pas
(21:09:58) 开始编译……
(21:09:58) 编译成功。
(21:09:58) 测试点1(car1.in)：
(21:09:58) 开始运行……
(21:09:58) 运行结束。耗时0.016秒，最大内存占用1376KB。
(21:09:58) Runtime-Error:106
(21:09:58) 得分：0
(21:09:58) 测试点2(car2.in)：
(21:09:58) 开始运行……
(21:09:58) 运行结束。耗时0.016秒，最大内存占用1372KB。
(21:09:58) Runtime-Error:106
(21:09:58) 得分：0
(21:09:58) 测试点3(car3.in)：
(21:09:58) 开始运行……
(21:09:58) 运行结束。耗时0.015秒，最大内存占用1372KB。
(21:09:58) Runtime-Error:106
(21:09:58) 得分：0
(21:09:58) 测试点4(car4.in)：
(21:09:58) 开始运行……
(21:09:58) 运行结束。耗时0.016秒，最大内存占用1372KB。
(21:09:58) Runtime-Error:106
(21:09:58) 得分：0
(21:09:58) 测试点5(car5.in)：
(21:09:58) 开始运行……
(21:09:58) 运行结束。耗时0.016秒，最大内存占用1376KB。
(21:09:58) Runtime-Error:106
(21:09:58) 得分：0
(21:09:58) 测试点6(car6.in)：
(21:09:58) 开始运行……
(21:09:58) 运行结束。耗时0.016秒，最大内存占用1372KB。
(21:09:58) Runtime-Error:106
(21:09:58) 得分：0
(21:09:58) 测试点7(car7.in)：
(21:09:58) 开始运行……
(21:09:58) 运行结束。耗时0.015秒，最大内存占用1372KB。
(21:09:58) Runtime-Error:106
(21:09:58) 得分：0
(21:09:58) 测试点8(car8.in)：
(21:09:58) 开始运行……
(21:09:58) 运行结束。耗时0.016秒，最大内存占用1372KB。
(21:09:58) Runtime-Error:106
(21:09:58) 得分：0
(21:09:58) 测试点9(car9.in)：
(21:09:58) 开始运行……
(21:09:58) 运行结束。耗时0.016秒，最大内存占用1376KB。
(21:09:58) Runtime-Error:106
(21:09:58) 得分：0
(21:09:58) 测试点10(car10.in)：
(21:09:58) 开始运行……
(21:09:58) 运行结束。耗时0.016秒，最大内存占用1372KB。
(21:09:58) Runtime-Error:106
(21:09:58) 得分：0
(21:09:58) car总得分：0
(21:09:58) best:
(21:09:58) 找到best.pas
(21:09:58) 开始编译……
(21:09:58) 编译成功。
(21:09:58) 测试点1(best1.in)：
(21:09:58) 开始运行……
(21:09:58) 运行结束。耗时0.016秒，最大内存占用1368KB。
(21:09:58) 检查答案……
(21:09:58) 答案错误。
(21:09:58) 得分：0
(21:09:58) 测试点2(best2.in)：
(21:09:58) 开始运行……
(21:09:58) 运行结束。耗时0.016秒，最大内存占用1368KB。
(21:09:58) 检查答案……
(21:09:58) 答案错误。
(21:09:58) 得分：0
(21:09:58) 测试点3(best3.in)：
(21:09:58) 开始运行……
(21:09:59) 运行结束。耗时0.016秒，最大内存占用1364KB。
(21:09:59) 检查答案……
(21:09:59) 答案错误。
(21:09:59) 得分：0
(21:09:59) 测试点4(best4.in)：
(21:09:59) 开始运行……
(21:09:59) 运行结束。耗时0.015秒，最大内存占用1364KB。
(21:09:59) 检查答案……
(21:09:59) 答案错误。
(21:09:59) 得分：0
(21:09:59) 测试点5(best5.in)：
(21:09:59) 开始运行……
(21:09:59) 运行结束。耗时0.015秒，最大内存占用1364KB。
(21:09:59) 检查答案……
(21:09:59) 答案错误。
(21:09:59) 得分：0
(21:09:59) 测试点6(best6.in)：
(21:09:59) 开始运行……
(21:09:59) 运行结束。耗时0.016秒，最大内存占用1368KB。
(21:09:59) 检查答案……
(21:09:59) 答案错误。
(21:09:59) 得分：0
(21:09:59) 测试点7(best7.in)：
(21:09:59) 开始运行……
(21:09:59) 运行结束。耗时0.016秒，最大内存占用1368KB。
(21:09:59) 检查答案……
(21:09:59) 答案错误。
(21:09:59) 得分：0
(21:09:59) 测试点8(best8.in)：
(21:09:59) 开始运行……
(21:09:59) 运行结束。耗时0.016秒，最大内存占用1368KB。
(21:09:59) 检查答案……
(21:09:59) 答案错误。
(21:09:59) 得分：0
(21:09:59) 测试点9(best9.in)：
(21:09:59) 开始运行……
(21:09:59) 运行结束。耗时0.016秒，最大内存占用1368KB。
(21:09:59) 检查答案……
(21:09:59) 答案错误。
(21:09:59) 得分：0
(21:09:59) 测试点10(best10.in)：
(21:09:59) 开始运行……
(21:09:59) 运行结束。耗时0.016秒，最大内存占用1364KB。
(21:09:59) 检查答案……
(21:09:59) 答案错误。
(21:09:59) 得分：0
(21:09:59) best总得分：0
(21:09:59) 选手“赵绘昌”最终得分：50

(21:09:59) 开始评测选手“钱雨杰”
(21:09:59) tree:
(21:09:59) 找到tree.pas
(21:09:59) 开始编译……
(21:09:59) 编译成功。
(21:09:59) 测试点1(tree1.in)：
(21:09:59) 开始运行……
(21:09:59) 运行结束。耗时0.047秒，最大内存占用1372KB。
(21:09:59) 检查答案……
(21:09:59) 正确！
(21:09:59) 得分：10
(21:09:59) 测试点2(tree2.in)：
(21:09:59) 开始运行……
(21:10:00) 运行结束。耗时0.015秒，最大内存占用1384KB。
(21:10:00) 检查答案……
(21:10:00) 正确！
(21:10:00) 得分：10
(21:10:00) 测试点3(tree3.in)：
(21:10:00) 开始运行……
(21:10:00) 运行结束。耗时0.016秒，最大内存占用1372KB。
(21:10:00) 检查答案……
(21:10:00) 正确！
(21:10:00) 得分：10
(21:10:00) 测试点4(tree4.in)：
(21:10:00) 开始运行……
(21:10:00) 运行结束。耗时0.016秒，最大内存占用1368KB。
(21:10:00) 检查答案……
(21:10:00) 正确！
(21:10:00) 得分：10
(21:10:00) 测试点5(tree5.in)：
(21:10:00) 开始运行……
(21:10:00) 运行结束。耗时0.016秒，最大内存占用1372KB。
(21:10:00) 检查答案……
(21:10:00) 正确！
(21:10:00) 得分：10
(21:10:00) 测试点6(tree6.in)：
(21:10:00) 开始运行……
(21:10:00) 运行结束。耗时0.016秒，最大内存占用1372KB。
(21:10:00) 检查答案……
(21:10:00) 正确！
(21:10:00) 得分：10
(21:10:00) 测试点7(tree7.in)：
(21:10:00) 开始运行……
(21:10:00) 运行结束。耗时0.016秒，最大内存占用1372KB。
(21:10:00) 检查答案……
(21:10:00) 正确！
(21:10:00) 得分：10
(21:10:00) 测试点8(tree8.in)：
(21:10:00) 开始运行……
(21:10:00) 运行结束。耗时0.016秒，最大内存占用1372KB。
(21:10:00) 检查答案……
(21:10:00) 正确！
(21:10:00) 得分：10
(21:10:00) 测试点9(tree9.in)：
(21:10:00) 开始运行……
(21:10:00) 运行结束。耗时0.016秒，最大内存占用1376KB。
(21:10:00) 检查答案……
(21:10:00) 正确！
(21:10:00) 得分：10
(21:10:00) 测试点10(tree10.in)：
(21:10:00) 开始运行……
(21:10:00) 运行结束。耗时0.016秒，最大内存占用1384KB。
(21:10:00) 检查答案……
(21:10:00) 正确！
(21:10:00) 得分：10
(21:10:00) tree总得分：100
(21:10:00) message:
(21:10:00) 找到message.pas
(21:10:00) 开始编译……
(21:10:01) 编译成功。
(21:10:01) 测试点1(message1.in)：
(21:10:01) 开始运行……
(21:10:01) 运行结束。耗时0.032秒，最大内存占用1388KB。
(21:10:01) 检查答案……
(21:10:01) 正确！
(21:10:01) 得分：10
(21:10:01) 测试点2(message2.in)：
(21:10:01) 开始运行……
(21:10:01) 运行结束。耗时0.016秒，最大内存占用1380KB。
(21:10:01) 检查答案……
(21:10:01) 答案错误。
(21:10:01) 得分：0
(21:10:01) 测试点3(message3.in)：
(21:10:01) 开始运行……
(21:10:01) 运行结束。耗时0.016秒，最大内存占用1384KB。
(21:10:01) 检查答案……
(21:10:01) 正确！
(21:10:01) 得分：10
(21:10:01) 测试点4(message4.in)：
(21:10:01) 开始运行……
(21:10:01) 运行结束。耗时0.016秒，最大内存占用1408KB。
(21:10:01) 检查答案……
(21:10:01) 答案错误。
(21:10:01) 得分：0
(21:10:01) 测试点5(message5.in)：
(21:10:01) 开始运行……
(21:10:01) 运行结束。耗时0.015秒，最大内存占用2832KB。
(21:10:01) 检查答案……
(21:10:01) 答案错误。
(21:10:01) 得分：0
(21:10:01) 测试点6(message6.in)：
(21:10:01) 开始运行……
(21:10:01) 运行结束。耗时0.016秒，最大内存占用2632KB。
(21:10:01) 检查答案……
(21:10:01) 答案错误。
(21:10:01) 得分：0
(21:10:01) 测试点7(message7.in)：
(21:10:01) 开始运行……
(21:10:01) 运行结束。耗时0.015秒，最大内存占用3424KB。
(21:10:01) 检查答案……
(21:10:01) 答案错误。
(21:10:01) 得分：0
(21:10:01) 测试点8(message8.in)：
(21:10:01) 开始运行……
(21:10:01) 运行结束。耗时0.016秒，最大内存占用2908KB。
(21:10:01) 检查答案……
(21:10:01) 答案错误。
(21:10:01) 得分：0
(21:10:01) 测试点9(message9.in)：
(21:10:01) 开始运行……
(21:10:01) 运行结束。耗时0.015秒，最大内存占用3532KB。
(21:10:01) 检查答案……
(21:10:01) 答案错误。
(21:10:01) 得分：0
(21:10:01) 测试点10(message10.in)：
(21:10:01) 开始运行……
(21:10:01) 运行结束。耗时0.016秒，最大内存占用1884KB。
(21:10:01) 检查答案……
(21:10:01) 答案错误。
(21:10:01) 得分：0
(21:10:01) message总得分：20
(21:10:01) car:
(21:10:01) 未找到有效的源文件。
(21:10:01) car总得分：0
(21:10:01) best:
(21:10:01) 找到best.pas
(21:10:01) 开始编译……
(21:10:01) 编译成功。
(21:10:01) 测试点1(best1.in)：
(21:10:01) 开始运行……
(21:10:01) 运行结束。耗时0.015秒，最大内存占用1372KB。
(21:10:01) 检查答案……
(21:10:01) 答案错误。
(21:10:01) 得分：0
(21:10:01) 测试点2(best2.in)：
(21:10:01) 开始运行……
(21:10:01) 运行结束。耗时0.016秒，最大内存占用1368KB。
(21:10:01) 检查答案……
(21:10:01) 答案错误。
(21:10:01) 得分：0
(21:10:01) 测试点3(best3.in)：
(21:10:01) 开始运行……
(21:10:02) 运行结束。耗时0.016秒，最大内存占用1368KB。
(21:10:02) 检查答案……
(21:10:02) 答案错误。
(21:10:02) 得分：0
(21:10:02) 测试点4(best4.in)：
(21:10:02) 开始运行……
(21:10:02) 运行结束。耗时0.016秒，最大内存占用1372KB。
(21:10:02) 检查答案……
(21:10:02) 答案错误。
(21:10:02) 得分：0
(21:10:02) 测试点5(best5.in)：
(21:10:02) 开始运行……
(21:10:02) 运行结束。耗时0.015秒，最大内存占用1368KB。
(21:10:02) 检查答案……
(21:10:02) 答案错误。
(21:10:02) 得分：0
(21:10:02) 测试点6(best6.in)：
(21:10:02) 开始运行……
(21:10:02) 运行结束。耗时0.015秒，最大内存占用1372KB。
(21:10:02) 检查答案……
(21:10:02) 答案错误。
(21:10:02) 得分：0
(21:10:02) 测试点7(best7.in)：
(21:10:02) 开始运行……
(21:10:02) 运行结束。耗时0.015秒，最大内存占用1368KB。
(21:10:02) 检查答案……
(21:10:02) 答案错误。
(21:10:02) 得分：0
(21:10:02) 测试点8(best8.in)：
(21:10:02) 开始运行……
(21:10:02) 运行结束。耗时0.016秒，最大内存占用1368KB。
(21:10:02) 检查答案……
(21:10:02) 答案错误。
(21:10:02) 得分：0
(21:10:02) 测试点9(best9.in)：
(21:10:02) 开始运行……
(21:10:02) 运行结束。耗时0.016秒，最大内存占用1372KB。
(21:10:02) 检查答案……
(21:10:02) 答案错误。
(21:10:02) 得分：0
(21:10:02) 测试点10(best10.in)：
(21:10:02) 开始运行……
(21:10:02) 运行结束。耗时0.016秒，最大内存占用1372KB。
(21:10:02) 检查答案……
(21:10:02) 答案错误。
(21:10:02) 得分：0
(21:10:02) best总得分：0
(21:10:02) 选手“钱雨杰”最终得分：120

(21:10:02) 开始评测选手“陆浩明”
(21:10:02) tree:
(21:10:02) 找到tree.pas
(21:10:02) 开始编译……
(21:10:02) 编译成功。
(21:10:02) 测试点1(tree1.in)：
(21:10:02) 开始运行……
(21:10:02) 运行结束。耗时0.031秒，最大内存占用1376KB。
(21:10:02) 检查答案……
(21:10:02) 正确！
(21:10:02) 得分：10
(21:10:02) 测试点2(tree2.in)：
(21:10:02) 开始运行……
(21:10:02) 运行结束。耗时0.016秒，最大内存占用1376KB。
(21:10:02) 检查答案……
(21:10:02) 正确！
(21:10:02) 得分：10
(21:10:02) 测试点3(tree3.in)：
(21:10:02) 开始运行……
(21:10:02) 运行结束。耗时0.016秒，最大内存占用1372KB。
(21:10:02) 检查答案……
(21:10:02) 正确！
(21:10:02) 得分：10
(21:10:02) 测试点4(tree4.in)：
(21:10:02) 开始运行……
(21:10:02) 运行结束。耗时0.016秒，最大内存占用1376KB。
(21:10:02) 检查答案……
(21:10:02) 正确！
(21:10:02) 得分：10
(21:10:02) 测试点5(tree5.in)：
(21:10:02) 开始运行……
(21:10:02) 运行结束。耗时0.016秒，最大内存占用1372KB。
(21:10:02) 检查答案……
(21:10:02) 正确！
(21:10:02) 得分：10
(21:10:02) 测试点6(tree6.in)：
(21:10:02) 开始运行……
(21:10:03) 运行结束。耗时0.094秒，最大内存占用1376KB。
(21:10:03) 检查答案……
(21:10:03) 正确！
(21:10:03) 得分：10
(21:10:03) 测试点7(tree7.in)：
(21:10:03) 开始运行……
(21:10:03) 运行结束。耗时0.016秒，最大内存占用1376KB。
(21:10:03) 检查答案……
(21:10:03) 正确！
(21:10:03) 得分：10
(21:10:03) 测试点8(tree8.in)：
(21:10:03) 开始运行……
(21:10:03) 运行结束。耗时0.015秒，最大内存占用1376KB。
(21:10:03) 检查答案……
(21:10:03) 正确！
(21:10:03) 得分：10
(21:10:03) 测试点9(tree9.in)：
(21:10:03) 开始运行……
(21:10:03) 运行结束。耗时0.015秒，最大内存占用1376KB。
(21:10:03) 检查答案……
(21:10:03) 正确！
(21:10:03) 得分：10
(21:10:03) 测试点10(tree10.in)：
(21:10:03) 开始运行……
(21:10:03) 运行结束。耗时0.062秒，最大内存占用1380KB。
(21:10:03) 检查答案……
(21:10:03) 正确！
(21:10:03) 得分：10
(21:10:03) tree总得分：100
(21:10:03) message:
(21:10:03) 找到message.pas
(21:10:03) 开始编译……
(21:10:03) 编译成功。
(21:10:03) 测试点1(message1.in)：
(21:10:03) 开始运行……
(21:10:03) 运行结束。耗时0.047秒，最大内存占用2352KB。
(21:10:03) 检查答案……
(21:10:03) 正确！
(21:10:03) 得分：10
(21:10:03) 测试点2(message2.in)：
(21:10:03) 开始运行……
(21:10:03) 运行结束。耗时0.015秒，最大内存占用2352KB。
(21:10:03) 检查答案……
(21:10:03) 正确！
(21:10:03) 得分：10
(21:10:03) 测试点3(message3.in)：
(21:10:03) 开始运行……
(21:10:04) 运行结束。耗时0.015秒，最大内存占用2352KB。
(21:10:04) 检查答案……
(21:10:04) 正确！
(21:10:04) 得分：10
(21:10:04) 测试点4(message4.in)：
(21:10:04) 开始运行……
(21:10:04) 运行结束。耗时0.016秒，最大内存占用2352KB。
(21:10:04) 检查答案……
(21:10:04) 答案错误。
(21:10:04) 得分：0
(21:10:04) 测试点5(message5.in)：
(21:10:04) 开始运行……
(21:10:04) 运行结束。耗时0.015秒，最大内存占用2352KB。
(21:10:04) 检查答案……
(21:10:04) 答案错误。
(21:10:04) 得分：0
(21:10:04) 测试点6(message6.in)：
(21:10:04) 开始运行……
(21:10:04) 运行结束。耗时0.016秒，最大内存占用2352KB。
(21:10:04) 检查答案……
(21:10:04) 答案错误。
(21:10:04) 得分：0
(21:10:04) 测试点7(message7.in)：
(21:10:04) 开始运行……
(21:10:04) 运行结束。耗时0.015秒，最大内存占用2364KB。
(21:10:04) 检查答案……
(21:10:04) 答案错误。
(21:10:04) 得分：0
(21:10:04) 测试点8(message8.in)：
(21:10:04) 开始运行……
(21:10:04) 运行结束。耗时0.016秒，最大内存占用2356KB。
(21:10:04) 检查答案……
(21:10:04) 答案错误。
(21:10:04) 得分：0
(21:10:04) 测试点9(message9.in)：
(21:10:04) 开始运行……
(21:10:04) 运行结束。耗时0.016秒，最大内存占用2356KB。
(21:10:04) 检查答案……
(21:10:04) 答案错误。
(21:10:04) 得分：0
(21:10:04) 测试点10(message10.in)：
(21:10:04) 开始运行……
(21:10:04) 运行结束。耗时0.016秒，最大内存占用2352KB。
(21:10:04) 检查答案……
(21:10:04) 答案错误。
(21:10:04) 得分：0
(21:10:04) message总得分：30
(21:10:04) car:
(21:10:04) 未找到有效的源文件。
(21:10:04) car总得分：0
(21:10:04) best:
(21:10:04) 找到best.pas
(21:10:04) 开始编译……
(21:10:04) 编译成功。
(21:10:04) 测试点1(best1.in)：
(21:10:04) 开始运行……
(21:10:04) 运行结束。耗时0.062秒，最大内存占用1368KB。
(21:10:04) 检查答案……
(21:10:04) 答案错误。
(21:10:04) 得分：0
(21:10:04) 测试点2(best2.in)：
(21:10:04) 开始运行……
(21:10:04) 运行结束。耗时0.016秒，最大内存占用1364KB。
(21:10:04) 检查答案……
(21:10:04) 答案错误。
(21:10:04) 得分：0
(21:10:04) 测试点3(best3.in)：
(21:10:04) 开始运行……
(21:10:04) 运行结束。耗时0.015秒，最大内存占用1364KB。
(21:10:04) 检查答案……
(21:10:04) 答案错误。
(21:10:04) 得分：0
(21:10:04) 测试点4(best4.in)：
(21:10:04) 开始运行……
(21:10:04) 运行结束。耗时0.015秒，最大内存占用1368KB。
(21:10:04) 检查答案……
(21:10:04) 答案错误。
(21:10:04) 得分：0
(21:10:04) 测试点5(best5.in)：
(21:10:04) 开始运行……
(21:10:05) 运行结束。耗时0.015秒，最大内存占用1368KB。
(21:10:05) 检查答案……
(21:10:05) 答案错误。
(21:10:05) 得分：0
(21:10:05) 测试点6(best6.in)：
(21:10:05) 开始运行……
(21:10:05) 运行结束。耗时0.016秒，最大内存占用1368KB。
(21:10:05) 检查答案……
(21:10:05) 答案错误。
(21:10:05) 得分：0
(21:10:05) 测试点7(best7.in)：
(21:10:05) 开始运行……
(21:10:05) 运行结束。耗时0.016秒，最大内存占用1368KB。
(21:10:05) 检查答案……
(21:10:05) 答案错误。
(21:10:05) 得分：0
(21:10:05) 测试点8(best8.in)：
(21:10:05) 开始运行……
(21:10:05) 运行结束。耗时0.016秒，最大内存占用1364KB。
(21:10:05) 检查答案……
(21:10:05) 答案错误。
(21:10:05) 得分：0
(21:10:05) 测试点9(best9.in)：
(21:10:05) 开始运行……
(21:10:05) 运行结束。耗时0.015秒，最大内存占用1368KB。
(21:10:05) 检查答案……
(21:10:05) 答案错误。
(21:10:05) 得分：0
(21:10:05) 测试点10(best10.in)：
(21:10:05) 开始运行……
(21:10:05) 运行结束。耗时0.016秒，最大内存占用1364KB。
(21:10:05) 检查答案……
(21:10:05) 答案错误。
(21:10:05) 得分：0
(21:10:05) best总得分：0
(21:10:05) 选手“陆浩明”最终得分：130

(21:10:05) 开始评测选手“陆页开”
(21:10:05) tree:
(21:10:05) 找到tree.pas
(21:10:05) 开始编译……
(21:10:05) 编译成功。
(21:10:05) 测试点1(tree1.in)：
(21:10:05) 开始运行……
(21:10:05) 运行结束。耗时0.047秒，最大内存占用1364KB。
(21:10:05) 检查答案……
(21:10:05) 答案错误。
(21:10:05) 得分：0
(21:10:05) 测试点2(tree2.in)：
(21:10:05) 开始运行……
(21:10:05) 运行结束。耗时0.015秒，最大内存占用1368KB。
(21:10:05) 检查答案……
(21:10:05) 答案错误。
(21:10:05) 得分：0
(21:10:05) 测试点3(tree3.in)：
(21:10:05) 开始运行……
(21:10:05) 运行结束。耗时0.016秒，最大内存占用1368KB。
(21:10:05) 检查答案……
(21:10:05) 答案错误。
(21:10:05) 得分：0
(21:10:05) 测试点4(tree4.in)：
(21:10:05) 开始运行……
(21:10:05) 运行结束。耗时0.015秒，最大内存占用1364KB。
(21:10:05) 检查答案……
(21:10:05) 答案错误。
(21:10:05) 得分：0
(21:10:05) 测试点5(tree5.in)：
(21:10:05) 开始运行……
(21:10:05) 运行结束。耗时0.016秒，最大内存占用1368KB。
(21:10:05) 检查答案……
(21:10:05) 答案错误。
(21:10:05) 得分：0
(21:10:05) 测试点6(tree6.in)：
(21:10:05) 开始运行……
(21:10:05) 运行结束。耗时0.016秒，最大内存占用1368KB。
(21:10:05) 检查答案……
(21:10:06) 答案错误。
(21:10:06) 得分：0
(21:10:06) 测试点7(tree7.in)：
(21:10:06) 开始运行……
(21:10:06) 运行结束。耗时0.015秒，最大内存占用1368KB。
(21:10:06) 检查答案……
(21:10:06) 答案错误。
(21:10:06) 得分：0
(21:10:06) 测试点8(tree8.in)：
(21:10:06) 开始运行……
(21:10:06) 运行结束。耗时0.015秒，最大内存占用1364KB。
(21:10:06) 检查答案……
(21:10:06) 答案错误。
(21:10:06) 得分：0
(21:10:06) 测试点9(tree9.in)：
(21:10:06) 开始运行……
(21:10:06) 运行结束。耗时0.016秒，最大内存占用1368KB。
(21:10:06) 检查答案……
(21:10:06) 答案错误。
(21:10:06) 得分：0
(21:10:06) 测试点10(tree10.in)：
(21:10:06) 开始运行……
(21:10:06) 运行结束。耗时0.016秒，最大内存占用1368KB。
(21:10:06) 检查答案……
(21:10:06) 答案错误。
(21:10:06) 得分：0
(21:10:06) tree总得分：0
(21:10:06) message:
(21:10:06) 找到message.pas
(21:10:06) 开始编译……
(21:10:07) 编译成功。
(21:10:07) 测试点1(message1.in)：
(21:10:07) 开始运行……
(21:10:07) 运行结束。耗时0.015秒，最大内存占用5308KB。
(21:10:07) 检查答案……
(21:10:07) 正确！
(21:10:07) 得分：10
(21:10:07) 测试点2(message2.in)：
(21:10:07) 开始运行……
(21:10:07) 运行结束。耗时0.016秒，最大内存占用5296KB。
(21:10:07) 检查答案……
(21:10:07) 正确！
(21:10:07) 得分：10
(21:10:07) 测试点3(message3.in)：
(21:10:07) 开始运行……
(21:10:07) 运行结束。耗时0.016秒，最大内存占用5296KB。
(21:10:07) 检查答案……
(21:10:07) 正确！
(21:10:07) 得分：10
(21:10:07) 测试点4(message4.in)：
(21:10:07) 开始运行……
(21:10:07) 运行结束。耗时0.016秒，最大内存占用5328KB。
(21:10:07) 检查答案……
(21:10:07) 答案错误。
(21:10:07) 得分：0
(21:10:07) 测试点5(message5.in)：
(21:10:07) 开始运行……
(21:10:07) 运行结束。耗时0.282秒，最大内存占用7236KB。
(21:10:07) 检查答案……
(21:10:08) 答案错误。
(21:10:08) 得分：0
(21:10:08) 测试点6(message6.in)：
(21:10:08) 开始运行……
(21:10:08) 运行结束。耗时0.250秒，最大内存占用6972KB。
(21:10:08) 检查答案……
(21:10:08) 答案错误。
(21:10:08) 得分：0
(21:10:08) 测试点7(message7.in)：
(21:10:08) 开始运行……
(21:10:09) 运行结束。耗时0.953秒，最大内存占用8036KB。
(21:10:09) 检查答案……
(21:10:09) 答案错误。
(21:10:09) 得分：0
(21:10:09) 测试点8(message8.in)：
(21:10:09) 开始运行……
(21:10:09) 运行结束。耗时0.484秒，最大内存占用7344KB。
(21:10:09) 检查答案……
(21:10:09) 答案错误。
(21:10:09) 得分：0
(21:10:09) 测试点9(message9.in)：
(21:10:09) 开始运行……
(21:10:10) 运行结束。耗时1.015秒，最大内存占用8152KB。
(21:10:10) 运行超时。
(21:10:10) 得分：0
(21:10:10) 测试点10(message10.in)：
(21:10:10) 开始运行……
(21:10:10) 运行结束。耗时0.047秒，最大内存占用5972KB。
(21:10:10) 检查答案……
(21:10:10) 答案错误。
(21:10:10) 得分：0
(21:10:10) message总得分：30
(21:10:10) car:
(21:10:10) 未找到有效的源文件。
(21:10:10) car总得分：0
(21:10:10) best:
(21:10:10) 找到best.pas
(21:10:10) 开始编译……
(21:10:11) 编译成功。
(21:10:11) 测试点1(best1.in)：
(21:10:11) 开始运行……
(21:10:11) 运行结束。耗时0.016秒，最大内存占用1372KB。
(21:10:11) 检查答案……
(21:10:11) 答案错误。
(21:10:11) 得分：0
(21:10:11) 测试点2(best2.in)：
(21:10:11) 开始运行……
(21:10:11) 运行结束。耗时0.016秒，最大内存占用1368KB。
(21:10:11) 检查答案……
(21:10:11) 答案错误。
(21:10:11) 得分：0
(21:10:11) 测试点3(best3.in)：
(21:10:11) 开始运行……
(21:10:11) 运行结束。耗时0.015秒，最大内存占用1368KB。
(21:10:11) 检查答案……
(21:10:11) 答案错误。
(21:10:11) 得分：0
(21:10:11) 测试点4(best4.in)：
(21:10:11) 开始运行……
(21:10:11) 运行结束。耗时0.016秒，最大内存占用1372KB。
(21:10:11) 检查答案……
(21:10:11) 答案错误。
(21:10:11) 得分：0
(21:10:11) 测试点5(best5.in)：
(21:10:11) 开始运行……
(21:10:11) 运行结束。耗时0.015秒，最大内存占用1368KB。
(21:10:11) 检查答案……
(21:10:11) 答案错误。
(21:10:11) 得分：0
(21:10:11) 测试点6(best6.in)：
(21:10:11) 开始运行……
(21:10:11) 运行结束。耗时0.015秒，最大内存占用1368KB。
(21:10:11) 检查答案……
(21:10:11) 答案错误。
(21:10:11) 得分：0
(21:10:11) 测试点7(best7.in)：
(21:10:11) 开始运行……
(21:10:11) 运行结束。耗时0.015秒，最大内存占用1372KB。
(21:10:11) 检查答案……
(21:10:11) 答案错误。
(21:10:11) 得分：0
(21:10:11) 测试点8(best8.in)：
(21:10:11) 开始运行……
(21:10:11) 运行结束。耗时0.016秒，最大内存占用1372KB。
(21:10:11) 检查答案……
(21:10:11) 答案错误。
(21:10:11) 得分：0
(21:10:11) 测试点9(best9.in)：
(21:10:11) 开始运行……
(21:10:11) 运行结束。耗时0.016秒，最大内存占用1368KB。
(21:10:11) 检查答案……
(21:10:11) 答案错误。
(21:10:11) 得分：0
(21:10:11) 测试点10(best10.in)：
(21:10:11) 开始运行……
(21:10:11) 运行结束。耗时0.015秒，最大内存占用1372KB。
(21:10:11) 检查答案……
(21:10:11) 答案错误。
(21:10:11) 得分：0
(21:10:11) best总得分：0
(21:10:11) 选手“陆页开”最终得分：30

(21:10:11) 开始评测选手“高胜寒”
(21:10:11) tree:
(21:10:11) 找到tree.pas
(21:10:11) 开始编译……
(21:10:11) 编译成功。
(21:10:11) 测试点1(tree1.in)：
(21:10:11) 开始运行……
(21:10:11) 运行结束。耗时0.016秒，最大内存占用1368KB。
(21:10:11) 检查答案……
(21:10:12) 答案错误。
(21:10:12) 得分：0
(21:10:12) 测试点2(tree2.in)：
(21:10:12) 开始运行……
(21:10:12) 运行结束。耗时0.062秒，最大内存占用1364KB。
(21:10:12) 检查答案……
(21:10:12) 答案错误。
(21:10:12) 得分：0
(21:10:12) 测试点3(tree3.in)：
(21:10:12) 开始运行……
(21:10:12) 运行结束。耗时0.016秒，最大内存占用1364KB。
(21:10:12) 检查答案……
(21:10:12) 正确！
(21:10:12) 得分：10
(21:10:12) 测试点4(tree4.in)：
(21:10:12) 开始运行……
(21:10:12) 运行结束。耗时0.016秒，最大内存占用1364KB。
(21:10:12) 检查答案……
(21:10:12) 答案错误。
(21:10:12) 得分：0
(21:10:12) 测试点5(tree5.in)：
(21:10:12) 开始运行……
(21:10:12) 运行结束。耗时0.094秒，最大内存占用1364KB。
(21:10:12) 检查答案……
(21:10:12) 正确！
(21:10:12) 得分：10
(21:10:12) 测试点6(tree6.in)：
(21:10:12) 开始运行……
(21:10:12) 运行结束。耗时0.016秒，最大内存占用1364KB。
(21:10:12) 检查答案……
(21:10:12) 答案错误。
(21:10:12) 得分：0
(21:10:12) 测试点7(tree7.in)：
(21:10:12) 开始运行……
(21:10:12) 运行结束。耗时0.016秒，最大内存占用1364KB。
(21:10:12) 检查答案……
(21:10:12) 正确！
(21:10:12) 得分：10
(21:10:12) 测试点8(tree8.in)：
(21:10:12) 开始运行……
(21:10:12) 运行结束。耗时0.016秒，最大内存占用1364KB。
(21:10:12) 检查答案……
(21:10:12) 正确！
(21:10:12) 得分：10
(21:10:12) 测试点9(tree9.in)：
(21:10:12) 开始运行……
(21:10:12) 运行结束。耗时0.078秒，最大内存占用1368KB。
(21:10:12) 检查答案……
(21:10:12) 正确！
(21:10:12) 得分：10
(21:10:12) 测试点10(tree10.in)：
(21:10:12) 开始运行……
(21:10:12) 运行结束。耗时0.016秒，最大内存占用1364KB。
(21:10:12) 检查答案……
(21:10:12) 正确！
(21:10:12) 得分：10
(21:10:12) tree总得分：60
(21:10:12) message:
(21:10:12) 找到message.pas
(21:10:12) 开始编译……
(21:10:13) 编译成功。
(21:10:13) 测试点1(message1.in)：
(21:10:13) 开始运行……
(21:10:13) 运行结束。耗时0.031秒，最大内存占用1380KB。
(21:10:13) 检查答案……
(21:10:13) 正确！
(21:10:13) 得分：10
(21:10:13) 测试点2(message2.in)：
(21:10:13) 开始运行……
(21:10:13) 运行结束。耗时0.016秒，最大内存占用1376KB。
(21:10:13) 检查答案……
(21:10:13) 答案错误。
(21:10:13) 得分：0
(21:10:13) 测试点3(message3.in)：
(21:10:13) 开始运行……
(21:10:13) 运行结束。耗时0.016秒，最大内存占用1372KB。
(21:10:13) 检查答案……
(21:10:13) 正确！
(21:10:13) 得分：10
(21:10:13) 测试点4(message4.in)：
(21:10:13) 开始运行……
(21:10:13) 运行结束。耗时0.016秒，最大内存占用1396KB。
(21:10:13) 检查答案……
(21:10:13) 答案错误。
(21:10:13) 得分：0
(21:10:13) 测试点5(message5.in)：
(21:10:13) 开始运行……
(21:10:13) 运行结束。耗时0.016秒，最大内存占用2292KB。
(21:10:13) 检查答案……
(21:10:13) 答案错误。
(21:10:13) 得分：0
(21:10:13) 测试点6(message6.in)：
(21:10:13) 开始运行……
(21:10:13) 运行结束。耗时0.015秒，最大内存占用2208KB。
(21:10:13) 检查答案……
(21:10:13) 答案错误。
(21:10:13) 得分：0
(21:10:13) 测试点7(message7.in)：
(21:10:13) 开始运行……
(21:10:13) 运行结束。耗时0.016秒，最大内存占用2736KB。
(21:10:13) 检查答案……
(21:10:13) 答案错误。
(21:10:13) 得分：0
(21:10:13) 测试点8(message8.in)：
(21:10:13) 开始运行……
(21:10:13) 运行结束。耗时0.015秒，最大内存占用2392KB。
(21:10:13) 检查答案……
(21:10:13) 答案错误。
(21:10:13) 得分：0
(21:10:13) 测试点9(message9.in)：
(21:10:13) 开始运行……
(21:10:13) 运行结束。耗时0.016秒，最大内存占用2796KB。
(21:10:13) 检查答案……
(21:10:13) 答案错误。
(21:10:13) 得分：0
(21:10:13) 测试点10(message10.in)：
(21:10:13) 开始运行……
(21:10:13) 运行结束。耗时0.015秒，最大内存占用1708KB。
(21:10:13) 检查答案……
(21:10:13) 答案错误。
(21:10:13) 得分：0
(21:10:13) message总得分：20
(21:10:13) car:
(21:10:13) 找到car.pas
(21:10:13) 开始编译……
(21:10:13) 编译成功。
(21:10:13) 测试点1(car1.in)：
(21:10:13) 开始运行……
(21:10:13) 运行结束。耗时0.031秒，最大内存占用1368KB。
(21:10:13) 检查答案……
(21:10:13) 正确！
(21:10:13) 得分：10
(21:10:13) 测试点2(car2.in)：
(21:10:13) 开始运行……
(21:10:13) 运行结束。耗时0.016秒，最大内存占用1368KB。
(21:10:13) 检查答案……
(21:10:14) 答案错误。
(21:10:14) 得分：0
(21:10:14) 测试点3(car3.in)：
(21:10:14) 开始运行……
(21:10:14) 运行结束。耗时0.016秒，最大内存占用1368KB。
(21:10:14) 检查答案……
(21:10:14) 正确！
(21:10:14) 得分：10
(21:10:14) 测试点4(car4.in)：
(21:10:14) 开始运行……
(21:10:14) 运行结束。耗时0.015秒，最大内存占用1368KB。
(21:10:14) 检查答案……
(21:10:14) 答案错误。
(21:10:14) 得分：0
(21:10:14) 测试点5(car5.in)：
(21:10:14) 开始运行……
(21:10:14) 运行结束。耗时0.015秒，最大内存占用1368KB。
(21:10:14) 检查答案……
(21:10:14) 答案错误。
(21:10:14) 得分：0
(21:10:14) 测试点6(car6.in)：
(21:10:14) 开始运行……
(21:10:14) 运行结束。耗时0.016秒，最大内存占用1368KB。
(21:10:14) 检查答案……
(21:10:14) 答案错误。
(21:10:14) 得分：0
(21:10:14) 测试点7(car7.in)：
(21:10:14) 开始运行……
(21:10:14) 运行结束。耗时0.015秒，最大内存占用1372KB。
(21:10:14) 检查答案……
(21:10:14) 答案错误。
(21:10:14) 得分：0
(21:10:14) 测试点8(car8.in)：
(21:10:14) 开始运行……
(21:10:14) 运行结束。耗时0.015秒，最大内存占用1368KB。
(21:10:14) 检查答案……
(21:10:14) 答案错误。
(21:10:14) 得分：0
(21:10:14) 测试点9(car9.in)：
(21:10:14) 开始运行……
(21:10:14) 运行结束。耗时0.015秒，最大内存占用1368KB。
(21:10:14) 检查答案……
(21:10:14) 正确！
(21:10:14) 得分：10
(21:10:14) 测试点10(car10.in)：
(21:10:14) 开始运行……
(21:10:14) 运行结束。耗时0.016秒，最大内存占用1372KB。
(21:10:14) 检查答案……
(21:10:14) 答案错误。
(21:10:14) 得分：0
(21:10:14) car总得分：30
(21:10:14) best:
(21:10:14) 找到best.pas
(21:10:14) 开始编译……
(21:10:14) 编译成功。
(21:10:14) 测试点1(best1.in)：
(21:10:14) 开始运行……
(21:10:14) 运行结束。耗时0.031秒，最大内存占用1372KB。
(21:10:14) 检查答案……
(21:10:14) 答案错误。
(21:10:14) 得分：0
(21:10:14) 测试点2(best2.in)：
(21:10:14) 开始运行……
(21:10:14) 运行结束。耗时0.016秒，最大内存占用1368KB。
(21:10:14) 检查答案……
(21:10:14) 答案错误。
(21:10:14) 得分：0
(21:10:14) 测试点3(best3.in)：
(21:10:14) 开始运行……
(21:10:14) 运行结束。耗时0.016秒，最大内存占用1368KB。
(21:10:14) 检查答案……
(21:10:14) 正确！
(21:10:14) 得分：10
(21:10:14) 测试点4(best4.in)：
(21:10:14) 开始运行……
(21:10:14) 运行结束。耗时0.016秒，最大内存占用1368KB。
(21:10:14) 检查答案……
(21:10:14) 答案错误。
(21:10:14) 得分：0
(21:10:14) 测试点5(best5.in)：
(21:10:14) 开始运行……
(21:10:14) 运行结束。耗时0.016秒，最大内存占用1372KB。
(21:10:14) 检查答案……
(21:10:14) 答案错误。
(21:10:14) 得分：0
(21:10:14) 测试点6(best6.in)：
(21:10:14) 开始运行……
(21:10:14) 运行结束。耗时0.016秒，最大内存占用1372KB。
(21:10:14) 检查答案……
(21:10:15) 答案错误。
(21:10:15) 得分：0
(21:10:15) 测试点7(best7.in)：
(21:10:15) 开始运行……
(21:10:15) 运行结束。耗时0.031秒，最大内存占用1368KB。
(21:10:15) 检查答案……
(21:10:15) 答案错误。
(21:10:15) 得分：0
(21:10:15) 测试点8(best8.in)：
(21:10:15) 开始运行……
(21:10:15) 运行结束。耗时0.016秒，最大内存占用1368KB。
(21:10:15) 检查答案……
(21:10:15) 答案错误。
(21:10:15) 得分：0
(21:10:15) 测试点9(best9.in)：
(21:10:15) 开始运行……
(21:10:15) 运行结束。耗时0.016秒，最大内存占用1372KB。
(21:10:15) 检查答案……
(21:10:15) 答案错误。
(21:10:15) 得分：0
(21:10:15) 测试点10(best10.in)：
(21:10:15) 开始运行……
(21:10:15) 运行结束。耗时0.016秒，最大内存占用1368KB。
(21:10:15) 检查答案……
(21:10:15) 答案错误。
(21:10:15) 得分：0
(21:10:15) best总得分：10
(21:10:15) 选手“高胜寒”最终得分：120

(21:10:15) 开始评测选手“黄嘉楠”
(21:10:15) tree:
(21:10:15) 找到tree.pas
(21:10:15) 开始编译……
(21:10:15) 编译成功。
(21:10:15) 测试点1(tree1.in)：
(21:10:15) 开始运行……
(21:10:15) 运行结束。耗时0.016秒，最大内存占用1372KB。
(21:10:15) 检查答案……
(21:10:15) 正确！
(21:10:15) 得分：10
(21:10:15) 测试点2(tree2.in)：
(21:10:15) 开始运行……
(21:10:15) 运行结束。耗时0.016秒，最大内存占用1400KB。
(21:10:15) 检查答案……
(21:10:15) 正确！
(21:10:15) 得分：10
(21:10:15) 测试点3(tree3.in)：
(21:10:15) 开始运行……
(21:10:15) 运行结束。耗时0.016秒，最大内存占用1368KB。
(21:10:15) 检查答案……
(21:10:15) 正确！
(21:10:15) 得分：10
(21:10:15) 测试点4(tree4.in)：
(21:10:15) 开始运行……
(21:10:15) 运行结束。耗时0.063秒，最大内存占用1368KB。
(21:10:15) 检查答案……
(21:10:15) 正确！
(21:10:15) 得分：10
(21:10:15) 测试点5(tree5.in)：
(21:10:15) 开始运行……
(21:10:15) 运行结束。耗时0.016秒，最大内存占用1376KB。
(21:10:15) 检查答案……
(21:10:15) 正确！
(21:10:15) 得分：10
(21:10:15) 测试点6(tree6.in)：
(21:10:15) 开始运行……
(21:10:15) 运行结束。耗时0.015秒，最大内存占用1376KB。
(21:10:15) 检查答案……
(21:10:15) 正确！
(21:10:15) 得分：10
(21:10:15) 测试点7(tree7.in)：
(21:10:15) 开始运行……
(21:10:15) 运行结束。耗时0.015秒，最大内存占用1380KB。
(21:10:15) 检查答案……
(21:10:15) 正确！
(21:10:15) 得分：10
(21:10:15) 测试点8(tree8.in)：
(21:10:15) 开始运行……
(21:10:15) 运行结束。耗时0.078秒，最大内存占用1368KB。
(21:10:15) 检查答案……
(21:10:15) 正确！
(21:10:15) 得分：10
(21:10:15) 测试点9(tree9.in)：
(21:10:15) 开始运行……
(21:10:15) 运行结束。耗时0.015秒，最大内存占用1384KB。
(21:10:15) 检查答案……
(21:10:15) 正确！
(21:10:15) 得分：10
(21:10:15) 测试点10(tree10.in)：
(21:10:15) 开始运行……
(21:10:15) 运行结束。耗时0.015秒，最大内存占用1396KB。
(21:10:15) 检查答案……
(21:10:15) 正确！
(21:10:15) 得分：10
(21:10:15) tree总得分：100
(21:10:15) message:
(21:10:15) 找到message.pas
(21:10:15) 开始编译……
(21:10:16) 编译成功。
(21:10:16) 测试点1(message1.in)：
(21:10:16) 开始运行……
(21:10:16) 运行结束。耗时0.031秒，最大内存占用1412KB。
(21:10:16) 检查答案……
(21:10:16) 正确！
(21:10:16) 得分：10
(21:10:16) 测试点2(message2.in)：
(21:10:16) 开始运行……
(21:10:16) 运行结束。耗时0.016秒，最大内存占用1408KB。
(21:10:16) 检查答案……
(21:10:16) 正确！
(21:10:16) 得分：10
(21:10:16) 测试点3(message3.in)：
(21:10:16) 开始运行……
(21:10:16) 运行结束。耗时0.016秒，最大内存占用1408KB。
(21:10:16) 检查答案……
(21:10:16) 正确！
(21:10:16) 得分：10
(21:10:16) 测试点4(message4.in)：
(21:10:16) 开始运行……
(21:10:16) 运行结束。耗时0.063秒，最大内存占用1412KB。
(21:10:16) 检查答案……
(21:10:16) 正确！
(21:10:16) 得分：10
(21:10:16) 测试点5(message5.in)：
(21:10:16) 开始运行……
(21:10:16) 运行结束。耗时0.031秒，最大内存占用1564KB。
(21:10:16) Runtime-Error:-1073741819
(21:10:16) 得分：0
(21:10:16) 测试点6(message6.in)：
(21:10:16) 开始运行……
(21:10:16) 运行结束。耗时0.016秒，最大内存占用1488KB。
(21:10:16) Runtime-Error:106
(21:10:16) 得分：0
(21:10:16) 测试点7(message7.in)：
(21:10:16) 开始运行……
(21:10:16) 运行结束。耗时0.015秒，最大内存占用1640KB。
(21:10:16) Runtime-Error:106
(21:10:16) 得分：0
(21:10:16) 测试点8(message8.in)：
(21:10:16) 开始运行……
(21:10:16) 运行结束。耗时0.016秒，最大内存占用1572KB。
(21:10:16) Runtime-Error:106
(21:10:16) 得分：0
(21:10:16) 测试点9(message9.in)：
(21:10:16) 开始运行……
(21:10:16) 运行结束。耗时0.016秒，最大内存占用1660KB。
(21:10:16) Runtime-Error:106
(21:10:16) 得分：0
(21:10:16) 测试点10(message10.in)：
(21:10:16) 开始运行……
(21:10:16) 运行结束。耗时0.032秒，最大内存占用1464KB。
(21:10:16) 检查答案……
(21:10:16) 答案错误。
(21:10:16) 得分：0
(21:10:16) message总得分：40
(21:10:16) car:
(21:10:16) 未找到有效的源文件。
(21:10:16) car总得分：0
(21:10:16) best:
(21:10:16) 找到best.pas
(21:10:16) 开始编译……
(21:10:16) 编译成功。
(21:10:16) 测试点1(best1.in)：
(21:10:16) 开始运行……
(21:10:16) 运行结束。耗时0.031秒，最大内存占用1368KB。
(21:10:16) 检查答案……
(21:10:17) 答案错误。
(21:10:17) 得分：0
(21:10:17) 测试点2(best2.in)：
(21:10:17) 开始运行……
(21:10:17) 运行结束。耗时0.015秒，最大内存占用1368KB。
(21:10:17) 检查答案……
(21:10:17) 答案错误。
(21:10:17) 得分：0
(21:10:17) 测试点3(best3.in)：
(21:10:17) 开始运行……
(21:10:17) 运行结束。耗时0.015秒，最大内存占用1364KB。
(21:10:17) 检查答案……
(21:10:17) 答案错误。
(21:10:17) 得分：0
(21:10:17) 测试点4(best4.in)：
(21:10:17) 开始运行……
(21:10:17) 运行结束。耗时0.015秒，最大内存占用1364KB。
(21:10:17) 检查答案……
(21:10:17) 答案错误。
(21:10:17) 得分：0
(21:10:17) 测试点5(best5.in)：
(21:10:17) 开始运行……
(21:10:17) 运行结束。耗时0.016秒，最大内存占用1364KB。
(21:10:17) 检查答案……
(21:10:17) 答案错误。
(21:10:17) 得分：0
(21:10:17) 测试点6(best6.in)：
(21:10:17) 开始运行……
(21:10:17) 运行结束。耗时0.015秒，最大内存占用1364KB。
(21:10:17) 检查答案……
(21:10:17) 答案错误。
(21:10:17) 得分：0
(21:10:17) 测试点7(best7.in)：
(21:10:17) 开始运行……
(21:10:17) 运行结束。耗时0.015秒，最大内存占用1368KB。
(21:10:17) 检查答案……
(21:10:17) 答案错误。
(21:10:17) 得分：0
(21:10:17) 测试点8(best8.in)：
(21:10:17) 开始运行……
(21:10:17) 运行结束。耗时0.015秒，最大内存占用1364KB。
(21:10:17) 检查答案……
(21:10:17) 答案错误。
(21:10:17) 得分：0
(21:10:17) 测试点9(best9.in)：
(21:10:17) 开始运行……
(21:10:17) 运行结束。耗时0.015秒，最大内存占用1364KB。
(21:10:17) 检查答案……
(21:10:17) 答案错误。
(21:10:17) 得分：0
(21:10:17) 测试点10(best10.in)：
(21:10:17) 开始运行……
(21:10:17) 运行结束。耗时0.015秒，最大内存占用1364KB。
(21:10:17) 检查答案……
(21:10:17) 答案错误。
(21:10:17) 得分：0
(21:10:17) best总得分：0
(21:10:17) 选手“黄嘉楠”最终得分：140
(21:10:17) 测试结束。
