
(17:05:04) Person=刘爽 Item=bag
(17:05:04) 判错理由：编译失败。
(17:05:04) 编译器返回值：-1
(17:05:04) 编译器返回信息：
编译器不存在或无法运行。


(17:05:04) Person=刘爽 Item=divide
(17:05:04) 判错理由：编译失败。
(17:05:04) 编译器返回值：-1
(17:05:04) 编译器返回信息：
编译器不存在或无法运行。


(17:05:04) Person=刘爽 Item=engzam
(17:05:04) 判错理由：编译失败。
(17:05:04) 编译器返回值：-1
(17:05:04) 编译器返回信息：
编译器不存在或无法运行。


(17:05:04) Person=刘爽 Item=express
(17:05:04) 判错理由：未找到有效的源文件。

(17:05:04) Person=华逸青 Item=bag
(17:05:04) 判错理由：未找到有效的源文件。

(17:05:04) Person=华逸青 Item=divide
(17:05:04) 判错理由：编译失败。
(17:05:04) 编译器返回值：-1
(17:05:04) 编译器返回信息：
编译器不存在或无法运行。


(17:05:04) Person=华逸青 Item=engzam
(17:05:04) 判错理由：编译失败。
(17:05:04) 编译器返回值：-1
(17:05:04) 编译器返回信息：
编译器不存在或无法运行。


(17:05:04) Person=华逸青 Item=express
(17:05:04) 判错理由：未找到有效的源文件。

(17:05:04) Person=卞正达 Item=bag
(17:05:04) 判错理由：编译失败。
(17:05:04) 编译器返回值：-1
(17:05:04) 编译器返回信息：
编译器不存在或无法运行。


(17:05:04) Person=卞正达 Item=divide
(17:05:04) 判错理由：编译失败。
(17:05:04) 编译器返回值：-1
(17:05:04) 编译器返回信息：
编译器不存在或无法运行。


(17:05:04) Person=卞正达 Item=engzam
(17:05:04) 判错理由：编译失败。
(17:05:04) 编译器返回值：-1
(17:05:04) 编译器返回信息：
编译器不存在或无法运行。


(17:05:04) Person=卞正达 Item=express
(17:05:04) 判错理由：未找到有效的源文件。

(17:05:04) Person=史鉴 Item=bag
(17:05:04) 判错理由：未找到有效的源文件。

(17:05:05) Person=史鉴 Item=divide
(17:05:05) 判错理由：编译失败。
(17:05:05) 编译器返回值：-1
(17:05:05) 编译器返回信息：
编译器不存在或无法运行。


(17:05:05) Person=史鉴 Item=engzam
(17:05:05) 判错理由：编译失败。
(17:05:05) 编译器返回值：-1
(17:05:05) 编译器返回信息：
编译器不存在或无法运行。


(17:05:05) Person=史鉴 Item=express
(17:05:05) 判错理由：未找到有效的源文件。

(17:05:05) Person=吴泽威 Item=bag
(17:05:05) 判错理由：编译失败。
(17:05:05) 编译器返回值：-1
(17:05:05) 编译器返回信息：
编译器不存在或无法运行。


(17:05:05) Person=吴泽威 Item=divide
(17:05:05) 判错理由：编译失败。
(17:05:05) 编译器返回值：-1
(17:05:05) 编译器返回信息：
编译器不存在或无法运行。


(17:05:05) Person=吴泽威 Item=engzam
(17:05:05) 判错理由：编译失败。
(17:05:05) 编译器返回值：-1
(17:05:05) 编译器返回信息：
编译器不存在或无法运行。


(17:05:05) Person=吴泽威 Item=express
(17:05:05) 判错理由：编译失败。
(17:05:05) 编译器返回值：-1
(17:05:05) 编译器返回信息：
编译器不存在或无法运行。


(17:05:05) Person=周立南 Item=bag
(17:05:05) 判错理由：编译失败。
(17:05:05) 编译器返回值：-1
(17:05:05) 编译器返回信息：
编译器不存在或无法运行。


(17:05:05) Person=周立南 Item=divide
(17:05:05) 判错理由：编译失败。
(17:05:05) 编译器返回值：-1
(17:05:05) 编译器返回信息：
编译器不存在或无法运行。


(17:05:05) Person=周立南 Item=engzam
(17:05:05) 判错理由：编译失败。
(17:05:05) 编译器返回值：-1
(17:05:05) 编译器返回信息：
编译器不存在或无法运行。


(17:05:05) Person=周立南 Item=express
(17:05:05) 判错理由：编译失败。
(17:05:05) 编译器返回值：-1
(17:05:05) 编译器返回信息：
编译器不存在或无法运行。


(17:05:05) Person=夷安 Item=bag
(17:05:05) 判错理由：编译失败。
(17:05:05) 编译器返回值：-1
(17:05:05) 编译器返回信息：
编译器不存在或无法运行。


(17:05:05) Person=夷安 Item=divide
(17:05:05) 判错理由：编译失败。
(17:05:05) 编译器返回值：-1
(17:05:05) 编译器返回信息：
编译器不存在或无法运行。


(17:05:05) Person=夷安 Item=engzam
(17:05:05) 判错理由：编译失败。
(17:05:05) 编译器返回值：-1
(17:05:05) 编译器返回信息：
编译器不存在或无法运行。


(17:05:05) Person=夷安 Item=express
(17:05:05) 判错理由：未找到有效的源文件。

(17:05:05) Person=已整理 Item=bag
(17:05:05) 判错理由：未找到有效的源文件。

(17:05:05) Person=已整理 Item=divide
(17:05:05) 判错理由：未找到有效的源文件。

(17:05:05) Person=已整理 Item=engzam
(17:05:05) 判错理由：未找到有效的源文件。

(17:05:05) Person=已整理 Item=express
(17:05:05) 判错理由：未找到有效的源文件。

(17:05:05) Person=张吉鸿 Item=bag
(17:05:05) 判错理由：未找到有效的源文件。

(17:05:05) Person=张吉鸿 Item=divide
(17:05:05) 判错理由：编译失败。
(17:05:05) 编译器返回值：-1
(17:05:05) 编译器返回信息：
编译器不存在或无法运行。


(17:05:05) Person=张吉鸿 Item=engzam
(17:05:05) 判错理由：编译失败。
(17:05:05) 编译器返回值：-1
(17:05:05) 编译器返回信息：
编译器不存在或无法运行。


(17:05:05) Person=张吉鸿 Item=express
(17:05:05) 判错理由：未找到有效的源文件。

(17:05:05) Person=张昊 Item=bag
(17:05:05) 判错理由：编译失败。
(17:05:05) 编译器返回值：-1
(17:05:05) 编译器返回信息：
编译器不存在或无法运行。


(17:05:05) Person=张昊 Item=divide
(17:05:05) 判错理由：编译失败。
(17:05:05) 编译器返回值：-1
(17:05:05) 编译器返回信息：
编译器不存在或无法运行。


(17:05:05) Person=张昊 Item=engzam
(17:05:05) 判错理由：未找到有效的源文件。

(17:05:05) Person=张昊 Item=express
(17:05:05) 判错理由：编译失败。
(17:05:05) 编译器返回值：-1
(17:05:05) 编译器返回信息：
编译器不存在或无法运行。


(17:05:05) Person=彭雪莹 Item=bag
(17:05:05) 判错理由：编译失败。
(17:05:05) 编译器返回值：-1
(17:05:05) 编译器返回信息：
编译器不存在或无法运行。


(17:05:05) Person=彭雪莹 Item=divide
(17:05:05) 判错理由：编译失败。
(17:05:05) 编译器返回值：-1
(17:05:05) 编译器返回信息：
编译器不存在或无法运行。


(17:05:06) Person=彭雪莹 Item=engzam
(17:05:06) 判错理由：编译失败。
(17:05:06) 编译器返回值：-1
(17:05:06) 编译器返回信息：
编译器不存在或无法运行。


(17:05:06) Person=彭雪莹 Item=express
(17:05:06) 判错理由：未找到有效的源文件。

(17:05:06) Person=施通 Item=bag
(17:05:06) 判错理由：编译失败。
(17:05:06) 编译器返回值：-1
(17:05:06) 编译器返回信息：
编译器不存在或无法运行。


(17:05:06) Person=施通 Item=divide
(17:05:06) 判错理由：编译失败。
(17:05:06) 编译器返回值：-1
(17:05:06) 编译器返回信息：
编译器不存在或无法运行。


(17:05:06) Person=施通 Item=engzam
(17:05:06) 判错理由：编译失败。
(17:05:06) 编译器返回值：-1
(17:05:06) 编译器返回信息：
编译器不存在或无法运行。


(17:05:06) Person=施通 Item=express
(17:05:06) 判错理由：未找到有效的源文件。

(17:05:06) Person=李晓承 Item=bag
(17:05:06) 判错理由：编译失败。
(17:05:06) 编译器返回值：-1
(17:05:06) 编译器返回信息：
编译器不存在或无法运行。


(17:05:06) Person=李晓承 Item=divide
(17:05:06) 判错理由：编译失败。
(17:05:06) 编译器返回值：-1
(17:05:06) 编译器返回信息：
编译器不存在或无法运行。


(17:05:06) Person=李晓承 Item=engzam
(17:05:06) 判错理由：编译失败。
(17:05:06) 编译器返回值：-1
(17:05:06) 编译器返回信息：
编译器不存在或无法运行。


(17:05:06) Person=李晓承 Item=express
(17:05:06) 判错理由：未找到有效的源文件。

(17:05:06) Person=杨宽 Item=bag
(17:05:06) 判错理由：编译失败。
(17:05:06) 编译器返回值：-1
(17:05:06) 编译器返回信息：
编译器不存在或无法运行。


(17:05:06) Person=杨宽 Item=divide
(17:05:06) 判错理由：编译失败。
(17:05:06) 编译器返回值：-1
(17:05:06) 编译器返回信息：
编译器不存在或无法运行。


(17:05:06) Person=杨宽 Item=engzam
(17:05:06) 判错理由：编译失败。
(17:05:06) 编译器返回值：-1
(17:05:06) 编译器返回信息：
编译器不存在或无法运行。


(17:05:06) Person=杨宽 Item=express
(17:05:06) 判错理由：编译失败。
(17:05:06) 编译器返回值：-1
(17:05:06) 编译器返回信息：
编译器不存在或无法运行。


(17:05:06) Person=毛心F Item=bag
(17:05:06) 判错理由：编译失败。
(17:05:06) 编译器返回值：-1
(17:05:06) 编译器返回信息：
编译器不存在或无法运行。


(17:05:06) Person=毛心F Item=divide
(17:05:06) 判错理由：编译失败。
(17:05:06) 编译器返回值：-1
(17:05:06) 编译器返回信息：
编译器不存在或无法运行。


(17:05:06) Person=毛心F Item=engzam
(17:05:06) 判错理由：编译失败。
(17:05:06) 编译器返回值：-1
(17:05:06) 编译器返回信息：
编译器不存在或无法运行。


(17:05:06) Person=毛心F Item=express
(17:05:06) 判错理由：未找到有效的源文件。

(17:05:06) Person=王凯南 Item=bag
(17:05:06) 判错理由：编译失败。
(17:05:06) 编译器返回值：-1
(17:05:06) 编译器返回信息：
编译器不存在或无法运行。


(17:05:06) Person=王凯南 Item=divide
(17:05:06) 判错理由：编译失败。
(17:05:06) 编译器返回值：-1
(17:05:06) 编译器返回信息：
编译器不存在或无法运行。


(17:05:06) Person=王凯南 Item=engzam
(17:05:06) 判错理由：编译失败。
(17:05:06) 编译器返回值：-1
(17:05:06) 编译器返回信息：
编译器不存在或无法运行。


(17:05:06) Person=王凯南 Item=express
(17:05:06) 判错理由：编译失败。
(17:05:06) 编译器返回值：-1
(17:05:06) 编译器返回信息：
编译器不存在或无法运行。


(17:05:06) Person=王潇 Item=bag
(17:05:06) 判错理由：编译失败。
(17:05:06) 编译器返回值：-1
(17:05:06) 编译器返回信息：
编译器不存在或无法运行。


(17:05:06) Person=王潇 Item=divide
(17:05:06) 判错理由：编译失败。
(17:05:06) 编译器返回值：-1
(17:05:06) 编译器返回信息：
编译器不存在或无法运行。


(17:05:06) Person=王潇 Item=engzam
(17:05:06) 判错理由：编译失败。
(17:05:06) 编译器返回值：-1
(17:05:06) 编译器返回信息：
编译器不存在或无法运行。


(17:05:06) Person=王潇 Item=express
(17:05:06) 判错理由：未找到有效的源文件。

(17:05:06) Person=王轩 Item=bag
(17:05:06) 判错理由：编译失败。
(17:05:06) 编译器返回值：-1
(17:05:06) 编译器返回信息：
编译器不存在或无法运行。


(17:07:19) Person=刘爽 Item=bag Test=8
(17:07:19) 判错理由：Runtime-Error.
(17:07:19) 程序返回值：-1073741819
(17:07:19) 程序返回信息：


(17:07:19) Person=刘爽 Item=bag Test=9
(17:07:19) 判错理由：Runtime-Error.
(17:07:19) 程序返回值：-1073741819
(17:07:19) 程序返回信息：


(17:07:19) Person=刘爽 Item=bag Test=10
(17:07:19) 判错理由：Runtime-Error.
(17:07:19) 程序返回值：-1073741819
(17:07:19) 程序返回信息：


(17:07:23) Person=刘爽 Item=divide Test=10
(17:07:23) 判错理由：运行超时。
(17:07:23) 程序返回值：259
(17:07:23) 程序返回信息：
运行超时。


(17:07:24) Person=刘爽 Item=engzam Test=4
(17:07:24) 判错理由：输出与答案不同。
(17:07:24) 详细信息：
发现不同：
****engzam.out
...7
50
10
32
0
0
0
0
0
...
****engzam.ans
...7
50
10
32
12
4
0
1
1...
****

(17:07:24) Person=刘爽 Item=engzam Test=6
(17:07:24) 判错理由：输出与答案不同。
(17:07:24) 详细信息：
发现不同：
****engzam.out
...363
136
30
1
0
0
6
0
0...
****engzam.ans
...363
136
30
1
0
0
6
1
0...
****

(17:07:25) Person=刘爽 Item=engzam Test=7
(17:07:25) 判错理由：输出与答案不同。
(17:07:25) 详细信息：
发现不同：
****engzam.out
...513
35
23
9
0
0
0
0
0...
****engzam.ans
...513
35
23
9
0
0
1
3
1...
****

(17:07:25) Person=刘爽 Item=engzam Test=8
(17:07:25) 判错理由：输出与答案不同。
(17:07:25) 详细信息：
发现不同：
****engzam.out
...74
34
25
6
0
0
0
0
0
...
****engzam.ans
...74
34
25
6
0
0
0
0
2
...
****

(17:07:28) Person=刘爽 Item=engzam Test=9
(17:07:28) 判错理由：输出与答案不同。
(17:07:28) 详细信息：
发现不同：
****engzam.out
...
3
0
0
0
0
0
0
0
1
0...
****engzam.ans
...
3
1
0
0
0
0
0
0
1
0...
****

(17:07:31) Person=刘爽 Item=engzam Test=10
(17:07:31) 判错理由：运行超时。
(17:07:31) 程序返回值：259
(17:07:31) 程序返回信息：
运行超时。


(17:07:31) Person=刘爽 Item=express
(17:07:31) 判错理由：未找到有效的源文件。

(17:07:31) Person=华逸青 Item=bag
(17:07:31) 判错理由：未找到有效的源文件。

(17:07:32) Person=华逸青 Item=divide Test=1
(17:07:32) 判错理由：输出与答案不同。
(17:07:32) 详细信息：
发现不同：
****divide.out
...5
...
****divide.ans
...100049
...
****

(17:07:32) Person=华逸青 Item=divide Test=2
(17:07:32) 判错理由：输出与答案不同。
(17:07:32) 详细信息：
发现不同：
****divide.out
...5
...
****divide.ans
...50
...
****

(17:07:32) Person=华逸青 Item=divide Test=3
(17:07:32) 判错理由：输出与答案不同。
(17:07:32) 详细信息：
发现不同：
****divide.out
...2
...
****divide.ans
...13
...
****

(17:07:32) Person=华逸青 Item=divide Test=4
(17:07:32) 判错理由：输出与答案不同。
(17:07:32) 详细信息：
发现不同：
****divide.out
...10
...
****divide.ans
...3197
...
****

(17:07:32) Person=华逸青 Item=divide Test=5
(17:07:32) 判错理由：输出与答案不同。
(17:07:32) 详细信息：
发现不同：
****divide.out
...20
...
****divide.ans
...125900
...
****

(17:07:32) Person=华逸青 Item=divide Test=6
(17:07:32) 判错理由：输出与答案不同。
(17:07:32) 详细信息：
发现不同：
****divide.out
...98
...
****divide.ans
...97298596
...
****

(17:07:33) Person=华逸青 Item=divide Test=7
(17:07:33) 判错理由：输出与答案不同。
(17:07:33) 详细信息：
发现不同：
****divide.out
...362
...
****divide.ans
...35445334
...
****

(17:07:33) Person=华逸青 Item=divide Test=8
(17:07:33) 判错理由：输出与答案不同。
(17:07:33) 详细信息：
发现不同：
****divide.out
...290
...
****divide.ans
...2297771
...
****

(17:07:33) Person=华逸青 Item=divide Test=9
(17:07:33) 判错理由：输出与答案不同。
(17:07:33) 详细信息：
发现不同：
****divide.out
...10
...
****divide.ans
...6162571
...
****

(17:07:33) Person=华逸青 Item=divide Test=10
(17:07:33) 判错理由：输出与答案不同。
(17:07:33) 详细信息：
发现不同：
****divide.out
...-2147482455
...
****divide.ans
...876021335
...
****

(17:07:34) Person=华逸青 Item=engzam Test=1
(17:07:34) 判错理由：Runtime-Error.
(17:07:34) 程序返回值：216
(17:07:34) 程序返回信息：


(17:07:34) Person=华逸青 Item=engzam Test=2
(17:07:34) 判错理由：Runtime-Error.
(17:07:34) 程序返回值：216
(17:07:34) 程序返回信息：


(17:07:34) Person=华逸青 Item=engzam Test=3
(17:07:34) 判错理由：Runtime-Error.
(17:07:34) 程序返回值：216
(17:07:34) 程序返回信息：


(17:07:35) Person=华逸青 Item=engzam Test=4
(17:07:35) 判错理由：Runtime-Error.
(17:07:35) 程序返回值：216
(17:07:35) 程序返回信息：


(17:07:35) Person=华逸青 Item=engzam Test=5
(17:07:35) 判错理由：Runtime-Error.
(17:07:35) 程序返回值：216
(17:07:35) 程序返回信息：


(17:07:35) Person=华逸青 Item=engzam Test=6
(17:07:35) 判错理由：Runtime-Error.
(17:07:35) 程序返回值：216
(17:07:35) 程序返回信息：


(17:07:35) Person=华逸青 Item=engzam Test=7
(17:07:35) 判错理由：Runtime-Error.
(17:07:35) 程序返回值：216
(17:07:35) 程序返回信息：


(17:07:35) Person=华逸青 Item=engzam Test=8
(17:07:35) 判错理由：Runtime-Error.
(17:07:35) 程序返回值：216
(17:07:35) 程序返回信息：


(17:07:35) Person=华逸青 Item=engzam Test=9
(17:07:35) 判错理由：Runtime-Error.
(17:07:35) 程序返回值：216
(17:07:35) 程序返回信息：


(17:07:35) Person=华逸青 Item=engzam Test=10
(17:07:35) 判错理由：Runtime-Error.
(17:07:35) 程序返回值：216
(17:07:35) 程序返回信息：


(17:07:35) Person=华逸青 Item=express
(17:07:35) 判错理由：未找到有效的源文件。

(17:07:36) Person=卞正达 Item=bag Test=1
(17:07:36) 判错理由：找不到输出文件。
(17:07:36) 程序返回值：0
(17:07:36) 程序返回信息：


(17:07:36) Person=卞正达 Item=bag Test=2
(17:07:36) 判错理由：找不到输出文件。
(17:07:36) 程序返回值：0
(17:07:36) 程序返回信息：


(17:07:36) Person=卞正达 Item=bag Test=3
(17:07:36) 判错理由：找不到输出文件。
(17:07:36) 程序返回值：0
(17:07:36) 程序返回信息：


(17:07:36) Person=卞正达 Item=bag Test=4
(17:07:36) 判错理由：找不到输出文件。
(17:07:36) 程序返回值：0
(17:07:36) 程序返回信息：


(17:07:36) Person=卞正达 Item=bag Test=5
(17:07:36) 判错理由：找不到输出文件。
(17:07:36) 程序返回值：0
(17:07:36) 程序返回信息：


(17:07:36) Person=卞正达 Item=bag Test=6
(17:07:36) 判错理由：找不到输出文件。
(17:07:36) 程序返回值：0
(17:07:36) 程序返回信息：


(17:07:36) Person=卞正达 Item=bag Test=7
(17:07:36) 判错理由：找不到输出文件。
(17:07:36) 程序返回值：0
(17:07:36) 程序返回信息：


(17:07:36) Person=卞正达 Item=bag Test=8
(17:07:36) 判错理由：找不到输出文件。
(17:07:36) 程序返回值：0
(17:07:36) 程序返回信息：


(17:07:36) Person=卞正达 Item=bag Test=9
(17:07:36) 判错理由：找不到输出文件。
(17:07:36) 程序返回值：0
(17:07:36) 程序返回信息：


(17:07:36) Person=卞正达 Item=bag Test=10
(17:07:36) 判错理由：找不到输出文件。
(17:07:36) 程序返回值：0
(17:07:36) 程序返回信息：


(17:07:37) Person=卞正达 Item=divide Test=1
(17:07:37) 判错理由：输出与答案不同。
(17:07:37) 详细信息：
发现不同：
****divide.out
...0
...
****divide.ans
...100049
...
****

(17:07:37) Person=卞正达 Item=divide Test=2
(17:07:37) 判错理由：输出与答案不同。
(17:07:37) 详细信息：
发现不同：
****divide.out
...0
...
****divide.ans
...50
...
****

(17:07:37) Person=卞正达 Item=divide Test=3
(17:07:37) 判错理由：输出与答案不同。
(17:07:37) 详细信息：
发现不同：
****divide.out
...0
...
****divide.ans
...13
...
****

(17:07:37) Person=卞正达 Item=divide Test=4
(17:07:37) 判错理由：输出与答案不同。
(17:07:37) 详细信息：
发现不同：
****divide.out
...0
...
****divide.ans
...3197
...
****

(17:07:37) Person=卞正达 Item=divide Test=5
(17:07:37) 判错理由：输出与答案不同。
(17:07:37) 详细信息：
发现不同：
****divide.out
...0
...
****divide.ans
...125900
...
****

(17:07:37) Person=卞正达 Item=divide Test=7
(17:07:37) 判错理由：输出与答案不同。
(17:07:37) 详细信息：
发现不同：
****divide.out
...0
...
****divide.ans
...35445334
...
****

(17:07:38) Person=卞正达 Item=divide Test=8
(17:07:38) 判错理由：输出与答案不同。
(17:07:38) 详细信息：
发现不同：
****divide.out
...0
...
****divide.ans
...2297771
...
****

(17:07:42) Person=卞正达 Item=divide Test=9
(17:07:42) 判错理由：运行超时。
(17:07:42) 程序返回值：259
(17:07:42) 程序返回信息：
运行超时。


(17:07:43) Person=卞正达 Item=divide Test=10
(17:07:43) 判错理由：运行超时。
(17:07:43) 程序返回值：259
(17:07:43) 程序返回信息：
运行超时。


(17:07:46) Person=卞正达 Item=engzam Test=1
(17:07:46) 判错理由：运行超时。
(17:07:46) 程序返回值：259
(17:07:46) 程序返回信息：
运行超时。


(17:07:49) Person=卞正达 Item=engzam Test=2
(17:07:49) 判错理由：运行超时。
(17:07:49) 程序返回值：259
(17:07:49) 程序返回信息：
运行超时。


(17:07:52) Person=卞正达 Item=engzam Test=3
(17:07:52) 判错理由：运行超时。
(17:07:52) 程序返回值：259
(17:07:52) 程序返回信息：
运行超时。


(17:07:55) Person=卞正达 Item=engzam Test=4
(17:07:55) 判错理由：运行超时。
(17:07:55) 程序返回值：259
(17:07:55) 程序返回信息：
运行超时。


(17:07:58) Person=卞正达 Item=engzam Test=5
(17:07:58) 判错理由：运行超时。
(17:07:58) 程序返回值：259
(17:07:58) 程序返回信息：
运行超时。


(17:08:01) Person=卞正达 Item=engzam Test=6
(17:08:01) 判错理由：运行超时。
(17:08:01) 程序返回值：259
(17:08:01) 程序返回信息：
运行超时。


(17:08:04) Person=卞正达 Item=engzam Test=7
(17:08:04) 判错理由：运行超时。
(17:08:04) 程序返回值：259
(17:08:04) 程序返回信息：
运行超时。


(17:08:08) Person=卞正达 Item=engzam Test=8
(17:08:08) 判错理由：运行超时。
(17:08:08) 程序返回值：259
(17:08:08) 程序返回信息：
运行超时。


(17:08:11) Person=卞正达 Item=engzam Test=9
(17:08:11) 判错理由：运行超时。
(17:08:11) 程序返回值：259
(17:08:11) 程序返回信息：
运行超时。


(17:08:14) Person=卞正达 Item=engzam Test=10
(17:08:14) 判错理由：运行超时。
(17:08:14) 程序返回值：259
(17:08:14) 程序返回信息：
运行超时。


(17:08:14) Person=卞正达 Item=express
(17:08:14) 判错理由：未找到有效的源文件。

(17:08:14) Person=史鉴 Item=bag
(17:08:14) 判错理由：未找到有效的源文件。

(17:08:15) Person=史鉴 Item=divide Test=1
(17:08:15) 判错理由：输出与答案不同。
(17:08:15) 详细信息：
发现不同：
****divide.out
...100016
...
****divide.ans
...100049
...
****

(17:08:15) Person=史鉴 Item=divide Test=3
(17:08:15) 判错理由：输出与答案不同。
(17:08:15) 详细信息：
发现不同：
****divide.out
...17
...
****divide.ans
...13
...
****

(17:08:15) Person=史鉴 Item=divide Test=5
(17:08:15) 判错理由：输出与答案不同。
(17:08:15) 详细信息：
发现不同：
****divide.out
...136715
...
****divide.ans
...125900
...
****

(17:08:23) Person=史鉴 Item=engzam Test=10
(17:08:23) 判错理由：运行超时。
(17:08:23) 程序返回值：259
(17:08:23) 程序返回信息：
运行超时。


(17:08:23) Person=史鉴 Item=express
(17:08:23) 判错理由：未找到有效的源文件。

(17:08:24) Person=吴泽威 Item=bag Test=1
(17:08:24) 判错理由：输出与答案不同。
(17:08:24) 详细信息：
发现不同：
****bag.out
...29
...
****bag.ans
...36
...
****

(17:08:24) Person=吴泽威 Item=bag Test=2
(17:08:24) 判错理由：输出与答案不同。
(17:08:24) 详细信息：
发现不同：
****bag.out
...833
...
****bag.ans
...348
...
****

(17:08:24) Person=吴泽威 Item=bag Test=3
(17:08:24) 判错理由：输出与答案不同。
(17:08:24) 详细信息：
发现不同：
****bag.out
...3
...
****bag.ans
...295
...
****

(17:08:24) Person=吴泽威 Item=bag Test=4
(17:08:24) 判错理由：输出与答案不同。
(17:08:24) 详细信息：
发现不同：
****bag.out
...993
...
****bag.ans
...772
...
****

(17:08:24) Person=吴泽威 Item=bag Test=5
(17:08:24) 判错理由：输出与答案不同。
(17:08:24) 详细信息：
发现不同：
****bag.out
...961
...
****bag.ans
...16
...
****

(17:08:24) Person=吴泽威 Item=bag Test=6
(17:08:24) 判错理由：输出与答案不同。
(17:08:24) 详细信息：
发现不同：
****bag.out
...698
...
****bag.ans
...781
...
****

(17:08:24) Person=吴泽威 Item=bag Test=7
(17:08:24) 判错理由：输出与答案不同。
(17:08:24) 详细信息：
发现不同：
****bag.out
...141
...
****bag.ans
...338
...
****

(17:08:24) Person=吴泽威 Item=bag Test=8
(17:08:24) 判错理由：输出与答案不同。
(17:08:24) 详细信息：
发现不同：
****bag.out
...527
...
****bag.ans
...920
...
****

(17:08:25) Person=吴泽威 Item=bag Test=9
(17:08:25) 判错理由：输出与答案不同。
(17:08:25) 详细信息：
发现不同：
****bag.out
...868
...
****bag.ans
...907
...
****

(17:08:25) Person=吴泽威 Item=bag Test=10
(17:08:25) 判错理由：输出与答案不同。
(17:08:25) 详细信息：
发现不同：
****bag.out
...253
...
****bag.ans
...595
...
****

(17:08:27) Person=吴泽威 Item=divide Test=10
(17:08:27) 判错理由：运行超时。
(17:08:27) 程序返回值：259
(17:08:27) 程序返回信息：
运行超时。


(17:08:30) Person=吴泽威 Item=express Test=1
(17:08:30) 判错理由：输出与答案不同。
(17:08:30) 详细信息：
发现不同：
****express.out
...-1
...
****express.ans
...9
...
****

(17:08:30) Person=吴泽威 Item=express Test=2
(17:08:30) 判错理由：输出与答案不同。
(17:08:30) 详细信息：
发现不同：
****express.out
...-1
-1
-1
-1
-1
-1
-1
-1...
****express.ans
...-1
6
5
10
-1
4
3
6
1
...
****

(17:08:30) Person=吴泽威 Item=express Test=3
(17:08:30) 判错理由：输出与答案不同。
(17:08:30) 详细信息：
发现不同：
****express.out
...-1
-1
-1
-1
-1
-1
-1
-1...
****express.ans
...6
7
12
16
4
7
16
5
6
...
****

(17:08:30) Person=吴泽威 Item=express Test=4
(17:08:30) 判错理由：输出与答案不同。
(17:08:30) 详细信息：
发现不同：
****express.out
...-1
-1
-1
-1
-1
-1
-1
-1...
****express.ans
...6
9
7
5
-1
4
9
7
-1
6...
****

(17:08:30) Person=吴泽威 Item=express Test=5
(17:08:30) 判错理由：输出与答案不同。
(17:08:30) 详细信息：
发现不同：
****express.out
...-1
-1
-1
0
-1
-1
-1
-1...
****express.ans
...9
6
6
0
12
11
10
10
9...
****

(17:08:30) Person=吴泽威 Item=express Test=6
(17:08:30) 判错理由：输出与答案不同。
(17:08:30) 详细信息：
发现不同：
****express.out
...-1
-1
-1
-1
-1
-1
-1
-1...
****express.ans
...9
11
6
28
8
12
7
7
4
...
****

(17:08:30) Person=吴泽威 Item=express Test=7
(17:08:30) 判错理由：输出与答案不同。
(17:08:30) 详细信息：
发现不同：
****express.out
...-1
-1
-1
-1
-1
-1
-1
-1...
****express.ans
...-1
-1
-1
8
8
-1
-1
-1
...
****

(17:08:31) Person=吴泽威 Item=express Test=8
(17:08:31) 判错理由：输出与答案不同。
(17:08:31) 详细信息：
发现不同：
****express.out
...-1
-1
-1
-1
-1
-1
-1
-1...
****express.ans
...8
-1
-1
-1
-1
11
-1
12...
****

(17:08:31) Person=吴泽威 Item=express Test=9
(17:08:31) 判错理由：输出与答案不同。
(17:08:31) 详细信息：
发现不同：
****express.out
...-1
-1
-1
-1
-1
-1
-1
-1...
****express.ans
...6
13
7
2
13
6
10
12
7...
****

(17:08:31) Person=吴泽威 Item=express Test=10
(17:08:31) 判错理由：输出与答案不同。
(17:08:31) 详细信息：
发现不同：
****express.out
...-1
-1
-1
-1
-1
-1
-1
-1...
****express.ans
...12
6
7
12
8
-1
-1
-1
9...
****

(17:08:31) Person=周立南 Item=bag Test=1
(17:08:31) 判错理由：输出与答案不同。
(17:08:31) 详细信息：
发现不同：
****bag.out
...46
...
****bag.ans
...36
...
****

(17:08:32) Person=周立南 Item=bag Test=2
(17:08:32) 判错理由：输出与答案不同。
(17:08:32) 详细信息：
发现不同：
****bag.out
...827
...
****bag.ans
...348
...
****

(17:08:32) Person=周立南 Item=bag Test=3
(17:08:32) 判错理由：输出与答案不同。
(17:08:32) 详细信息：
发现不同：
****bag.out
...247
...
****bag.ans
...295
...
****

(17:08:32) Person=周立南 Item=bag Test=4
(17:08:32) 判错理由：输出与答案不同。
(17:08:32) 详细信息：
发现不同：
****bag.out
...-771
...
****bag.ans
...772
...
****

(17:08:32) Person=周立南 Item=bag Test=5
(17:08:32) 判错理由：Runtime-Error.
(17:08:32) 程序返回值：216
(17:08:32) 程序返回信息：


(17:08:32) Person=周立南 Item=bag Test=6
(17:08:32) 判错理由：Runtime-Error.
(17:08:32) 程序返回值：216
(17:08:32) 程序返回信息：


(17:08:32) Person=周立南 Item=bag Test=7
(17:08:32) 判错理由：Runtime-Error.
(17:08:32) 程序返回值：216
(17:08:32) 程序返回信息：


(17:08:32) Person=周立南 Item=bag Test=8
(17:08:32) 判错理由：Runtime-Error.
(17:08:32) 程序返回值：216
(17:08:32) 程序返回信息：


(17:08:32) Person=周立南 Item=bag Test=9
(17:08:32) 判错理由：Runtime-Error.
(17:08:32) 程序返回值：216
(17:08:32) 程序返回信息：


(17:08:32) Person=周立南 Item=bag Test=10
(17:08:32) 判错理由：Runtime-Error.
(17:08:32) 程序返回值：216
(17:08:32) 程序返回信息：


(17:08:33) Person=周立南 Item=divide Test=4
(17:08:33) 判错理由：输出与答案不同。
(17:08:33) 详细信息：
发现不同：
****divide.out
...3339
...
****divide.ans
...3197
...
****

(17:08:33) Person=周立南 Item=divide Test=7
(17:08:33) 判错理由：输出与答案不同。
(17:08:33) 详细信息：
发现不同：
****divide.out
...36853217
...
****divide.ans
...35445334
...
****

(17:08:33) Person=周立南 Item=divide Test=8
(17:08:33) 判错理由：输出与答案不同。
(17:08:33) 详细信息：
发现不同：
****divide.out
...2815828
...
****divide.ans
...2297771
...
****

(17:08:33) Person=周立南 Item=divide Test=9
(17:08:33) 判错理由：输出与答案不同。
(17:08:33) 详细信息：
发现不同：
****divide.out
...6983287
...
****divide.ans
...6162571
...
****

(17:08:33) Person=周立南 Item=divide Test=10
(17:08:33) 判错理由：输出与答案不同。
(17:08:33) 详细信息：
发现不同：
****divide.out
...978102879
...
****divide.ans
...876021335
...
****

(17:08:39) Person=周立南 Item=engzam Test=9
(17:08:39) 判错理由：运行超时。
(17:08:39) 程序返回值：259
(17:08:39) 程序返回信息：
运行超时。


(17:08:42) Person=周立南 Item=engzam Test=10
(17:08:42) 判错理由：运行超时。
(17:08:42) 程序返回值：259
(17:08:42) 程序返回信息：
运行超时。


(17:08:42) Person=周立南 Item=express Test=1
(17:08:42) 判错理由：Runtime-Error.
(17:08:42) 程序返回值：202
(17:08:42) 程序返回信息：


(17:08:42) Person=周立南 Item=express Test=2
(17:08:42) 判错理由：Runtime-Error.
(17:08:42) 程序返回值：202
(17:08:42) 程序返回信息：


(17:08:42) Person=周立南 Item=express Test=3
(17:08:42) 判错理由：Runtime-Error.
(17:08:42) 程序返回值：202
(17:08:42) 程序返回信息：


(17:08:42) Person=周立南 Item=express Test=4
(17:08:42) 判错理由：Runtime-Error.
(17:08:42) 程序返回值：202
(17:08:42) 程序返回信息：


(17:08:43) Person=周立南 Item=express Test=5
(17:08:43) 判错理由：Runtime-Error.
(17:08:43) 程序返回值：202
(17:08:43) 程序返回信息：


(17:08:43) Person=周立南 Item=express Test=6
(17:08:43) 判错理由：Runtime-Error.
(17:08:43) 程序返回值：202
(17:08:43) 程序返回信息：


(17:08:43) Person=周立南 Item=express Test=7
(17:08:43) 判错理由：Runtime-Error.
(17:08:43) 程序返回值：202
(17:08:43) 程序返回信息：


(17:08:43) Person=周立南 Item=express Test=8
(17:08:43) 判错理由：Runtime-Error.
(17:08:43) 程序返回值：202
(17:08:43) 程序返回信息：


(17:08:43) Person=周立南 Item=express Test=9
(17:08:43) 判错理由：Runtime-Error.
(17:08:43) 程序返回值：202
(17:08:43) 程序返回信息：


(17:08:43) Person=周立南 Item=express Test=10
(17:08:43) 判错理由：Runtime-Error.
(17:08:43) 程序返回值：202
(17:08:43) 程序返回信息：


(17:08:46) Person=夷安 Item=divide Test=10
(17:08:46) 判错理由：运行超时。
(17:08:46) 程序返回值：259
(17:08:46) 程序返回信息：
运行超时。


(17:08:47) Person=夷安 Item=engzam Test=1
(17:08:47) 判错理由：输出与答案不同。
(17:08:47) 详细信息：
发现不同：
****engzam.out
...1
0
0
0
0
0
0
0
0
...
****engzam.ans
...2
0
1
0
0
0
0
0
4
...
****

(17:08:47) Person=夷安 Item=engzam Test=2
(17:08:47) 判错理由：输出与答案不同。
(17:08:47) 详细信息：
发现不同：
****engzam.out
...0
11
8
5
0
0
4
...
****engzam.ans
...25
18
30
17
6
4
9
...
****

(17:08:47) Person=夷安 Item=engzam Test=3
(17:08:47) 判错理由：输出与答案不同。
(17:08:47) 详细信息：
发现不同：
****engzam.out
...0
2
0
0
0
11
0
0
0
...
****engzam.ans
...18
16
35
43
23
22
53
38...
****

(17:08:47) Person=夷安 Item=engzam Test=4
(17:08:47) 判错理由：输出与答案不同。
(17:08:47) 详细信息：
发现不同：
****engzam.out
...0
0
0
16
0
0
0
0
0
0...
****engzam.ans
...7
50
10
32
12
4
0
1
1...
****

(17:08:47) Person=夷安 Item=engzam Test=5
(17:08:47) 判错理由：输出与答案不同。
(17:08:47) 详细信息：
发现不同：
****engzam.out
...0
1
6
0
2
0
0
0
0
0
...
****engzam.ans
...112
26
7
1
3
2
0
0
0
...
****

(17:08:47) Person=夷安 Item=engzam Test=6
(17:08:47) 判错理由：输出与答案不同。
(17:08:47) 详细信息：
发现不同：
****engzam.out
...0
13
0
0
0
0
0
1
0
0...
****engzam.ans
...363
136
30
1
0
0
6
1
0...
****

(17:08:47) Person=夷安 Item=engzam Test=7
(17:08:47) 判错理由：输出与答案不同。
(17:08:47) 详细信息：
发现不同：
****engzam.out
...0
0
0
3
0
0
0
2
0
0
...
****engzam.ans
...513
35
23
9
0
0
1
3
1...
****

(17:08:47) Person=夷安 Item=engzam Test=8
(17:08:47) 判错理由：输出与答案不同。
(17:08:47) 详细信息：
发现不同：
****engzam.out
...0
0
0
0
0
0
0
0
0
0
...
****engzam.ans
...74
34
25
6
0
0
0
0
2
...
****

(17:08:47) Person=夷安 Item=engzam Test=9
(17:08:47) 判错理由：Runtime-Error.
(17:08:47) 程序返回值：216
(17:08:47) 程序返回信息：


(17:08:48) Person=夷安 Item=engzam Test=10
(17:08:48) 判错理由：Runtime-Error.
(17:08:48) 程序返回值：216
(17:08:48) 程序返回信息：


(17:08:48) Person=夷安 Item=express
(17:08:48) 判错理由：未找到有效的源文件。

(17:08:48) Person=已整理 Item=bag
(17:08:48) 判错理由：未找到有效的源文件。

(17:08:48) Person=已整理 Item=divide
(17:08:48) 判错理由：未找到有效的源文件。

(17:08:48) Person=已整理 Item=engzam
(17:08:48) 判错理由：未找到有效的源文件。

(17:08:48) Person=已整理 Item=express
(17:08:48) 判错理由：未找到有效的源文件。

(17:08:48) Person=张吉鸿 Item=bag
(17:08:48) 判错理由：未找到有效的源文件。

(17:08:49) Person=张吉鸿 Item=engzam Test=1
(17:08:49) 判错理由：输出与答案不同。
(17:08:49) 详细信息：
发现不同：
****engzam.out
...2
1
6
0
4
2
1
0
4
...
****engzam.ans
...2
0
1
0
0
0
0
0
4
...
****

(17:08:49) Person=张吉鸿 Item=engzam Test=2
(17:08:49) 判错理由：输出与答案不同。
(17:08:49) 详细信息：
发现不同：
****engzam.out
...43
63
53
28
9
6
14
...
****engzam.ans
...25
18
30
17
6
4
9
...
****

(17:08:49) Person=张吉鸿 Item=engzam Test=3
(17:08:49) 判错理由：输出与答案不同。
(17:08:49) 详细信息：
发现不同：
****engzam.out
...295
157
77
96
55
40
106...
****engzam.ans
...18
16
35
43
23
22
53
38...
****

(17:08:49) Person=张吉鸿 Item=engzam Test=4
(17:08:49) 判错理由：输出与答案不同。
(17:08:49) 详细信息：
发现不同：
****engzam.out
...10
222
80
422
284
171
74...
****engzam.ans
...7
50
10
32
12
4
0
1
1...
****

(17:08:49) Person=张吉鸿 Item=engzam Test=5
(17:08:49) 判错理由：输出与答案不同。
(17:08:49) 详细信息：
发现不同：
****engzam.out
...139
146
216
138
235
102
...
****engzam.ans
...112
26
7
1
3
2
0
0
0
...
****

(17:08:50) Person=张吉鸿 Item=engzam Test=6
(17:08:50) 判错理由：输出与答案不同。
(17:08:50) 详细信息：
发现不同：
****engzam.out
...492
714
623
108
151
25
2...
****engzam.ans
...363
136
30
1
0
0
6
1
0...
****

(17:08:50) Person=张吉鸿 Item=engzam Test=7
(17:08:50) 判错理由：输出与答案不同。
(17:08:50) 详细信息：
发现不同：
****engzam.out
...679
180
627
981
12
775
1...
****engzam.ans
...513
35
23
9
0
0
1
3
1...
****

(17:08:50) Person=张吉鸿 Item=engzam Test=8
(17:08:50) 判错理由：输出与答案不同。
(17:08:50) 详细信息：
发现不同：
****engzam.out
...105
195
412
614
77
73
10...
****engzam.ans
...74
34
25
6
0
0
0
0
2
...
****

(17:08:50) Person=张吉鸿 Item=engzam Test=9
(17:08:50) 判错理由：输出与答案不同。
(17:08:50) 详细信息：
发现不同：
****engzam.out
...3340
545
3446
3732
125
0...
****engzam.ans
...3003
42
26
4
0
0
0
0
2...
****

(17:08:51) Person=张吉鸿 Item=engzam Test=10
(17:08:51) 判错理由：输出与答案不同。
(17:08:51) 详细信息：
发现不同：
****engzam.out
...1821
1832
1247
1741
0
0
...
****engzam.ans
...1742
76
0
0
0
0
0
0
0...
****

(17:08:51) Person=张吉鸿 Item=express
(17:08:51) 判错理由：未找到有效的源文件。

(17:08:51) Person=张昊 Item=bag Test=1
(17:08:51) 判错理由：输出与答案不同。
(17:08:51) 详细信息：
发现不同：
****bag.out
...40
...
****bag.ans
...36
...
****

(17:08:52) Person=张昊 Item=bag Test=2
(17:08:52) 判错理由：输出与答案不同。
(17:08:52) 详细信息：
发现不同：
****bag.out
...630
...
****bag.ans
...348
...
****

(17:08:52) Person=张昊 Item=bag Test=3
(17:08:52) 判错理由：输出与答案不同。
(17:08:52) 详细信息：
发现不同：
****bag.out
...111
...
****bag.ans
...295
...
****

(17:08:52) Person=张昊 Item=bag Test=4
(17:08:52) 判错理由：输出与答案不同。
(17:08:52) 详细信息：
发现不同：
****bag.out
...362
...
****bag.ans
...772
...
****

(17:08:52) Person=张昊 Item=bag Test=5
(17:08:52) 判错理由：输出与答案不同。
(17:08:52) 详细信息：
发现不同：
****bag.out
...423
...
****bag.ans
...16
...
****

(17:08:52) Person=张昊 Item=bag Test=6
(17:08:52) 判错理由：输出与答案不同。
(17:08:52) 详细信息：
发现不同：
****bag.out
...89
...
****bag.ans
...781
...
****

(17:08:52) Person=张昊 Item=bag Test=7
(17:08:52) 判错理由：输出与答案不同。
(17:08:52) 详细信息：
发现不同：
****bag.out
...342
...
****bag.ans
...338
...
****

(17:08:53) Person=张昊 Item=bag Test=8
(17:08:53) 判错理由：运行超时。
(17:08:53) 程序返回值：259
(17:08:53) 程序返回信息：
运行超时。


(17:08:54) Person=张昊 Item=bag Test=9
(17:08:54) 判错理由：运行超时。
(17:08:54) 程序返回值：259
(17:08:54) 程序返回信息：
运行超时。


(17:08:55) Person=张昊 Item=bag Test=10
(17:08:55) 判错理由：运行超时。
(17:08:55) 程序返回值：259
(17:08:55) 程序返回信息：
运行超时。


(17:08:56) Person=张昊 Item=divide Test=4
(17:08:56) 判错理由：输出与答案不同。
(17:08:56) 详细信息：
发现不同：
****divide.out
...2645
...
****divide.ans
...3197
...
****

(17:08:56) Person=张昊 Item=divide Test=5
(17:08:56) 判错理由：输出与答案不同。
(17:08:56) 详细信息：
发现不同：
****divide.out
...12000
...
****divide.ans
...125900
...
****

(17:08:56) Person=张昊 Item=divide Test=6
(17:08:56) 判错理由：输出与答案不同。
(17:08:56) 详细信息：
发现不同：
****divide.out
...100
...
****divide.ans
...97298596
...
****

(17:08:57) Person=张昊 Item=divide Test=7
(17:08:57) 判错理由：输出与答案不同。
(17:08:57) 详细信息：
发现不同：
****divide.out
...19726251
...
****divide.ans
...35445334
...
****

(17:08:57) Person=张昊 Item=divide Test=8
(17:08:57) 判错理由：输出与答案不同。
(17:08:57) 详细信息：
发现不同：
****divide.out
...1771131
...
****divide.ans
...2297771
...
****

(17:08:57) Person=张昊 Item=divide Test=9
(17:08:57) 判错理由：输出与答案不同。
(17:08:57) 详细信息：
发现不同：
****divide.out
...4522467
...
****divide.ans
...6162571
...
****

(17:08:57) Person=张昊 Item=divide Test=10
(17:08:57) 判错理由：输出与答案不同。
(17:08:57) 详细信息：
发现不同：
****divide.out
...-277225272771
...
****divide.ans
...876021335
...
****

(17:08:57) Person=张昊 Item=engzam
(17:08:57) 判错理由：未找到有效的源文件。

(17:08:59) Person=张昊 Item=express Test=5
(17:08:59) 判错理由：输出与答案不同。
(17:08:59) 详细信息：
发现不同：
****express.out
...9
6
6
-1
12
11
10
10
9...
****express.ans
...9
6
6
0
12
11
10
10
9...
****

(17:08:59) Person=张昊 Item=express Test=6
(17:08:59) 判错理由：输出与答案不同。
(17:08:59) 详细信息：
发现不同：
****express.out
...
8
6
6
8
8
7
7
...
****express.ans
...
8
6
6
8
8
0
7
...
****

(17:08:59) Person=张昊 Item=express Test=7
(17:08:59) 判错理由：Runtime-Error.
(17:08:59) 程序返回值：-1073741819
(17:08:59) 程序返回信息：


(17:08:59) Person=张昊 Item=express Test=8
(17:08:59) 判错理由：Runtime-Error.
(17:08:59) 程序返回值：-1073741819
(17:08:59) 程序返回信息：


(17:08:59) Person=张昊 Item=express Test=9
(17:08:59) 判错理由：Runtime-Error.
(17:08:59) 程序返回值：-1073741819
(17:08:59) 程序返回信息：


(17:08:59) Person=张昊 Item=express Test=10
(17:08:59) 判错理由：Runtime-Error.
(17:08:59) 程序返回值：-1073741819
(17:08:59) 程序返回信息：


(17:09:00) Person=彭雪莹 Item=bag Test=2
(17:09:00) 判错理由：运行超时。
(17:09:00) 程序返回值：259
(17:09:00) 程序返回信息：
运行超时。


(17:09:01) Person=彭雪莹 Item=bag Test=3
(17:09:01) 判错理由：运行超时。
(17:09:01) 程序返回值：259
(17:09:01) 程序返回信息：
运行超时。


(17:09:02) Person=彭雪莹 Item=bag Test=4
(17:09:02) 判错理由：运行超时。
(17:09:02) 程序返回值：259
(17:09:02) 程序返回信息：
运行超时。


(17:09:02) Person=彭雪莹 Item=bag Test=5
(17:09:02) 判错理由：Runtime-Error.
(17:09:02) 程序返回值：-1073741571
(17:09:02) 程序返回信息：


(17:09:02) Person=彭雪莹 Item=bag Test=6
(17:09:02) 判错理由：Runtime-Error.
(17:09:02) 程序返回值：-1073741819
(17:09:02) 程序返回信息：


(17:09:03) Person=彭雪莹 Item=bag Test=7
(17:09:03) 判错理由：Runtime-Error.
(17:09:03) 程序返回值：-1073741819
(17:09:03) 程序返回信息：


(17:09:03) Person=彭雪莹 Item=bag Test=8
(17:09:03) 判错理由：Runtime-Error.
(17:09:03) 程序返回值：-1073741819
(17:09:03) 程序返回信息：


(17:09:03) Person=彭雪莹 Item=bag Test=9
(17:09:03) 判错理由：Runtime-Error.
(17:09:03) 程序返回值：-1073741819
(17:09:03) 程序返回信息：


(17:09:03) Person=彭雪莹 Item=bag Test=10
(17:09:03) 判错理由：Runtime-Error.
(17:09:03) 程序返回值：-1073741819
(17:09:03) 程序返回信息：


(17:09:05) Person=彭雪莹 Item=divide Test=10
(17:09:05) 判错理由：运行超时。
(17:09:05) 程序返回值：259
(17:09:05) 程序返回信息：
运行超时。


(17:09:05) Person=彭雪莹 Item=engzam Test=1
(17:09:05) 判错理由：输出与答案不同。
(17:09:05) 详细信息：
发现不同：
****engzam.out
...2
0
1
0
0
0
0
1
4
...
****engzam.ans
...2
0
1
0
0
0
0
0
4
...
****

(17:09:05) Person=彭雪莹 Item=engzam Test=2
(17:09:05) 判错理由：Runtime-Error.
(17:09:05) 程序返回值：216
(17:09:05) 程序返回信息：


(17:09:05) Person=彭雪莹 Item=engzam Test=3
(17:09:05) 判错理由：Runtime-Error.
(17:09:05) 程序返回值：216
(17:09:05) 程序返回信息：


(17:09:05) Person=彭雪莹 Item=engzam Test=4
(17:09:05) 判错理由：Runtime-Error.
(17:09:05) 程序返回值：216
(17:09:05) 程序返回信息：


(17:09:05) Person=彭雪莹 Item=engzam Test=5
(17:09:05) 判错理由：Runtime-Error.
(17:09:05) 程序返回值：216
(17:09:05) 程序返回信息：


(17:09:05) Person=彭雪莹 Item=engzam Test=6
(17:09:05) 判错理由：Runtime-Error.
(17:09:05) 程序返回值：216
(17:09:05) 程序返回信息：


(17:09:06) Person=彭雪莹 Item=engzam Test=7
(17:09:06) 判错理由：Runtime-Error.
(17:09:06) 程序返回值：216
(17:09:06) 程序返回信息：


(17:09:06) Person=彭雪莹 Item=engzam Test=8
(17:09:06) 判错理由：Runtime-Error.
(17:09:06) 程序返回值：216
(17:09:06) 程序返回信息：


(17:09:06) Person=彭雪莹 Item=engzam Test=9
(17:09:06) 判错理由：Runtime-Error.
(17:09:06) 程序返回值：216
(17:09:06) 程序返回信息：


(17:09:06) Person=彭雪莹 Item=engzam Test=10
(17:09:06) 判错理由：Runtime-Error.
(17:09:06) 程序返回值：216
(17:09:06) 程序返回信息：


(17:09:06) Person=彭雪莹 Item=express
(17:09:06) 判错理由：未找到有效的源文件。

(17:09:06) Person=施通 Item=bag Test=1
(17:09:06) 判错理由：输出与答案不同。
(17:09:06) 详细信息：
发现不同：
****bag.out
...29
...
****bag.ans
...36
...
****

(17:09:06) Person=施通 Item=bag Test=2
(17:09:06) 判错理由：输出与答案不同。
(17:09:06) 详细信息：
发现不同：
****bag.out
...833
...
****bag.ans
...348
...
****

(17:09:06) Person=施通 Item=bag Test=3
(17:09:06) 判错理由：输出与答案不同。
(17:09:06) 详细信息：
发现不同：
****bag.out
...3
...
****bag.ans
...295
...
****

(17:09:06) Person=施通 Item=bag Test=4
(17:09:06) 判错理由：输出与答案不同。
(17:09:06) 详细信息：
发现不同：
****bag.out
...993
...
****bag.ans
...772
...
****

(17:09:06) Person=施通 Item=bag Test=5
(17:09:06) 判错理由：输出与答案不同。
(17:09:06) 详细信息：
发现不同：
****bag.out
...961
...
****bag.ans
...16
...
****

(17:09:06) Person=施通 Item=bag Test=6
(17:09:06) 判错理由：输出与答案不同。
(17:09:06) 详细信息：
发现不同：
****bag.out
...698
...
****bag.ans
...781
...
****

(17:09:07) Person=施通 Item=bag Test=7
(17:09:07) 判错理由：输出与答案不同。
(17:09:07) 详细信息：
发现不同：
****bag.out
...141
...
****bag.ans
...338
...
****

(17:09:07) Person=施通 Item=bag Test=8
(17:09:07) 判错理由：输出与答案不同。
(17:09:07) 详细信息：
发现不同：
****bag.out
...527
...
****bag.ans
...920
...
****

(17:09:07) Person=施通 Item=bag Test=9
(17:09:07) 判错理由：输出与答案不同。
(17:09:07) 详细信息：
发现不同：
****bag.out
...868
...
****bag.ans
...907
...
****

(17:09:07) Person=施通 Item=bag Test=10
(17:09:07) 判错理由：输出与答案不同。
(17:09:07) 详细信息：
发现不同：
****bag.out
...253
...
****bag.ans
...595
...
****

(17:09:07) Person=施通 Item=divide Test=1
(17:09:07) 判错理由：输出与答案不同。
(17:09:07) 详细信息：
发现不同：
****divide.out
...100004
...
****divide.ans
...100049
...
****

(17:09:07) Person=施通 Item=divide Test=2
(17:09:07) 判错理由：输出与答案不同。
(17:09:07) 详细信息：
发现不同：
****divide.out
...10
...
****divide.ans
...50
...
****

(17:09:07) Person=施通 Item=divide Test=3
(17:09:07) 判错理由：输出与答案不同。
(17:09:07) 详细信息：
发现不同：
****divide.out
...15
...
****divide.ans
...13
...
****

(17:09:07) Person=施通 Item=divide Test=4
(17:09:07) 判错理由：输出与答案不同。
(17:09:07) 详细信息：
发现不同：
****divide.out
...1400
...
****divide.ans
...3197
...
****

(17:09:08) Person=施通 Item=divide Test=5
(17:09:08) 判错理由：输出与答案不同。
(17:09:08) 详细信息：
发现不同：
****divide.out
...91780
...
****divide.ans
...125900
...
****

(17:09:08) Person=施通 Item=divide Test=6
(17:09:08) 判错理由：输出与答案不同。
(17:09:08) 详细信息：
发现不同：
****divide.out
...45279541
...
****divide.ans
...97298596
...
****

(17:09:08) Person=施通 Item=divide Test=7
(17:09:08) 判错理由：输出与答案不同。
(17:09:08) 详细信息：
发现不同：
****divide.out
...22893492
...
****divide.ans
...35445334
...
****

(17:09:08) Person=施通 Item=divide Test=8
(17:09:08) 判错理由：输出与答案不同。
(17:09:08) 详细信息：
发现不同：
****divide.out
...90769
...
****divide.ans
...2297771
...
****

(17:09:08) Person=施通 Item=divide Test=9
(17:09:08) 判错理由：输出与答案不同。
(17:09:08) 详细信息：
发现不同：
****divide.out
...848749
...
****divide.ans
...6162571
...
****

(17:09:09) Person=施通 Item=divide Test=10
(17:09:09) 判错理由：运行超时。
(17:09:09) 程序返回值：259
(17:09:09) 程序返回信息：
运行超时。


(17:09:12) Person=施通 Item=engzam Test=1
(17:09:12) 判错理由：运行超时。
(17:09:12) 程序返回值：259
(17:09:12) 程序返回信息：
运行超时。


(17:09:12) Person=施通 Item=engzam Test=2
(17:09:12) 判错理由：Runtime-Error.
(17:09:12) 程序返回值：-1073741571
(17:09:12) 程序返回信息：


(17:09:12) Person=施通 Item=engzam Test=3
(17:09:12) 判错理由：Runtime-Error.
(17:09:12) 程序返回值：-1073741571
(17:09:12) 程序返回信息：


(17:09:12) Person=施通 Item=engzam Test=4
(17:09:12) 判错理由：Runtime-Error.
(17:09:12) 程序返回值：-1073741571
(17:09:12) 程序返回信息：


(17:09:13) Person=施通 Item=engzam Test=5
(17:09:13) 判错理由：Runtime-Error.
(17:09:13) 程序返回值：-1073741571
(17:09:13) 程序返回信息：


(17:09:13) Person=施通 Item=engzam Test=6
(17:09:13) 判错理由：Runtime-Error.
(17:09:13) 程序返回值：-1073741571
(17:09:13) 程序返回信息：


(17:09:13) Person=施通 Item=engzam Test=7
(17:09:13) 判错理由：Runtime-Error.
(17:09:13) 程序返回值：-1073741571
(17:09:13) 程序返回信息：


(17:09:13) Person=施通 Item=engzam Test=8
(17:09:13) 判错理由：Runtime-Error.
(17:09:13) 程序返回值：-1073741571
(17:09:13) 程序返回信息：


(17:09:13) Person=施通 Item=engzam Test=9
(17:09:13) 判错理由：Runtime-Error.
(17:09:13) 程序返回值：-1073741571
(17:09:13) 程序返回信息：


(17:09:13) Person=施通 Item=engzam Test=10
(17:09:13) 判错理由：Runtime-Error.
(17:09:13) 程序返回值：-1073741571
(17:09:13) 程序返回信息：


(17:09:13) Person=施通 Item=express
(17:09:13) 判错理由：未找到有效的源文件。

(17:09:13) Person=李晓承 Item=bag Test=1
(17:09:13) 判错理由：输出与答案不同。
(17:09:13) 详细信息：
发现不同：
****bag.out
...29
...
****bag.ans
...36
...
****

(17:09:13) Person=李晓承 Item=bag Test=2
(17:09:13) 判错理由：输出与答案不同。
(17:09:13) 详细信息：
发现不同：
****bag.out
...833
...
****bag.ans
...348
...
****

(17:09:14) Person=李晓承 Item=bag Test=3
(17:09:14) 判错理由：输出与答案不同。
(17:09:14) 详细信息：
发现不同：
****bag.out
...3
...
****bag.ans
...295
...
****

(17:09:14) Person=李晓承 Item=bag Test=4
(17:09:14) 判错理由：输出与答案不同。
(17:09:14) 详细信息：
发现不同：
****bag.out
...993
...
****bag.ans
...772
...
****

(17:09:14) Person=李晓承 Item=bag Test=5
(17:09:14) 判错理由：输出与答案不同。
(17:09:14) 详细信息：
发现不同：
****bag.out
...961
...
****bag.ans
...16
...
****

(17:09:14) Person=李晓承 Item=bag Test=6
(17:09:14) 判错理由：输出与答案不同。
(17:09:14) 详细信息：
发现不同：
****bag.out
...698
...
****bag.ans
...781
...
****

(17:09:14) Person=李晓承 Item=bag Test=7
(17:09:14) 判错理由：输出与答案不同。
(17:09:14) 详细信息：
发现不同：
****bag.out
...141
...
****bag.ans
...338
...
****

(17:09:15) Person=李晓承 Item=bag Test=8
(17:09:15) 判错理由：输出与答案不同。
(17:09:15) 详细信息：
发现不同：
****bag.out
...527
...
****bag.ans
...920
...
****

(17:09:16) Person=李晓承 Item=bag Test=9
(17:09:16) 判错理由：运行超时。
(17:09:16) 程序返回值：259
(17:09:16) 程序返回信息：
运行超时。


(17:09:17) Person=李晓承 Item=bag Test=10
(17:09:17) 判错理由：运行超时。
(17:09:17) 程序返回值：259
(17:09:17) 程序返回信息：
运行超时。


(17:09:19) Person=李晓承 Item=divide Test=10
(17:09:19) 判错理由：运行超时。
(17:09:19) 程序返回值：259
(17:09:19) 程序返回信息：
运行超时。


(17:09:19) Person=李晓承 Item=engzam Test=1
(17:09:19) 判错理由：输出与答案不同。
(17:09:19) 详细信息：
发现不同：
****engzam.out
...0
0
0
0
0
0
0
0
0
...
****engzam.ans
...2
0
1
0
0
0
0
0
4
...
****

(17:09:20) Person=李晓承 Item=engzam Test=2
(17:09:20) 判错理由：输出与答案不同。
(17:09:20) 详细信息：
发现不同：
****engzam.out
...0
0
0
0
0
0
0
...
****engzam.ans
...25
18
30
17
6
4
9
...
****

(17:09:20) Person=李晓承 Item=engzam Test=3
(17:09:20) 判错理由：输出与答案不同。
(17:09:20) 详细信息：
发现不同：
****engzam.out
...0
0
0
0
0
0
0
0
0
...
****engzam.ans
...18
16
35
43
23
22
53
38...
****

(17:09:20) Person=李晓承 Item=engzam Test=4
(17:09:20) 判错理由：输出与答案不同。
(17:09:20) 详细信息：
发现不同：
****engzam.out
...0
0
0
0
0
0
0
0
0
0
...
****engzam.ans
...7
50
10
32
12
4
0
1
1...
****

(17:09:20) Person=李晓承 Item=engzam Test=5
(17:09:20) 判错理由：输出与答案不同。
(17:09:20) 详细信息：
发现不同：
****engzam.out
...0
0
0
0
0
0
0
0
0
0
...
****engzam.ans
...112
26
7
1
3
2
0
0
0
...
****

(17:09:20) Person=李晓承 Item=engzam Test=6
(17:09:20) 判错理由：输出与答案不同。
(17:09:20) 详细信息：
发现不同：
****engzam.out
...0
0
0
0
0
0
0
0
0
0
...
****engzam.ans
...363
136
30
1
0
0
6
1
0...
****

(17:09:20) Person=李晓承 Item=engzam Test=7
(17:09:20) 判错理由：输出与答案不同。
(17:09:20) 详细信息：
发现不同：
****engzam.out
...0
0
0
0
0
0
0
0
0
0
...
****engzam.ans
...513
35
23
9
0
0
1
3
1...
****

(17:09:20) Person=李晓承 Item=engzam Test=8
(17:09:20) 判错理由：输出与答案不同。
(17:09:20) 详细信息：
发现不同：
****engzam.out
...0
0
0
0
0
0
0
0
0
0
...
****engzam.ans
...74
34
25
6
0
0
0
0
2
...
****

(17:09:22) Person=李晓承 Item=engzam Test=9
(17:09:22) 判错理由：输出与答案不同。
(17:09:22) 详细信息：
发现不同：
****engzam.out
...0
0
0
0
0
0
0
0
0
0
...
****engzam.ans
...3003
42
26
4
0
0
0
0
2...
****

(17:09:25) Person=李晓承 Item=engzam Test=10
(17:09:25) 判错理由：输出与答案不同。
(17:09:25) 详细信息：
发现不同：
****engzam.out
...0
0
0
0
0
0
0
0
0
0
...
****engzam.ans
...1742
76
0
0
0
0
0
0
0...
****

(17:09:25) Person=李晓承 Item=express
(17:09:25) 判错理由：未找到有效的源文件。

(17:09:28) Person=杨宽 Item=bag Test=8
(17:09:28) 判错理由：运行超时。
(17:09:28) 程序返回值：259
(17:09:28) 程序返回信息：
运行超时。


(17:09:29) Person=杨宽 Item=bag Test=9
(17:09:29) 判错理由：运行超时。
(17:09:29) 程序返回值：259
(17:09:29) 程序返回信息：
运行超时。


(17:09:30) Person=杨宽 Item=bag Test=10
(17:09:30) 判错理由：运行超时。
(17:09:30) 程序返回值：259
(17:09:30) 程序返回信息：
运行超时。


(17:09:31) Person=杨宽 Item=divide Test=1
(17:09:31) 判错理由：输出与答案不同。
(17:09:31) 详细信息：
发现不同：
****divide.out
...100016
...
****divide.ans
...100049
...
****

(17:09:31) Person=杨宽 Item=divide Test=4
(17:09:31) 判错理由：输出与答案不同。
(17:09:31) 详细信息：
发现不同：
****divide.out
...2500
...
****divide.ans
...3197
...
****

(17:09:31) Person=杨宽 Item=divide Test=5
(17:09:31) 判错理由：输出与答案不同。
(17:09:31) 详细信息：
发现不同：
****divide.out
...116715
...
****divide.ans
...125900
...
****

(17:09:31) Person=杨宽 Item=divide Test=7
(17:09:31) 判错理由：输出与答案不同。
(17:09:31) 详细信息：
发现不同：
****divide.out
...25588825
...
****divide.ans
...35445334
...
****

(17:09:31) Person=杨宽 Item=divide Test=8
(17:09:31) 判错理由：输出与答案不同。
(17:09:31) 详细信息：
发现不同：
****divide.out
...2287387
...
****divide.ans
...2297771
...
****

(17:09:32) Person=杨宽 Item=divide Test=9
(17:09:32) 判错理由：输出与答案不同。
(17:09:32) 详细信息：
发现不同：
****divide.out
...6034331
...
****divide.ans
...6162571
...
****

(17:09:32) Person=杨宽 Item=divide Test=10
(17:09:32) 判错理由：运行超时。
(17:09:32) 程序返回值：259
(17:09:32) 程序返回信息：
运行超时。


(17:09:36) Person=杨宽 Item=engzam Test=9
(17:09:36) 判错理由：Runtime-Error.
(17:09:36) 程序返回值：-1073741819
(17:09:36) 程序返回信息：


(17:09:36) Person=杨宽 Item=engzam Test=10
(17:09:36) 判错理由：Runtime-Error.
(17:09:36) 程序返回值：-1073741819
(17:09:36) 程序返回信息：


(17:09:39) Person=毛心F Item=bag Test=1
(17:09:39) 判错理由：输出与答案不同。
(17:09:39) 详细信息：
发现不同：
****bag.out
...5
...
****bag.ans
...36
...
****

(17:09:39) Person=毛心F Item=bag Test=2
(17:09:39) 判错理由：输出与答案不同。
(17:09:39) 详细信息：
发现不同：
****bag.out
...5
...
****bag.ans
...348
...
****

(17:09:39) Person=毛心F Item=bag Test=3
(17:09:39) 判错理由：输出与答案不同。
(17:09:39) 详细信息：
发现不同：
****bag.out
...5
...
****bag.ans
...295
...
****

(17:09:39) Person=毛心F Item=bag Test=4
(17:09:39) 判错理由：输出与答案不同。
(17:09:39) 详细信息：
发现不同：
****bag.out
...5
...
****bag.ans
...772
...
****

(17:09:39) Person=毛心F Item=bag Test=5
(17:09:39) 判错理由：输出与答案不同。
(17:09:39) 详细信息：
发现不同：
****bag.out
...5
...
****bag.ans
...16
...
****

(17:09:39) Person=毛心F Item=bag Test=6
(17:09:39) 判错理由：输出与答案不同。
(17:09:39) 详细信息：
发现不同：
****bag.out
...5
...
****bag.ans
...781
...
****

(17:09:40) Person=毛心F Item=bag Test=7
(17:09:40) 判错理由：输出与答案不同。
(17:09:40) 详细信息：
发现不同：
****bag.out
...5
...
****bag.ans
...338
...
****

(17:09:40) Person=毛心F Item=bag Test=8
(17:09:40) 判错理由：输出与答案不同。
(17:09:40) 详细信息：
发现不同：
****bag.out
...5
...
****bag.ans
...920
...
****

(17:09:40) Person=毛心F Item=bag Test=9
(17:09:40) 判错理由：输出与答案不同。
(17:09:40) 详细信息：
发现不同：
****bag.out
...5
...
****bag.ans
...907
...
****

(17:09:40) Person=毛心F Item=bag Test=10
(17:09:40) 判错理由：输出与答案不同。
(17:09:40) 详细信息：
发现不同：
****bag.out
...5
...
****bag.ans
...595
...
****

(17:09:40) Person=毛心F Item=divide Test=3
(17:09:40) 判错理由：输出与答案不同。
(17:09:40) 详细信息：
发现不同：
****divide.out
...15
...
****divide.ans
...13
...
****

(17:09:41) Person=毛心F Item=divide Test=4
(17:09:41) 判错理由：输出与答案不同。
(17:09:41) 详细信息：
发现不同：
****divide.out
...3267
...
****divide.ans
...3197
...
****

(17:09:41) Person=毛心F Item=divide Test=5
(17:09:41) 判错理由：输出与答案不同。
(17:09:41) 详细信息：
发现不同：
****divide.out
...56649
...
****divide.ans
...125900
...
****

(17:09:41) Person=毛心F Item=divide Test=7
(17:09:41) 判错理由：输出与答案不同。
(17:09:41) 详细信息：
发现不同：
****divide.out
...31415098
...
****divide.ans
...35445334
...
****

(17:09:41) Person=毛心F Item=divide Test=8
(17:09:41) 判错理由：输出与答案不同。
(17:09:41) 详细信息：
发现不同：
****divide.out
...2867834
...
****divide.ans
...2297771
...
****

(17:09:41) Person=毛心F Item=divide Test=9
(17:09:41) 判错理由：输出与答案不同。
(17:09:41) 详细信息：
发现不同：
****divide.out
...6983287
...
****divide.ans
...6162571
...
****

(17:09:41) Person=毛心F Item=divide Test=10
(17:09:41) 判错理由：输出与答案不同。
(17:09:41) 详细信息：
发现不同：
****divide.out
...853898353
...
****divide.ans
...876021335
...
****

(17:09:41) Person=毛心F Item=engzam Test=1
(17:09:41) 判错理由：找不到输出文件。
(17:09:41) 程序返回值：0
(17:09:41) 程序返回信息：


(17:09:41) Person=毛心F Item=engzam Test=2
(17:09:41) 判错理由：找不到输出文件。
(17:09:41) 程序返回值：0
(17:09:41) 程序返回信息：


(17:09:41) Person=毛心F Item=engzam Test=3
(17:09:41) 判错理由：找不到输出文件。
(17:09:41) 程序返回值：0
(17:09:41) 程序返回信息：


(17:09:42) Person=毛心F Item=engzam Test=4
(17:09:42) 判错理由：找不到输出文件。
(17:09:42) 程序返回值：0
(17:09:42) 程序返回信息：


(17:09:42) Person=毛心F Item=engzam Test=5
(17:09:42) 判错理由：找不到输出文件。
(17:09:42) 程序返回值：0
(17:09:42) 程序返回信息：


(17:09:42) Person=毛心F Item=engzam Test=6
(17:09:42) 判错理由：找不到输出文件。
(17:09:42) 程序返回值：0
(17:09:42) 程序返回信息：


(17:09:42) Person=毛心F Item=engzam Test=7
(17:09:42) 判错理由：找不到输出文件。
(17:09:42) 程序返回值：0
(17:09:42) 程序返回信息：


(17:09:42) Person=毛心F Item=engzam Test=8
(17:09:42) 判错理由：找不到输出文件。
(17:09:42) 程序返回值：0
(17:09:42) 程序返回信息：


(17:09:42) Person=毛心F Item=engzam Test=9
(17:09:42) 判错理由：找不到输出文件。
(17:09:42) 程序返回值：0
(17:09:42) 程序返回信息：


(17:09:42) Person=毛心F Item=engzam Test=10
(17:09:42) 判错理由：找不到输出文件。
(17:09:42) 程序返回值：0
(17:09:42) 程序返回信息：


(17:09:42) Person=毛心F Item=express
(17:09:42) 判错理由：未找到有效的源文件。

(17:09:46) Person=王凯南 Item=bag Test=8
(17:09:46) 判错理由：Runtime-Error.
(17:09:46) 程序返回值：-1073741819
(17:09:46) 程序返回信息：


(17:09:46) Person=王凯南 Item=bag Test=9
(17:09:46) 判错理由：Runtime-Error.
(17:09:46) 程序返回值：-1073741819
(17:09:46) 程序返回信息：


(17:09:47) Person=王凯南 Item=bag Test=10
(17:09:47) 判错理由：Runtime-Error.
(17:09:47) 程序返回值：-1073741819
(17:09:47) 程序返回信息：


(17:09:48) Person=王凯南 Item=divide Test=1
(17:09:48) 判错理由：输出与答案不同。
(17:09:48) 详细信息：
发现不同：
****divide.out
...100016
...
****divide.ans
...100049
...
****

(17:09:48) Person=王凯南 Item=divide Test=3
(17:09:48) 判错理由：输出与答案不同。
(17:09:48) 详细信息：
发现不同：
****divide.out
...6
...
****divide.ans
...13
...
****

(17:09:48) Person=王凯南 Item=divide Test=4
(17:09:48) 判错理由：输出与答案不同。
(17:09:48) 详细信息：
发现不同：
****divide.out
...2018
...
****divide.ans
...3197
...
****

(17:09:48) Person=王凯南 Item=divide Test=5
(17:09:48) 判错理由：输出与答案不同。
(17:09:48) 详细信息：
发现不同：
****divide.out
...3169
...
****divide.ans
...125900
...
****

(17:09:49) Person=王凯南 Item=divide Test=6
(17:09:49) 判错理由：输出与答案不同。
(17:09:49) 详细信息：
发现不同：
****divide.out
...74788004
...
****divide.ans
...97298596
...
****

(17:09:49) Person=王凯南 Item=divide Test=7
(17:09:49) 判错理由：输出与答案不同。
(17:09:49) 详细信息：
发现不同：
****divide.out
...16699362
...
****divide.ans
...35445334
...
****

(17:09:49) Person=王凯南 Item=divide Test=8
(17:09:49) 判错理由：输出与答案不同。
(17:09:49) 详细信息：
发现不同：
****divide.out
...104633
...
****divide.ans
...2297771
...
****

(17:09:49) Person=王凯南 Item=divide Test=9
(17:09:49) 判错理由：输出与答案不同。
(17:09:49) 详细信息：
发现不同：
****divide.out
...1175891
...
****divide.ans
...6162571
...
****

(17:09:50) Person=王凯南 Item=divide Test=10
(17:09:50) 判错理由：运行超时。
(17:09:50) 程序返回值：259
(17:09:50) 程序返回信息：
运行超时。


(17:09:55) Person=王凯南 Item=express Test=7
(17:09:55) 判错理由：Runtime-Error.
(17:09:55) 程序返回值：-1073741819
(17:09:55) 程序返回信息：


(17:09:55) Person=王凯南 Item=express Test=8
(17:09:55) 判错理由：Runtime-Error.
(17:09:55) 程序返回值：-1073741819
(17:09:55) 程序返回信息：


(17:09:55) Person=王凯南 Item=express Test=9
(17:09:55) 判错理由：Runtime-Error.
(17:09:55) 程序返回值：-1073741819
(17:09:55) 程序返回信息：


(17:09:55) Person=王凯南 Item=express Test=10
(17:09:55) 判错理由：Runtime-Error.
(17:09:55) 程序返回值：-1073741819
(17:09:55) 程序返回信息：


(17:09:55) Person=王潇 Item=bag Test=1
(17:09:55) 判错理由：输出与答案不同。
(17:09:55) 详细信息：
发现不同：
****bag.out
...5
...
****bag.ans
...36
...
****

(17:09:55) Person=王潇 Item=bag Test=2
(17:09:55) 判错理由：输出与答案不同。
(17:09:55) 详细信息：
发现不同：
****bag.out
...5
...
****bag.ans
...348
...
****

(17:09:56) Person=王潇 Item=bag Test=3
(17:09:56) 判错理由：输出与答案不同。
(17:09:56) 详细信息：
发现不同：
****bag.out
...5
...
****bag.ans
...295
...
****

(17:09:56) Person=王潇 Item=bag Test=4
(17:09:56) 判错理由：输出与答案不同。
(17:09:56) 详细信息：
发现不同：
****bag.out
...5
...
****bag.ans
...772
...
****

(17:09:56) Person=王潇 Item=bag Test=5
(17:09:56) 判错理由：输出与答案不同。
(17:09:56) 详细信息：
发现不同：
****bag.out
...5
...
****bag.ans
...16
...
****

(17:09:56) Person=王潇 Item=bag Test=6
(17:09:56) 判错理由：输出与答案不同。
(17:09:56) 详细信息：
发现不同：
****bag.out
...5
...
****bag.ans
...781
...
****

(17:09:56) Person=王潇 Item=bag Test=7
(17:09:56) 判错理由：输出与答案不同。
(17:09:56) 详细信息：
发现不同：
****bag.out
...5
...
****bag.ans
...338
...
****

(17:09:56) Person=王潇 Item=bag Test=8
(17:09:56) 判错理由：输出与答案不同。
(17:09:56) 详细信息：
发现不同：
****bag.out
...5
...
****bag.ans
...920
...
****

(17:09:56) Person=王潇 Item=bag Test=9
(17:09:56) 判错理由：输出与答案不同。
(17:09:56) 详细信息：
发现不同：
****bag.out
...5
...
****bag.ans
...907
...
****

(17:09:56) Person=王潇 Item=bag Test=10
(17:09:56) 判错理由：输出与答案不同。
(17:09:56) 详细信息：
发现不同：
****bag.out
...5
...
****bag.ans
...595
...
****

(17:09:57) Person=王潇 Item=divide Test=3
(17:09:57) 判错理由：输出与答案不同。
(17:09:57) 详细信息：
发现不同：
****divide.out
...84
...
****divide.ans
...13
...
****

(17:09:57) Person=王潇 Item=divide Test=4
(17:09:57) 判错理由：输出与答案不同。
(17:09:57) 详细信息：
发现不同：
****divide.out
...6684
...
****divide.ans
...3197
...
****

(17:09:57) Person=王潇 Item=divide Test=5
(17:09:57) 判错理由：输出与答案不同。
(17:09:57) 详细信息：
发现不同：
****divide.out
...635025
...
****divide.ans
...125900
...
****

(17:09:57) Person=王潇 Item=divide Test=7
(17:09:57) 判错理由：输出与答案不同。
(17:09:57) 详细信息：
发现不同：
****divide.out
...100420841
...
****divide.ans
...35445334
...
****

(17:09:57) Person=王潇 Item=divide Test=8
(17:09:57) 判错理由：输出与答案不同。
(17:09:57) 详细信息：
发现不同：
****divide.out
...-2128169531
...
****divide.ans
...2297771
...
****

(17:09:57) Person=王潇 Item=divide Test=9
(17:09:57) 判错理由：输出与答案不同。
(17:09:57) 详细信息：
发现不同：
****divide.out
...-2115804953
...
****divide.ans
...6162571
...
****

(17:09:57) Person=王潇 Item=divide Test=10
(17:09:57) 判错理由：输出与答案不同。
(17:09:57) 详细信息：
发现不同：
****divide.out
...-2147445950
...
****divide.ans
...876021335
...
****

(17:09:58) Person=王潇 Item=engzam Test=1
(17:09:58) 判错理由：输出与答案不同。
(17:09:58) 详细信息：
发现不同：
****engzam.out
...2
0
1
0
0
0
0
0
5
...
****engzam.ans
...2
0
1
0
0
0
0
0
4
...
****

(17:09:58) Person=王潇 Item=engzam Test=2
(17:09:58) 判错理由：输出与答案不同。
(17:09:58) 详细信息：
发现不同：
****engzam.out
...25
18
41
23
14
16
10
...
****engzam.ans
...25
18
30
17
6
4
9
...
****

(17:09:58) Person=王潇 Item=engzam Test=3
(17:09:58) 判错理由：输出与答案不同。
(17:09:58) 详细信息：
发现不同：
****engzam.out
...18
16
35
218
105
27
114...
****engzam.ans
...18
16
35
43
23
22
53
38...
****

(17:09:58) Person=王潇 Item=engzam Test=4
(17:09:58) 判错理由：输出与答案不同。
(17:09:58) 详细信息：
发现不同：
****engzam.out
...
8
4
2
0
0
1
0
1
17
8...
****engzam.ans
...
5
0
0
0
0
1
0
1
15
8...
****

(17:09:58) Person=王潇 Item=engzam Test=5
(17:09:58) 判错理由：输出与答案不同。
(17:09:58) 详细信息：
发现不同：
****engzam.out
...112
26
7
1
3
2
2
3
0
...
****engzam.ans
...112
26
7
1
3
2
0
0
0
...
****

(17:09:58) Person=王潇 Item=engzam Test=6
(17:09:58) 判错理由：输出与答案不同。
(17:09:58) 详细信息：
发现不同：
****engzam.out
...363
136
30
1
0
0
11
1
...
****engzam.ans
...363
136
30
1
0
0
6
1
0...
****

(17:09:59) Person=王潇 Item=engzam Test=7
(17:09:59) 判错理由：输出与答案不同。
(17:09:59) 详细信息：
发现不同：
****engzam.out
...513
35
23
9
0
0
2
3
1...
****engzam.ans
...513
35
23
9
0
0
1
3
1...
****

(17:10:00) Person=王潇 Item=engzam Test=8
(17:10:00) 判错理由：输出与答案不同。
(17:10:00) 详细信息：
发现不同：
****engzam.out
...0
17
1
0
0
0
4
0
0
1...
****engzam.ans
...0
2
1
0
0
0
3
0
0
1
...
****

(17:10:01) Person=王潇 Item=engzam Test=9
(17:10:01) 判错理由：Runtime-Error.
(17:10:01) 程序返回值：-1073741571
(17:10:01) 程序返回信息：


(17:10:01) Person=王潇 Item=engzam Test=10
(17:10:01) 判错理由：Runtime-Error.
(17:10:01) 程序返回值：-1073741571
(17:10:01) 程序返回信息：


(17:10:01) Person=王潇 Item=express
(17:10:01) 判错理由：未找到有效的源文件。

(17:10:03) Person=王轩 Item=bag Test=8
(17:10:03) 判错理由：运行超时。
(17:10:03) 程序返回值：259
(17:10:03) 程序返回信息：
运行超时。


(17:10:04) Person=王轩 Item=bag Test=9
(17:10:04) 判错理由：运行超时。
(17:10:04) 程序返回值：259
(17:10:04) 程序返回信息：
运行超时。


(17:10:05) Person=王轩 Item=bag Test=10
(17:10:05) 判错理由：运行超时。
(17:10:05) 程序返回值：259
(17:10:05) 程序返回信息：
运行超时。


(17:10:07) Person=王轩 Item=divide Test=10
(17:10:07) 判错理由：运行超时。
(17:10:07) 程序返回值：259
(17:10:07) 程序返回信息：
运行超时。


(17:10:11) Person=王轩 Item=express Test=4
(17:10:11) 判错理由：输出与答案不同。
(17:10:11) 详细信息：
发现不同：
****express.out
...
7
-1
10
6
8
7
4
6
10...
****express.ans
...
7
15
10
6
8
7
4
6
10...
****

(17:10:12) Person=王轩 Item=express Test=5
(17:10:12) 判错理由：输出与答案不同。
(17:10:12) 详细信息：
发现不同：
****express.out
...
4
12
12
9
6
12
12
-1
...
****express.ans
...
4
12
12
9
6
12
12
28
...
****

(17:10:13) Person=王轩 Item=express Test=6
(17:10:13) 判错理由：输出与答案不同。
(17:10:13) 详细信息：
发现不同：
****express.out
...9
11
6
-1
8
12
-1
7
4...
****express.ans
...9
11
6
28
8
12
7
7
4
...
****

(17:10:16) Person=王轩 Item=express Test=8
(17:10:16) 判错理由：输出与答案不同。
(17:10:16) 详细信息：
发现不同：
****express.out
...
-1
9
-1
26
9
-1
-1
-1...
****express.ans
...
-1
9
-1
26
9
15
-1
-1...
****

(17:10:20) Person=胡益滔 Item=bag Test=1
(17:10:20) 判错理由：输出与答案不同。
(17:10:20) 详细信息：
"D:\已整理\bag.out"的文件长度小于"D:\已整理\bag.ans"。

(17:10:20) Person=胡益滔 Item=bag Test=2
(17:10:20) 判错理由：输出与答案不同。
(17:10:20) 详细信息：
"D:\已整理\bag.out"的文件长度小于"D:\已整理\bag.ans"。

(17:10:20) Person=胡益滔 Item=bag Test=3
(17:10:20) 判错理由：输出与答案不同。
(17:10:20) 详细信息：
"D:\已整理\bag.out"的文件长度小于"D:\已整理\bag.ans"。

(17:10:20) Person=胡益滔 Item=bag Test=4
(17:10:20) 判错理由：输出与答案不同。
(17:10:20) 详细信息：
"D:\已整理\bag.out"的文件长度小于"D:\已整理\bag.ans"。

(17:10:21) Person=胡益滔 Item=bag Test=5
(17:10:21) 判错理由：输出与答案不同。
(17:10:21) 详细信息：
"D:\已整理\bag.out"的文件长度小于"D:\已整理\bag.ans"。

(17:10:21) Person=胡益滔 Item=bag Test=6
(17:10:21) 判错理由：输出与答案不同。
(17:10:21) 详细信息：
"D:\已整理\bag.out"的文件长度小于"D:\已整理\bag.ans"。

(17:10:21) Person=胡益滔 Item=bag Test=7
(17:10:21) 判错理由：输出与答案不同。
(17:10:21) 详细信息：
"D:\已整理\bag.out"的文件长度小于"D:\已整理\bag.ans"。

(17:10:21) Person=胡益滔 Item=bag Test=8
(17:10:21) 判错理由：输出与答案不同。
(17:10:21) 详细信息：
"D:\已整理\bag.out"的文件长度小于"D:\已整理\bag.ans"。

(17:10:21) Person=胡益滔 Item=bag Test=9
(17:10:21) 判错理由：输出与答案不同。
(17:10:21) 详细信息：
"D:\已整理\bag.out"的文件长度小于"D:\已整理\bag.ans"。

(17:10:21) Person=胡益滔 Item=bag Test=10
(17:10:21) 判错理由：输出与答案不同。
(17:10:21) 详细信息：
"D:\已整理\bag.out"的文件长度小于"D:\已整理\bag.ans"。

(17:10:23) Person=胡益滔 Item=divide Test=10
(17:10:23) 判错理由：运行超时。
(17:10:23) 程序返回值：259
(17:10:23) 程序返回信息：
运行超时。


(17:10:24) Person=胡益滔 Item=engzam Test=1
(17:10:24) 判错理由：输出与答案不同。
(17:10:24) 详细信息：
发现不同：
****engzam.out
...25
25
26
21
25
25
25
25...
****engzam.ans
...2
0
1
0
0
0
0
0
4
...
****

(17:10:24) Person=胡益滔 Item=engzam Test=2
(17:10:24) 判错理由：输出与答案不同。
(17:10:24) 详细信息：
发现不同：
****engzam.out
...423
438
428
427
401
385
...
****engzam.ans
...25
18
30
17
6
4
9
...
****

(17:10:24) Person=胡益滔 Item=engzam Test=3
(17:10:24) 判错理由：输出与答案不同。
(17:10:24) 详细信息：
发现不同：
****engzam.out
...3370
3398
3160
3180
3180
...
****engzam.ans
...18
16
35
43
23
22
53
38...
****

(17:10:24) Person=胡益滔 Item=engzam Test=4
(17:10:24) 判错理由：输出与答案不同。
(17:10:24) 详细信息：
发现不同：
****engzam.out
...2980
3159
3037
3385
3241
...
****engzam.ans
...7
50
10
32
12
4
0
1
1...
****

(17:10:24) Person=胡益滔 Item=engzam Test=5
(17:10:24) 判错理由：输出与答案不同。
(17:10:24) 详细信息：
发现不同：
****engzam.out
...4726
4747
4954
4741
4985
...
****engzam.ans
...112
26
7
1
3
2
0
0
0
...
****

(17:10:25) Person=胡益滔 Item=engzam Test=6
(17:10:25) 判错理由：输出与答案不同。
(17:10:25) 详细信息：
发现不同：
****engzam.out
...21496
22180
21869
20264
21...
****engzam.ans
...363
136
30
1
0
0
6
1
0...
****

(17:10:26) Person=胡益滔 Item=engzam Test=7
(17:10:26) 判错理由：输出与答案不同。
(17:10:26) 详细信息：
发现不同：
****engzam.out
...21982
20456
21821
22903
19...
****engzam.ans
...513
35
23
9
0
0
1
3
1...
****

(17:10:30) Person=胡益滔 Item=engzam Test=8
(17:10:30) 判错理由：运行超时。
(17:10:30) 程序返回值：259
(17:10:30) 程序返回信息：
运行超时。


(17:10:33) Person=胡益滔 Item=engzam Test=9
(17:10:33) 判错理由：运行超时。
(17:10:33) 程序返回值：259
(17:10:33) 程序返回信息：
运行超时。


(17:10:36) Person=胡益滔 Item=engzam Test=10
(17:10:36) 判错理由：运行超时。
(17:10:36) 程序返回值：259
(17:10:36) 程序返回信息：
运行超时。


(17:10:37) Person=胡益滔 Item=express Test=1
(17:10:37) 判错理由：输出与答案不同。
(17:10:37) 详细信息：
"D:\已整理\express.out"的文件长度小于"D:\已整理\express.ans"。

(17:10:37) Person=胡益滔 Item=express Test=2
(17:10:37) 判错理由：输出与答案不同。
(17:10:37) 详细信息：
"D:\已整理\express.out"的文件长度小于"D:\已整理\express.ans"。

(17:10:37) Person=胡益滔 Item=express Test=3
(17:10:37) 判错理由：输出与答案不同。
(17:10:37) 详细信息：
"D:\已整理\express.out"的文件长度小于"D:\已整理\express.ans"。

(17:10:37) Person=胡益滔 Item=express Test=4
(17:10:37) 判错理由：输出与答案不同。
(17:10:37) 详细信息：
"D:\已整理\express.out"的文件长度小于"D:\已整理\express.ans"。

(17:10:37) Person=胡益滔 Item=express Test=5
(17:10:37) 判错理由：输出与答案不同。
(17:10:37) 详细信息：
"D:\已整理\express.out"的文件长度小于"D:\已整理\express.ans"。

(17:10:37) Person=胡益滔 Item=express Test=6
(17:10:37) 判错理由：输出与答案不同。
(17:10:37) 详细信息：
"D:\已整理\express.out"的文件长度小于"D:\已整理\express.ans"。

(17:10:37) Person=胡益滔 Item=express Test=7
(17:10:37) 判错理由：输出与答案不同。
(17:10:37) 详细信息：
"D:\已整理\express.out"的文件长度小于"D:\已整理\express.ans"。

(17:10:37) Person=胡益滔 Item=express Test=8
(17:10:37) 判错理由：输出与答案不同。
(17:10:37) 详细信息：
"D:\已整理\express.out"的文件长度小于"D:\已整理\express.ans"。

(17:10:37) Person=胡益滔 Item=express Test=9
(17:10:37) 判错理由：输出与答案不同。
(17:10:37) 详细信息：
"D:\已整理\express.out"的文件长度小于"D:\已整理\express.ans"。

(17:10:37) Person=胡益滔 Item=express Test=10
(17:10:37) 判错理由：输出与答案不同。
(17:10:37) 详细信息：
"D:\已整理\express.out"的文件长度小于"D:\已整理\express.ans"。

(17:10:41) Person=蒋哲君 Item=divide Test=10
(17:10:41) 判错理由：运行超时。
(17:10:41) 程序返回值：259
(17:10:41) 程序返回信息：
运行超时。


(17:10:43) Person=蒋哲君 Item=engzam Test=6
(17:10:43) 判错理由：Runtime-Error.
(17:10:43) 程序返回值：3
(17:10:43) 程序返回信息：

This application has requested the Runtime to terminate it in an unusual way.
Please contact the application's support team for more information.


(17:10:43) Person=蒋哲君 Item=engzam Test=7
(17:10:43) 判错理由：Runtime-Error.
(17:10:43) 程序返回值：3
(17:10:43) 程序返回信息：

This application has requested the Runtime to terminate it in an unusual way.
Please contact the application's support team for more information.


(17:10:43) Person=蒋哲君 Item=engzam Test=8
(17:10:43) 判错理由：Runtime-Error.
(17:10:43) 程序返回值：3
(17:10:43) 程序返回信息：

This application has requested the Runtime to terminate it in an unusual way.
Please contact the application's support team for more information.


(17:10:43) Person=蒋哲君 Item=engzam Test=9
(17:10:43) 判错理由：Runtime-Error.
(17:10:43) 程序返回值：3
(17:10:43) 程序返回信息：

This application has requested the Runtime to terminate it in an unusual way.
Please contact the application's support team for more information.


(17:10:43) Person=蒋哲君 Item=engzam Test=10
(17:10:43) 判错理由：Runtime-Error.
(17:10:43) 程序返回值：3
(17:10:43) 程序返回信息：

This application has requested the Runtime to terminate it in an unusual way.
Please contact the application's support team for more information.


(17:10:44) Person=蒋哲君 Item=express Test=1
(17:10:44) 判错理由：输出与答案不同。
(17:10:44) 详细信息：
发现不同：
****express.out
...10
...
****express.ans
...9
...
****

(17:10:44) Person=蒋哲君 Item=express Test=2
(17:10:44) 判错理由：输出与答案不同。
(17:10:44) 详细信息：
发现不同：
****express.out
...-1
6
5
10
-1
4
3
7
1
...
****express.ans
...-1
6
5
10
-1
4
3
6
1
...
****

(17:10:44) Person=蒋哲君 Item=express Test=3
(17:10:44) 判错理由：输出与答案不同。
(17:10:44) 详细信息：
发现不同：
****express.out
...7
7
12
21
4
7
18
5
10...
****express.ans
...6
7
12
16
4
7
16
5
6
...
****

(17:10:44) Person=蒋哲君 Item=express Test=4
(17:10:44) 判错理由：输出与答案不同。
(17:10:44) 详细信息：
发现不同：
****express.out
...6
9
10
5
-1
4
12
8
-1...
****express.ans
...6
9
7
5
-1
4
9
7
-1
6...
****

(17:10:44) Person=蒋哲君 Item=express Test=5
(17:10:44) 判错理由：输出与答案不同。
(17:10:44) 详细信息：
发现不同：
****express.out
...12
8
6
0
12
11
10
12
9...
****express.ans
...9
6
6
0
12
11
10
10
9...
****

(17:10:44) Person=蒋哲君 Item=express Test=6
(17:10:44) 判错理由：输出与答案不同。
(17:10:44) 详细信息：
发现不同：
****express.out
...9
11
8
30
9
13
7
7
4
...
****express.ans
...9
11
6
28
8
12
7
7
4
...
****

(17:10:45) Person=蒋哲君 Item=express Test=7
(17:10:45) 判错理由：输出与答案不同。
(17:10:45) 详细信息：
发现不同：
****express.out
...-1
-1
-1
10
8
-1
-1
-1...
****express.ans
...-1
-1
-1
8
8
-1
-1
-1
...
****

(17:10:45) Person=蒋哲君 Item=express Test=8
(17:10:45) 判错理由：输出与答案不同。
(17:10:45) 详细信息：
发现不同：
****express.out
...
-1
11
14
-1
-1
-1
7
-1...
****express.ans
...
-1
10
14
-1
-1
-1
7
-1...
****

(17:10:45) Person=蒋哲君 Item=express Test=9
(17:10:45) 判错理由：输出与答案不同。
(17:10:45) 详细信息：
发现不同：
****express.out
...6
13
7
2
13
6
12
12
7...
****express.ans
...6
13
7
2
13
6
10
12
7...
****

(17:10:45) Person=蒋哲君 Item=express Test=10
(17:10:45) 判错理由：输出与答案不同。
(17:10:45) 详细信息：
发现不同：
****express.out
...12
8
10
12
8
-1
-1
-1
...
****express.ans
...12
6
7
12
8
-1
-1
-1
9...
****

(17:10:47) Person=赵凯明 Item=bag Test=8
(17:10:47) 判错理由：运行超时。
(17:10:47) 程序返回值：259
(17:10:47) 程序返回信息：
运行超时。


(17:10:48) Person=赵凯明 Item=bag Test=9
(17:10:48) 判错理由：运行超时。
(17:10:48) 程序返回值：259
(17:10:48) 程序返回信息：
运行超时。


(17:10:49) Person=赵凯明 Item=bag Test=10
(17:10:49) 判错理由：运行超时。
(17:10:49) 程序返回值：259
(17:10:49) 程序返回信息：
运行超时。


(17:10:50) Person=赵凯明 Item=divide Test=1
(17:10:50) 判错理由：Runtime-Error.
(17:10:50) 程序返回值：202
(17:10:50) 程序返回信息：


(17:10:54) Person=赵凯明 Item=divide Test=3
(17:10:54) 判错理由：运行超时。
(17:10:54) 程序返回值：259
(17:10:54) 程序返回信息：
运行超时。


(17:10:54) Person=赵凯明 Item=divide Test=4
(17:10:54) 判错理由：Runtime-Error.
(17:10:54) 程序返回值：202
(17:10:54) 程序返回信息：


(17:10:58) Person=赵凯明 Item=divide Test=5
(17:10:58) 判错理由：运行超时。
(17:10:58) 程序返回值：259
(17:10:58) 程序返回信息：
运行超时。


(17:10:58) Person=赵凯明 Item=divide Test=6
(17:10:58) 判错理由：Runtime-Error.
(17:10:58) 程序返回值：202
(17:10:58) 程序返回信息：


(17:10:58) Person=赵凯明 Item=divide Test=7
(17:10:58) 判错理由：Runtime-Error.
(17:10:58) 程序返回值：202
(17:10:58) 程序返回信息：


(17:10:58) Person=赵凯明 Item=divide Test=8
(17:10:58) 判错理由：Runtime-Error.
(17:10:58) 程序返回值：202
(17:10:58) 程序返回信息：


(17:10:58) Person=赵凯明 Item=divide Test=9
(17:10:58) 判错理由：Runtime-Error.
(17:10:58) 程序返回值：202
(17:10:58) 程序返回信息：


(17:10:58) Person=赵凯明 Item=divide Test=10
(17:10:58) 判错理由：Runtime-Error.
(17:10:58) 程序返回值：202
(17:10:58) 程序返回信息：


(17:10:58) Person=赵凯明 Item=engzam
(17:10:58) 判错理由：未找到有效的源文件。

(17:10:58) Person=赵凯明 Item=express
(17:10:58) 判错理由：未找到有效的源文件。

(17:11:00) Person=鄢俊乐 Item=divide Test=1
(17:11:00) 判错理由：输出与答案不同。
(17:11:00) 详细信息：
发现不同：
****divide.out
...200025
...
****divide.ans
...100049
...
****

(17:11:01) Person=鄢俊乐 Item=divide Test=2
(17:11:01) 判错理由：输出与答案不同。
(17:11:01) 详细信息：
发现不同：
****divide.out
...316640
...
****divide.ans
...50
...
****

(17:11:01) Person=鄢俊乐 Item=divide Test=3
(17:11:01) 判错理由：输出与答案不同。
(17:11:01) 详细信息：
发现不同：
****divide.out
...45
...
****divide.ans
...13
...
****

(17:11:01) Person=鄢俊乐 Item=divide Test=4
(17:11:01) 判错理由：输出与答案不同。
(17:11:01) 详细信息：
发现不同：
****divide.out
...3890
...
****divide.ans
...3197
...
****

(17:11:01) Person=鄢俊乐 Item=divide Test=5
(17:11:01) 判错理由：输出与答案不同。
(17:11:01) 详细信息：
发现不同：
****divide.out
...143186
...
****divide.ans
...125900
...
****

(17:11:01) Person=鄢俊乐 Item=divide Test=6
(17:11:01) 判错理由：输出与答案不同。
(17:11:01) 详细信息：
发现不同：
****divide.out
...0
...
****divide.ans
...97298596
...
****

(17:11:01) Person=鄢俊乐 Item=divide Test=7
(17:11:01) 判错理由：输出与答案不同。
(17:11:01) 详细信息：
发现不同：
****divide.out
...29529542
...
****divide.ans
...35445334
...
****

(17:11:01) Person=鄢俊乐 Item=divide Test=8
(17:11:01) 判错理由：输出与答案不同。
(17:11:01) 详细信息：
发现不同：
****divide.out
...3041240
...
****divide.ans
...2297771
...
****

(17:11:01) Person=鄢俊乐 Item=divide Test=9
(17:11:01) 判错理由：输出与答案不同。
(17:11:01) 详细信息：
发现不同：
****divide.out
...6879317
...
****divide.ans
...6162571
...
****

(17:11:01) Person=鄢俊乐 Item=divide Test=10
(17:11:01) 判错理由：输出与答案不同。
(17:11:01) 详细信息：
发现不同：
****divide.out
...1025069426
...
****divide.ans
...876021335
...
****

(17:11:02) Person=鄢俊乐 Item=engzam Test=1
(17:11:02) 判错理由：Runtime-Error.
(17:11:02) 程序返回值：106
(17:11:02) 程序返回信息：


(17:11:02) Person=鄢俊乐 Item=engzam Test=4
(17:11:02) 判错理由：Runtime-Error.
(17:11:02) 程序返回值：106
(17:11:02) 程序返回信息：


(17:11:02) Person=鄢俊乐 Item=engzam Test=6
(17:11:02) 判错理由：Runtime-Error.
(17:11:02) 程序返回值：106
(17:11:02) 程序返回信息：


(17:11:02) Person=鄢俊乐 Item=engzam Test=8
(17:11:02) 判错理由：Runtime-Error.
(17:11:02) 程序返回值：106
(17:11:02) 程序返回信息：


(17:11:02) Person=鄢俊乐 Item=engzam Test=9
(17:11:02) 判错理由：Runtime-Error.
(17:11:02) 程序返回值：106
(17:11:02) 程序返回信息：


(17:11:02) Person=鄢俊乐 Item=engzam Test=10
(17:11:02) 判错理由：Runtime-Error.
(17:11:02) 程序返回值：106
(17:11:02) 程序返回信息：


(17:11:03) Person=鄢俊乐 Item=express Test=1
(17:11:03) 判错理由：输出与答案不同。
(17:11:03) 详细信息：
发现不同：
****express.out
...-1
...
****express.ans
...9
...
****

(17:11:03) Person=鄢俊乐 Item=express Test=2
(17:11:03) 判错理由：输出与答案不同。
(17:11:03) 详细信息：
发现不同：
****express.out
...-1
-1
-1
-1
-1
-1
-1
-1...
****express.ans
...-1
6
5
10
-1
4
3
6
1
...
****

(17:11:03) Person=鄢俊乐 Item=express Test=3
(17:11:03) 判错理由：输出与答案不同。
(17:11:03) 详细信息：
发现不同：
****express.out
...-1
-1
-1
-1
-1
-1
-1
-1...
****express.ans
...6
7
12
16
4
7
16
5
6
...
****

(17:11:03) Person=鄢俊乐 Item=express Test=4
(17:11:03) 判错理由：输出与答案不同。
(17:11:03) 详细信息：
发现不同：
****express.out
...-1
-1
-1
-1
-1
-1
-1
-1...
****express.ans
...6
9
7
5
-1
4
9
7
-1
6...
****

(17:11:03) Person=鄢俊乐 Item=express Test=5
(17:11:03) 判错理由：输出与答案不同。
(17:11:03) 详细信息：
发现不同：
****express.out
...-1
-1
-1
-1
-1
-1
-1
-1...
****express.ans
...9
6
6
0
12
11
10
10
9...
****

(17:11:03) Person=鄢俊乐 Item=express Test=6
(17:11:03) 判错理由：输出与答案不同。
(17:11:03) 详细信息：
发现不同：
****express.out
...-1
-1
-1
-1
-1
-1
-1
-1...
****express.ans
...9
11
6
28
8
12
7
7
4
...
****

(17:11:03) Person=鄢俊乐 Item=express Test=7
(17:11:03) 判错理由：输出与答案不同。
(17:11:03) 详细信息：
发现不同：
****express.out
...-1
-1
-1
-1
-1
-1
-1
-1...
****express.ans
...-1
-1
-1
8
8
-1
-1
-1
...
****

(17:11:03) Person=鄢俊乐 Item=express Test=8
(17:11:03) 判错理由：输出与答案不同。
(17:11:03) 详细信息：
发现不同：
****express.out
...-1
-1
-1
-1
-1
-1
-1
-1...
****express.ans
...8
-1
-1
-1
-1
11
-1
12...
****

(17:11:04) Person=鄢俊乐 Item=express Test=9
(17:11:04) 判错理由：输出与答案不同。
(17:11:04) 详细信息：
发现不同：
****express.out
...-1
-1
-1
-1
-1
-1
-1
-1...
****express.ans
...6
13
7
2
13
6
10
12
7...
****

(17:11:04) Person=鄢俊乐 Item=express Test=10
(17:11:04) 判错理由：输出与答案不同。
(17:11:04) 详细信息：
发现不同：
****express.out
...-1
-1
-1
-1
-1
-1
-1
-1...
****express.ans
...12
6
7
12
8
-1
-1
-1
9...
****

(17:11:06) Person=陈中天 Item=bag Test=8
(17:11:06) 判错理由：Runtime-Error.
(17:11:06) 程序返回值：-1073741819
(17:11:06) 程序返回信息：


(17:11:06) Person=陈中天 Item=bag Test=9
(17:11:06) 判错理由：Runtime-Error.
(17:11:06) 程序返回值：-1073741819
(17:11:06) 程序返回信息：


(17:11:07) Person=陈中天 Item=bag Test=10
(17:11:07) 判错理由：Runtime-Error.
(17:11:07) 程序返回值：-1073741819
(17:11:07) 程序返回信息：


(17:11:09) Person=陈中天 Item=divide Test=10
(17:11:09) 判错理由：运行超时。
(17:11:09) 程序返回值：259
(17:11:09) 程序返回信息：
运行超时。


(17:11:12) Person=陈中天 Item=engzam Test=9
(17:11:12) 判错理由：Runtime-Error.
(17:11:12) 程序返回值：-1073741819
(17:11:12) 程序返回信息：


(17:11:12) Person=陈中天 Item=engzam Test=10
(17:11:12) 判错理由：Runtime-Error.
(17:11:12) 程序返回值：-1073741819
(17:11:12) 程序返回信息：


(17:11:12) Person=陈中天 Item=express
(17:11:12) 判错理由：未找到有效的源文件。

(17:11:13) Person=陈爽 Item=bag Test=2
(17:11:13) 判错理由：运行超时。
(17:11:13) 程序返回值：259
(17:11:13) 程序返回信息：
运行超时。


(17:11:14) Person=陈爽 Item=bag Test=3
(17:11:14) 判错理由：运行超时。
(17:11:14) 程序返回值：259
(17:11:14) 程序返回信息：
运行超时。


(17:11:15) Person=陈爽 Item=bag Test=4
(17:11:15) 判错理由：运行超时。
(17:11:15) 程序返回值：259
(17:11:15) 程序返回信息：
运行超时。


(17:11:15) Person=陈爽 Item=bag Test=5
(17:11:15) 判错理由：Runtime-Error.
(17:11:15) 程序返回值：202
(17:11:15) 程序返回信息：


(17:11:16) Person=陈爽 Item=bag Test=6
(17:11:16) 判错理由：运行超时。
(17:11:16) 程序返回值：259
(17:11:16) 程序返回信息：
运行超时。


(17:11:17) Person=陈爽 Item=bag Test=7
(17:11:17) 判错理由：运行超时。
(17:11:17) 程序返回值：259
(17:11:17) 程序返回信息：
运行超时。


(17:11:18) Person=陈爽 Item=bag Test=8
(17:11:18) 判错理由：运行超时。
(17:11:18) 程序返回值：259
(17:11:18) 程序返回信息：
运行超时。


(17:11:19) Person=陈爽 Item=bag Test=9
(17:11:19) 判错理由：运行超时。
(17:11:19) 程序返回值：259
(17:11:19) 程序返回信息：
运行超时。


(17:11:21) Person=陈爽 Item=bag Test=10
(17:11:21) 判错理由：运行超时。
(17:11:21) 程序返回值：259
(17:11:21) 程序返回信息：
运行超时。


(17:11:23) Person=陈爽 Item=divide Test=10
(17:11:23) 判错理由：运行超时。
(17:11:23) 程序返回值：259
(17:11:23) 程序返回信息：
运行超时。


(17:11:25) Person=陈爽 Item=express
(17:11:25) 判错理由：未找到有效的源文件。

(17:11:28) Person=陈硕飞 Item=bag Test=9
(17:11:28) 判错理由：运行超时。
(17:11:28) 程序返回值：259
(17:11:28) 程序返回信息：
运行超时。


(17:11:29) Person=陈硕飞 Item=bag Test=10
(17:11:29) 判错理由：运行超时。
(17:11:29) 程序返回值：259
(17:11:29) 程序返回信息：
运行超时。


(17:11:31) Person=陈硕飞 Item=divide Test=10
(17:11:31) 判错理由：运行超时。
(17:11:31) 程序返回值：259
(17:11:31) 程序返回信息：
运行超时。


(17:11:38) Person=陈硕飞 Item=engzam Test=9
(17:11:38) 判错理由：运行超时。
(17:11:38) 程序返回值：259
(17:11:38) 程序返回信息：
运行超时。


(17:11:41) Person=陈硕飞 Item=engzam Test=10
(17:11:41) 判错理由：运行超时。
(17:11:41) 程序返回值：259
(17:11:41) 程序返回信息：
运行超时。


(17:11:41) Person=陈硕飞 Item=express
(17:11:41) 判错理由：未找到有效的源文件。

(17:11:44) Person=韩希之 Item=divide Test=4
(17:11:44) 判错理由：输出与答案不同。
(17:11:44) 详细信息：
发现不同：
****divide.out
...2197
...
****divide.ans
...3197
...
****

(17:11:44) Person=韩希之 Item=divide Test=5
(17:11:44) 判错理由：输出与答案不同。
(17:11:44) 详细信息：
发现不同：
****divide.out
...79183
...
****divide.ans
...125900
...
****

(17:11:44) Person=韩希之 Item=divide Test=7
(17:11:44) 判错理由：输出与答案不同。
(17:11:44) 详细信息：
发现不同：
****divide.out
...11060325
...
****divide.ans
...35445334
...
****

(17:11:44) Person=韩希之 Item=divide Test=8
(17:11:44) 判错理由：输出与答案不同。
(17:11:44) 详细信息：
发现不同：
****divide.out
...49578
...
****divide.ans
...2297771
...
****

(17:11:45) Person=韩希之 Item=divide Test=9
(17:11:45) 判错理由：输出与答案不同。
(17:11:45) 详细信息：
发现不同：
****divide.out
...239650
...
****divide.ans
...6162571
...
****

(17:11:45) Person=韩希之 Item=divide Test=10
(17:11:45) 判错理由：运行超时。
(17:11:45) 程序返回值：259
(17:11:45) 程序返回信息：
运行超时。


(17:11:50) Person=韩希之 Item=engzam Test=6
(17:11:50) 判错理由：运行超时。
(17:11:50) 程序返回值：259
(17:11:50) 程序返回信息：
运行超时。


(17:11:53) Person=韩希之 Item=engzam Test=7
(17:11:53) 判错理由：运行超时。
(17:11:53) 程序返回值：259
(17:11:53) 程序返回信息：
运行超时。


(17:11:56) Person=韩希之 Item=engzam Test=8
(17:11:56) 判错理由：运行超时。
(17:11:56) 程序返回值：259
(17:11:56) 程序返回信息：
运行超时。


(17:11:59) Person=韩希之 Item=engzam Test=9
(17:11:59) 判错理由：运行超时。
(17:11:59) 程序返回值：259
(17:11:59) 程序返回信息：
运行超时。


(17:12:02) Person=韩希之 Item=engzam Test=10
(17:12:02) 判错理由：运行超时。
(17:12:02) 程序返回值：259
(17:12:02) 程序返回信息：
运行超时。


(17:12:03) Person=韩希之 Item=express Test=2
(17:12:03) 判错理由：输出与答案不同。
(17:12:03) 详细信息：
发现不同：
****express.out
...-1
6
5
10
-1
4
3
7
1
...
****express.ans
...-1
6
5
10
-1
4
3
6
1
...
****

(17:12:03) Person=韩希之 Item=express Test=3
(17:12:03) 判错理由：输出与答案不同。
(17:12:03) 详细信息：
发现不同：
****express.out
...6
7
13
21
4
8
19
5
10...
****express.ans
...6
7
12
16
4
7
16
5
6
...
****

(17:12:03) Person=韩希之 Item=express Test=4
(17:12:03) 判错理由：输出与答案不同。
(17:12:03) 详细信息：
发现不同：
****express.out
...8
9
12
5
-1
4
13
8
-1...
****express.ans
...6
9
7
5
-1
4
9
7
-1
6...
****

(17:12:03) Person=韩希之 Item=express Test=5
(17:12:03) 判错理由：输出与答案不同。
(17:12:03) 详细信息：
发现不同：
****express.out
...11
8
6
0
13
15
10
12
9...
****express.ans
...9
6
6
0
12
11
10
10
9...
****

(17:12:03) Person=韩希之 Item=express Test=6
(17:12:03) 判错理由：输出与答案不同。
(17:12:03) 详细信息：
发现不同：
****express.out
...9
11
8
30
11
16
7
7
4...
****express.ans
...9
11
6
28
8
12
7
7
4
...
****

(17:12:03) Person=韩希之 Item=express Test=7
(17:12:03) 判错理由：输出与答案不同。
(17:12:03) 详细信息：
发现不同：
****express.out
...
11
-1
-1
-1
9
15
-1
10...
****express.ans
...
9
-1
-1
-1
8
8
-1
9
-...
****

(17:12:04) Person=韩希之 Item=express Test=8
(17:12:04) 判错理由：输出与答案不同。
(17:12:04) 详细信息：
发现不同：
****express.out
...8
-1
-1
-1
-1
14
-1
12...
****express.ans
...8
-1
-1
-1
-1
11
-1
12...
****

(17:12:04) Person=韩希之 Item=express Test=9
(17:12:04) 判错理由：输出与答案不同。
(17:12:04) 详细信息：
发现不同：
****express.out
...6
13
7
2
13
6
14
12
7...
****express.ans
...6
13
7
2
13
6
10
12
7...
****

(17:12:04) Person=韩希之 Item=express Test=10
(17:12:04) 判错理由：输出与答案不同。
(17:12:04) 详细信息：
发现不同：
****express.out
...15
6
10
13
8
-1
-1
-1
...
****express.ans
...12
6
7
12
8
-1
-1
-1
9...
****

(17:12:05) Person=高胜寒 Item=bag Test=2
(17:12:05) 判错理由：输出与答案不同。
(17:12:05) 详细信息：
发现不同：
****bag.out
...120
...
****bag.ans
...348
...
****

(17:12:05) Person=高胜寒 Item=bag Test=3
(17:12:05) 判错理由：输出与答案不同。
(17:12:05) 详细信息：
发现不同：
****bag.out
...285
...
****bag.ans
...295
...
****

(17:12:05) Person=高胜寒 Item=bag Test=4
(17:12:05) 判错理由：输出与答案不同。
(17:12:05) 详细信息：
发现不同：
****bag.out
...55
...
****bag.ans
...772
...
****

(17:12:06) Person=高胜寒 Item=bag Test=5
(17:12:06) 判错理由：运行超时。
(17:12:06) 程序返回值：259
(17:12:06) 程序返回信息：
运行超时。


(17:12:07) Person=高胜寒 Item=bag Test=6
(17:12:07) 判错理由：运行超时。
(17:12:07) 程序返回值：259
(17:12:07) 程序返回信息：
运行超时。


(17:12:08) Person=高胜寒 Item=bag Test=7
(17:12:08) 判错理由：运行超时。
(17:12:08) 程序返回值：259
(17:12:08) 程序返回信息：
运行超时。


(17:12:09) Person=高胜寒 Item=bag Test=8
(17:12:09) 判错理由：运行超时。
(17:12:09) 程序返回值：259
(17:12:09) 程序返回信息：
运行超时。


(17:12:10) Person=高胜寒 Item=bag Test=9
(17:12:10) 判错理由：运行超时。
(17:12:10) 程序返回值：259
(17:12:10) 程序返回信息：
运行超时。


(17:12:11) Person=高胜寒 Item=bag Test=10
(17:12:11) 判错理由：运行超时。
(17:12:11) 程序返回值：259
(17:12:11) 程序返回信息：
运行超时。


(17:12:19) Person=高胜寒 Item=divide Test=9
(17:12:19) 判错理由：运行超时。
(17:12:19) 程序返回值：259
(17:12:19) 程序返回信息：
运行超时。


(17:12:19) Person=高胜寒 Item=divide Test=10
(17:12:19) 判错理由：运行超时。
(17:12:19) 程序返回值：259
(17:12:19) 程序返回信息：
运行超时。


(17:12:20) Person=高胜寒 Item=engzam Test=6
(17:12:20) 判错理由：Runtime-Error.
(17:12:20) 程序返回值：-1073741571
(17:12:20) 程序返回信息：


(17:12:20) Person=高胜寒 Item=engzam Test=7
(17:12:20) 判错理由：Runtime-Error.
(17:12:20) 程序返回值：-1073741571
(17:12:20) 程序返回信息：


(17:12:20) Person=高胜寒 Item=engzam Test=8
(17:12:20) 判错理由：Runtime-Error.
(17:12:20) 程序返回值：-1073741571
(17:12:20) 程序返回信息：


(17:12:20) Person=高胜寒 Item=engzam Test=9
(17:12:20) 判错理由：Runtime-Error.
(17:12:20) 程序返回值：-1073741571
(17:12:20) 程序返回信息：


(17:12:21) Person=高胜寒 Item=engzam Test=10
(17:12:21) 判错理由：Runtime-Error.
(17:12:21) 程序返回值：-1073741571
(17:12:21) 程序返回信息：


(17:12:21) Person=高胜寒 Item=express
(17:12:21) 判错理由：未找到有效的源文件。
